[1] "####################################"
[1] "############# K = 10 #############"
[1] "####################################"
[1] "########## topic 1 ##############"
[1] "##### top positive words:"
[1] "method"   "proposed" "based"    "also"     "models"   "can"      "model"   
[8] "data"    
[1] "##### top negative words:"
[1] "health"    "lasso"     "cancer"    "mortality" "trends"    "hazards"  
[7] "national"  "incidence"
[1] "##### top document titles:"
[1] "Goodness of fit for generalized linear latent variables models"                                                                   
[2] "A reexamination of diffusion estimators with applications to financial model validation"                                          
[3] "Empirical-likelihood-based inference in missing response problems and its application in observational studies"                   
[4] "Equivalence between conditional and mixture approaches to the {R}asch model and matched case-control studies, with applications"  
[5] "Fast stable restricted maximum likelihood and marginal likelihood estimation of semiparametric generalized linear models"         
[6] "High-dimensionality effects in the {M}arkowitz problem and other quadratic programs with linear constraints: risk underestimation"
[7] "Generalized functional linear models"                                                                                             
[8] "Robust, adaptive functional regression in functional mixed model framework"                                                       
[1] "########## topic 2 ##############"
[1] "##### top positive words:"
[1] "regression"     "semiparametric" "proposed"       "time"          
[5] "studies"        "model"          "survival"       "data"          
[1] "##### top negative words:"
[1] "problem"       "series"        "space"         "approximation"
[5] "optimal"       "causal"        "number"        "order"        
[1] "##### top document titles:"
[1] "Competing risks quantile regression"                                                                                                         
[2] "Specifying and implementing nonparametric and semiparametric survival estimators in two-stage (nested) cohort studies with missing case data"
[3] "A class of semiparametric mixture cure survival models with dependent censoring"                                                             
[4] "Joint modeling and estimation for recurrent event processes and failure time data"                                                           
[5] "Semiparametric failure time regression with replicates of mismeasured covariates"                                                            
[6] "Semiparametric marginal regression analysis for dependent competing risks under an assumed copula"                                           
[7] "Individual prediction in prostate cancer studies using a joint longitudinal survival-cure model"                                             
[8] "Maximum likelihood estimations and {EM} algorithms with length-biased data"                                                                  
[1] "########## topic 3 ##############"
[1] "##### top positive words:"
[1] "variable"   "penalized"  "regression" "oracle"     "penalty"   
[6] "lasso"      "sparse"     "selection" 
[1] "##### top negative words:"
[1] "distribution"  "test"          "tests"         "asymptotic"   
[5] "distributions" "statistics"    "inference"     "variance"     
[1] "##### top document titles:"
[1] "Adapting to unknown sparsity by controlling the false discovery rate"                    
[2] "Empirical {B}ayes selection of wavelet thresholds"                                       
[3] "Needles and straw in haystacks: empirical {B}ayes estimates of possibly sparse sequences"
[4] "Sparsistency and rates of convergence in large covariance matrix estimation"             
[5] "Nuclear-norm penalization and optimal rates for noisy low-rank matrix completion"        
[6] "The composite absolute penalties family for grouped and hierarchical variable selection" 
[7] "Oracle inequalities and optimal inference under group sparsity"                          
[8] "Nearly unbiased variable selection under minimax concave penalty"                        
[1] "########## topic 4 ##############"
[1] "##### top positive words:"
[1] "using"     "algorithm" "posterior" "bayesian"  "monte"     "carlo"    
[7] "markov"    "chain"    
[1] "##### top negative words:"
[1] "estimators"     "asymptotic"     "tests"          "test"          
[5] "empirical"      "estimator"      "confidence"     "asymptotically"
[1] "##### top document titles:"
[1] "Consistency of {M}arkov chain quasi-{M}onte {C}arlo on continuous state spaces"                       
[2] "Markov chain {M}onte {C}arlo methods for high dimensional inversion in remote sensing"                
[3] "Optimal strategies for a class of sequential control problems with precedence relations"              
[4] "Efficient construction of reversible jump {M}arkov chain {M}onte {C}arlo proposal distributions"      
[5] "Statistical inference for discretely observed {M}arkov jump processes"                                
[6] "Optimal {B}ayesian design by inhomogeneous {M}arkov chain simulation"                                 
[7] "Population-based reversible jump {M}arkov chain {M}onte {C}arlo"                                      
[8] "Geometric ergodicity of van {D}yk and {M}eng's algorithm for the multivariate {S}tudent's {$t$} model"
[1] "########## topic 5 ##############"
[1] "##### top positive words:"
[1] "edges"     "graphical" "variables" "causal"    "graphs"    "acyclic"  
[7] "graph"     "directed" 
[1] "##### top negative words:"
[1] "regression"   "posterior"    "carlo"        "estimator"    "monte"       
[6] "simulation"   "functions"    "hierarchical"
[1] "##### top document titles:"
[1] "Graphical identifiability criteria for causal effects in studies with an unobserved treatment/response variable"
[2] "Wishart distributions for decomposable graphs"                                                                  
[3] "Matrix representations and independencies in directed acyclic graphs"                                           
[4] "Characterizing {M}arkov equivalence classes for {AMP} chain graph models"                                       
[5] "Signed directed acyclic graphs for causal inference"                                                            
[6] "Uniform consistency in causal inference"                                                                        
[7] "The intrinsic distribution and selection bias of long-period cometary orbits"                                   
[8] "Penalized likelihood methods for estimation of sparse high-dimensional directed acyclic graphs"                 
[1] "########## topic 6 ##############"
[1] "##### top positive words:"
[1] "parameter"     "models"        "class"         "distributions"
[5] "posterior"     "prior"         "bayesian"      "priors"       
[1] "##### top negative words:"
[1] "asymptotic" "estimators" "method"     "simulation" "statistics"
[6] "test"       "estimator"  "time"      
[1] "##### top document titles:"
[1] "Posterior propriety and admissibility of hyperpriors in normal hierarchical models"
[2] "Mixtures of {$g$} priors for {B}ayesian variable selection"                        
[3] "Prior distributions from pseudo-likelihoods in the presence of nuisance parameters"
[4] "Shrinkage priors for {B}ayesian prediction"                                        
[5] "Fully {B}ayesian spline smoothing and intrinsic autoregressive priors"             
[6] "Consistency of {B}ayes estimators of a binary regression function"                 
[7] "Extending conventional priors for testing general hypotheses in linear models"     
[8] "Objective {B}ayesian analysis for the {S}tudent-{$t$} regression model"            
[1] "########## topic 7 ##############"
[1] "##### top positive words:"
[1] "statistical" "bayesian"    "time"        "health"      "article"    
[6] "using"       "model"       "data"       
[1] "##### top negative words:"
[1] "asymptotic"     "estimator"      "estimators"     "function"      
[5] "asymptotically" "paper"          "likelihood"     "convergence"   
[1] "##### top document titles:"
[1] "How much does the far future matter? {A} hierarchical {B}ayesian analysis of the public's willingness to mitigate ecological impacts of climate change"
[2] "Modeling hazard rates as functional data for the analysis of cohort lifetables and mortality forecasting"                                              
[3] "Modeling reporting delays and reporting corrections in cancer registry data"                                                                           
[4] "Improved semiparametric time series models of air pollution and mortality"                                                                             
[5] "Statistics: the next generation"                                                                                                                       
[6] "Bayesian spatial quantile regression"                                                                                                                  
[7] "Modeling spatiotemporal forest health monitoring data"                                                                                                 
[8] "An approach to the estimation of chronic air pollution effects using spatio-temporal information"                                                      
[1] "########## topic 8 ##############"
[1] "##### top positive words:"
[1] "procedure"  "control"    "hypotheses" "multiple"   "testing"   
[6] "rate"       "discovery"  "false"     
[1] "##### top negative words:"
[1] "models"        "estimation"    "regression"    "likelihood"   
[5] "estimator"     "nonparametric" "estimators"    "dimension"    
[1] "##### top document titles:"
[1] "A stochastic process approach to false discovery control"                
[2] "Balanced control of generalized error rates"                             
[3] "Adapting to unknown sparsity by controlling the false discovery rate"    
[4] "Generalizing {S}imes' test and {H}ochberg's stepup procedure"            
[5] "Adaptive linear step-up procedures that control the false discovery rate"
[6] "On the performance of {FDR} control: constraints and a partial solution" 
[7] "False discovery rate for scanning statistics"                            
[8] "Control of generalized error rates in multiple testing"                  
[1] "########## topic 9 ##############"
[1] "##### top positive words:"
[1] "outcomes"   "clinical"   "causal"     "effects"    "trial"     
[6] "effect"     "randomized" "treatment" 
[1] "##### top negative words:"
[1] "asymptotic" "spatial"    "real"       "density"    "processes" 
[6] "local"      "gaussian"   "functional"
[1] "##### top document titles:"
[1] "Causal inference in hybrid intervention trials involving treatment choice"                                    
[2] "Does finasteride affect the severity of prostate cancer? {A} causal sensitivity analysis"                     
[3] "Aberrant effects of treatment"                                                                                
[4] "Semiparametric estimation and inference for distributional and general treatment effects"                     
[5] "Design sensitivity and efficiency in observational studies"                                                   
[6] "Longitudinal nested compliance class model in the presence of time-varying noncompliance"                     
[7] "Sensitivity analyses comparing time-to-event outcomes existing only in a subset selected postrandomization"   
[8] "Randomization inference with imperfect compliance in the {ACE}-inhibitor after anthracycline randomized trial"
[1] "########## topic 10 ##############"
[1] "##### top positive words:"
[1] "cancer"     "biological" "analysis"   "microarray" "data"      
[6] "genes"      "expression" "gene"      
[1] "##### top negative words:"
[1] "fdr"           "estimator"     "paper"         "point"        
[5] "distributions" "within"        "error"         "density"      
[1] "##### top document titles:"
[1] "Inference for quantitation parameters in polymerase chain reactions via branching processes with random effects"          
[2] "High-dimensional {ODE}s coupled with mixed-effects modeling techniques for dynamic gene regulatory network identification"
[3] "Modeling three-dimensional chromosome structures using gene expression data"                                              
[4] "Predicting viral infection from high-dimensional biomarker trajectories"                                                  
[5] "Local smoothing image segmentation for spotted microarray images"                                                         
[6] "Quality control and robust estimation for c{DNA} microarrays with replicates"                                             
[7] "Variable selection in regression mixture modeling for the discovery of gene regulatory networks"                          
[8] "Bayesian modeling of {MPSS} data: gene expression analysis of bovine {\\it {S}almonella} infection"                       
