[1] "####################################"
[1] "############# K = 30 #############"
[1] "####################################"
[1] "########## topic 1 ##############"
[1] "##### top positive words:"
[1] "estimators" "estimation" "models"     "can"        "data"      
[6] "proposed"   "model"      "asymptotic"
[1] "##### top negative words:"
[1] "health"       "hierarchical" "cancer"       "uncertainty"  "patterns"    
[6] "temporal"     "disease"      "age"         
[1] "##### top document titles:"
[1] "High-dimensionality effects in the {M}arkowitz problem and other quadratic programs with linear constraints: risk underestimation"
[2] "Approximately unbiased tests of regions using multistep-multiscale bootstrap resampling"                                          
[3] "Empirical-likelihood-based inference in missing response problems and its application in observational studies"                   
[4] "Fitting an error distribution in some heteroscedastic time series models"                                                         
[5] "Local rank inference for varying coefficient models"                                                                              
[6] "The {EFM} approach for single-index models"                                                                                       
[7] "Fast stable restricted maximum likelihood and marginal likelihood estimation of semiparametric generalized linear models"         
[8] "Generalized functional linear models"                                                                                             
[1] "########## topic 2 ##############"
[1] "##### top positive words:"
[1] "failure"      "hazards"      "proportional" "studies"      "time"        
[6] "model"        "data"         "survival"    
[1] "##### top negative words:"
[1] "problem"       "series"        "selection"     "number"       
[5] "space"         "approximation" "simulated"     "optimal"      
[1] "##### top document titles:"
[1] "Nonparametric association analysis of bivariate competing-risks data"                                                                        
[2] "Semiparametric marginal regression analysis for dependent competing risks under an assumed copula"                                           
[3] "A class of semiparametric mixture cure survival models with dependent censoring"                                                             
[4] "Semiparametric failure time regression with replicates of mismeasured covariates"                                                            
[5] "Joint modeling and estimation for recurrent event processes and failure time data"                                                           
[6] "Individual prediction in prostate cancer studies using a joint longitudinal survival-cure model"                                             
[7] "Specifying and implementing nonparametric and semiparametric survival estimators in two-stage (nested) cohort studies with missing case data"
[8] "Maximum likelihood estimations and {EM} algorithms with length-biased data"                                                                  
[1] "########## topic 3 ##############"
[1] "##### top positive words:"
[1] "coefficients" "algorithm"    "linear"       "method"       "regression"  
[6] "variable"     "selection"    "lasso"       
[1] "##### top negative words:"
[1] "functions"    "minimax"      "density"      "function"     "white"       
[6] "asymptotic"   "distribution" "test"        
[1] "##### top document titles:"
[1] "The group {L}asso for logistic regression"                                           
[2] "Degrees of freedom in lasso problems"                                                
[3] "Efficient empirical {B}ayes variable selection and estimation in linear models"      
[4] "The sparsity and bias of the {LASSO} selection in high-dimensional linear regression"
[5] "Variable inclusion and shrinkage algorithms"                                         
[6] "Oracle inequalities and optimal inference under group sparsity"                      
[7] "Variable selection in nonparametric additive models"                                 
[8] "The adaptive lasso and its oracle properties"                                        
[1] "########## topic 4 ##############"
[1] "##### top positive words:"
[1] "using"     "posterior" "algorithm" "bayesian"  "monte"     "carlo"    
[7] "markov"    "chain"    
[1] "##### top negative words:"
[1] "estimators" "useful"     "tests"      "test"       "empirical" 
[6] "studies"    "confidence" "asymptotic"
[1] "##### top document titles:"
[1] "Consistency of {M}arkov chain quasi-{M}onte {C}arlo on continuous state spaces"                       
[2] "Markov chain {M}onte {C}arlo methods for high dimensional inversion in remote sensing"                
[3] "Optimal strategies for a class of sequential control problems with precedence relations"              
[4] "Efficient construction of reversible jump {M}arkov chain {M}onte {C}arlo proposal distributions"      
[5] "Statistical inference for discretely observed {M}arkov jump processes"                                
[6] "Optimal {B}ayesian design by inhomogeneous {M}arkov chain simulation"                                 
[7] "Population-based reversible jump {M}arkov chain {M}onte {C}arlo"                                      
[8] "Geometric ergodicity of van {D}yk and {M}eng's algorithm for the multivariate {S}tudent's {$t$} model"
[1] "########## topic 5 ##############"
[1] "##### top positive words:"
[1] "edges"     "graphical" "variables" "causal"    "graphs"    "acyclic"  
[7] "graph"     "directed" 
[1] "##### top negative words:"
[1] "regression"   "posterior"    "carlo"        "estimator"    "monte"       
[6] "simulation"   "hierarchical" "functions"   
[1] "##### top document titles:"
[1] "Graphical identifiability criteria for causal effects in studies with an unobserved treatment/response variable"
[2] "Wishart distributions for decomposable graphs"                                                                  
[3] "Matrix representations and independencies in directed acyclic graphs"                                           
[4] "Characterizing {M}arkov equivalence classes for {AMP} chain graph models"                                       
[5] "Signed directed acyclic graphs for causal inference"                                                            
[6] "Uniform consistency in causal inference"                                                                        
[7] "The intrinsic distribution and selection bias of long-period cometary orbits"                                   
[8] "Penalized likelihood methods for estimation of sparse high-dimensional directed acyclic graphs"                 
[1] "########## topic 6 ##############"
[1] "##### top positive words:"
[1] "parameter"     "models"        "class"         "distributions"
[5] "posterior"     "prior"         "bayesian"      "priors"       
[1] "##### top negative words:"
[1] "asymptotic" "method"     "estimators" "simulation" "time"      
[6] "statistics" "propose"    "test"      
[1] "##### top document titles:"
[1] "Posterior propriety and admissibility of hyperpriors in normal hierarchical models"
[2] "Mixtures of {$g$} priors for {B}ayesian variable selection"                        
[3] "Prior distributions from pseudo-likelihoods in the presence of nuisance parameters"
[4] "Shrinkage priors for {B}ayesian prediction"                                        
[5] "Fully {B}ayesian spline smoothing and intrinsic autoregressive priors"             
[6] "Consistency of {B}ayes estimators of a binary regression function"                 
[7] "Extending conventional priors for testing general hypotheses in linear models"     
[8] "Objective {B}ayesian analysis for the {S}tudent-{$t$} regression model"            
[1] "########## topic 7 ##############"
[1] "##### top positive words:"
[1] "wide"         "smoothness"   "range"        "balls"        "thresholding"
[6] "adaptive"     "wavelet"      "besov"       
[1] "##### top negative words:"
[1] "nonasymptotic" "matrix"        "order"         "learning"     
[5] "covariance"    "used"          "form"          "convex"       
[1] "##### top document titles:"
[1] "Wavelet threshold estimation for additive regression models"                      
[2] "Optimal adaptive estimation of a quadratic functional"                            
[3] "Functional deconvolution in a periodic setting: uniform case"                     
[4] "A data-driven block thresholding approach to wavelet estimation"                  
[5] "Parametric modelling of thresholds across scales in wavelet regression"           
[6] "Empirical {B}ayes selection of wavelet thresholds"                                
[7] "A complement to {L}e {C}am's theorem"                                             
[8] "General empirical {B}ayes wavelet methods and exactly adaptive minimax estimation"
[1] "########## topic 8 ##############"
[1] "##### top positive words:"
[1] "confounding" "spatial"     "existing"    "sensitivity" "mortality"  
[6] "effects"     "air"         "pollution"  
[1] "##### top negative words:"
[1] "analysis"     "show"         "sample"       "properties"   "online"      
[6] "general"      "hierarchical" "paper"       
[1] "##### top document titles:"
[1] "Confidence sets for split points in decision trees"                                              
[2] "Modeling nonstationary processes through dimension expansion"                                    
[3] "A conditional approach for multivariate extreme values"                                          
[4] "A multiple-index model and dimension reduction"                                                  
[5] "Model checking in regression via dimension reduction"                                            
[6] "Directional rates of change under spatial process models"                                        
[7] "An approach to the estimation of chronic air pollution effects using spatio-temporal information"
[8] "Improved semiparametric time series models of air pollution and mortality"                       
[1] "########## topic 9 ##############"
[1] "##### top positive words:"
[1] "model"         "probabilistic" "accurate"      "probability"  
[5] "predictions"   "forecast"      "forecasting"   "forecasts"    
[1] "##### top negative words:"
[1] "hierarchical" "particular"   "analysis"     "may"          "regression"  
[6] "inference"    "variance"     "recent"      
[1] "##### top document titles:"
[1] "Combining probability forecasts"                                                                                 
[2] "Calibrated probabilistic forecasting at the stateline wind energy center: the regime-switching space-time method"
[3] "Strictly proper scoring rules, prediction, and estimation"                                                       
[4] "How useful is bagging in forecasting economic time series? {A} case study of {U}.{S}. consumer price inflation"  
[5] "Probabilistic weather forecasting for winter road maintenance"                                                   
[6] "Cost (or price) forecasting in the face of technological advance"                                                
[7] "Probabilistic forecasts, calibration and sharpness"                                                              
[8] "Forecast uncertainties in macroeconomic modeling: an application to the {U}.{K}.\\ economy"                      
[1] "########## topic 10 ##############"
[1] "##### top positive words:"
[1] "program"      "results"      "end"          "epidemiology" "detecting"   
[6] "detection"    "cancer"       "surveillance"
[1] "##### top negative words:"
[1] "air"         "studies"     "interest"    "methodology" "however"    
[6] "often"       "parameters"  "estimate"   
[1] "##### top document titles:"
[1] "Nonparametric estimation of the probability of illness in the illness-death model under cross-sectional sampling"                                                   
[2] "Detection of an anomalous cluster in a network"                                                                                                                     
[3] "Mixture cure survival models with dependent censoring"                                                                                                              
[4] "Bayesian analysis of cancer rates from {SEER} program using parametric and semiparametric joinpoint regression models"                                              
[5] "Weighted normal spatial scan statistic for heterogeneous population data"                                                                                           
[6] "Combining information from two surveys to estimate county-level prevalence rates of cancer risk factors and screening"                                              
[7] "Surveillance strategies for detecting changepoint in incidence rate based on exponentially weighted moving average methods"                                         
[8] "Bayesian estimation and prediction for inhomogeneous spatiotemporal log-{G}aussian {C}ox processes using low-rank models, with application to criminal surveillance"
[1] "########## topic 11 ##############"
[1] "##### top positive words:"
[1] "exchange"      "highfrequency" "data"          "stochastic"   
[5] "processes"     "financial"     "time"          "volatility"   
[1] "##### top negative words:"
[1] "distribution" "forecast"     "posterior"    "variable"     "probability" 
[6] "response"     "error"        "finite"      
[1] "##### top document titles:"
[1] "Inference for stochastic volatility models using time change transformations"       
[2] "Statistical inference for time-inhomogeneous volatility models"                     
[3] "Semiparametric {B}ayesian modeling of income volatility heterogeneity"              
[4] "Multi-scale jump and volatility analysis for high-frequency financial data"         
[5] "Localized realized volatility modeling"                                             
[6] "Multiscale local change point detection with applications to value-at-risk"         
[7] "A {H}aar-{F}isz technique for locally stationary volatility estimation"             
[8] "Vast volatility matrix estimation using high-frequency data for portfolio selection"
[1] "########## topic 12 ##############"
[1] "##### top positive words:"
[1] "rates"       "optimal"     "bounds"      "convergence" "risk"       
[6] "noise"       "rate"        "minimax"    
[1] "##### top negative words:"
[1] "data"       "proposed"   "simulation" "models"     "methods"   
[6] "likelihood" "article"    "tests"     
[1] "##### top document titles:"
[1] "Empirical {B}ayes selection of wavelet thresholds"                                       
[2] "The {D}antzig selector: statistical estimation when {$p$} is much larger than {$n$}"     
[3] "Noisy matrix decomposition via convex relaxation: optimal rates in high dimensions"      
[4] "Oracle inequalities and optimal inference under group sparsity"                          
[5] "Estimation of high-dimensional low-rank matrices"                                        
[6] "Nuclear-norm penalization and optimal rates for noisy low-rank matrix completion"        
[7] "Needles and straw in haystacks: empirical {B}ayes estimates of possibly sparse sequences"
[8] "Adapting to unknown sparsity by controlling the false discovery rate"                    
[1] "########## topic 13 ##############"
[1] "##### top positive words:"
[1] "counts"      "discrete"    "marginal"    "sampling"    "loglinear"  
[6] "table"       "tables"      "contingency"
[1] "##### top negative words:"
[1] "simulation"    "asymptotic"    "regression"    "nonparametric"
[5] "performance"   "random"        "error"         "process"      
[1] "##### top document titles:"
[1] "Binary models for marginal independence"                                                                                
[2] "Model determination for categorical data with factor level merging"                                                     
[3] "Testing dependence among serially correlated multicategory variables"                                                   
[4] "Assessing robustness of intrinsic tests of independence in two-way contingency tables"                                  
[5] "Limited- and full-information estimation and goodness-of-fit testing in {$2^n$} contingency tables: a unified framework"
[6] "Multinomial-{P}oisson homogeneous models for contingency tables"                                                        
[7] "Bayes factors and the geometry of discrete hierarchical loglinear models"                                               
[8] "Sequential importance sampling for multiway tables"                                                                     
[1] "########## topic 14 ##############"
[1] "##### top positive words:"
[1] "used"       "method"     "values"     "variance"   "imputed"   
[6] "multiple"   "missing"    "imputation"
[1] "##### top negative words:"
[1] "time"       "asymptotic" "conditions" "number"     "test"      
[6] "properties" "tests"      "associated"
[1] "##### top document titles:"
[1] "Multiple imputation of missing income data in the {N}ational {H}ealth interview survey"                        
[2] "On balanced random imputation in surveys"                                                                      
[3] "Calibrated imputation in surveys under a quasi-model-assisted approach"                                        
[4] "Multiple edit/multiple imputation for multivariate continuous data"                                            
[5] "Multiple imputation when records used for imputation are not used or disseminated for analysis"                
[6] "A unified approach to linearization variance estimation from survey data after imputation for item nonresponse"
[7] "Efficient and doubly robust imputation for covariate-dependent missing responses"                              
[8] "Fractional hot deck imputation"                                                                                
[1] "########## topic 15 ##############"
[1] "##### top positive words:"
[1] "average"    "robust"     "correctly"  "regression" "covariates"
[6] "can"        "score"      "propensity"
[1] "##### top negative words:"
[1] "adjustment"    "adjusted"      "randomized"    "exposure"     
[5] "trial"         "adjusting"     "randomization" "design"       
[1] "##### top document titles:"
[1] "Evaluating kindergarten retention policy: a case study of causal inference for multilevel observational data"              
[2] "Can nonrandomized experiments yield accurate answers? {A} randomized experiment comparing random and nonrandom assignments"
[3] "A note on overadjustment in inverse probability weighted estimation"                                                       
[4] "Improving efficiency and robustness of the doubly robust estimator for a population mean with incomplete data"             
[5] "Marginal and nested structural models using instrumental variables"                                                        
[6] "Causal inference with general treatment regimes: generalizing the propensity score"                                        
[7] "Efficient and doubly robust imputation for covariate-dependent missing responses"                                          
[8] "The prognostic analogue of the propensity score"                                                                           
[1] "########## topic 16 ##############"
[1] "##### top positive words:"
[1] "causal"     "assumption" "placebo"    "effects"    "within"    
[6] "randomized" "treatment"  "compliance"
[1] "##### top negative words:"
[1] "design"      "randomly"    "test"        "statistical" "used"       
[6] "several"     "covariate"   "evidence"   
[1] "##### top document titles:"
[1] "Randomization inference in a group-randomized trial of treatments for depression: covariate adjustment, noncompliance, and quantile effects"
[2] "A {B}ayesian semiparametric approach to intermediate variables in causal inference"                                                         
[3] "Estimating the effect of treatment in a proportional hazards model in the presence of non-compliance and contamination"                     
[4] "Longitudinal nested compliance class model in the presence of time-varying noncompliance"                                                   
[5] "Modeling partial compliance through copulas in a principal stratification framework"                                                        
[6] "Principal stratification for causal inference with extended partial compliance"                                                             
[7] "Randomization inference with imperfect compliance in the {ACE}-inhibitor after anthracycline randomized trial"                              
[8] "Structural mean effects of noncompliance: estimating interaction with baseline prognosis and selection effects"                             
[1] "########## topic 17 ##############"
[1] "##### top positive words:"
[1] "including"   "depends"     "patterns"    "incomplete"  "mechanism"  
[6] "covariates"  "missing"     "missingdata"
[1] "##### top negative words:"
[1] "imputed"    "score"      "estimation" "asymptotic" "paper"     
[6] "number"     "interest"   "variance"  
[1] "##### top document titles:"
[1] "The multiple adaptations of multiple imputation"                                                                                           
[2] "Efficient and doubly robust imputation for covariate-dependent missing responses"                                                          
[3] "Weighted estimators for proportional hazards regression with missing covariates"                                                           
[4] "A note on semiparametric efficient inference for two-stage outcome-dependent sampling with a continuous outcome"                           
[5] "Nonparametric and semiparametric models for missing covariates in parametric regression"                                                   
[6] "A {B}ayesian approach for clustered longitudinal ordinal outcome with nonignorable missing data: evaluation of an asthma education program"
[7] "Exact and approximate inferences for nonlinear mixed-effects models with missing covariates"                                               
[8] "Model selection criteria for missing-data problems using the {EM} algorithm"                                                               
[1] "########## topic 18 ##############"
[1] "##### top positive words:"
[1] "adjust"      "valid"       "association" "outcome"     "describe"   
[6] "effect"      "exposure"    "confounders"
[1] "##### top negative words:"
[1] "covariate"  "correctly"  "balance"    "assignment" "specified" 
[6] "asymptotic" "methods"    "random"    
[1] "##### top document titles:"
[1] "Semiparametric tests for sufficient cause interaction"                                                          
[2] "An approach to the estimation of chronic air pollution effects using spatio-temporal information"               
[3] "On protected estimation of an odds ratio model with missing binary exposure and confounders"                    
[4] "Criteria for surrogate end points based on causal distributions"                                                
[5] "Estimation of controlled direct effects"                                                                        
[6] "Estimation of controlled direct effects on a dichotomous outcome using logistic structural direct effect models"
[7] "Adjustment uncertainty in effect estimation"                                                                    
[8] "Adjustment for missing confounders using external validation data and propensity scores"                        
[1] "########## topic 19 ##############"
[1] "##### top positive words:"
[1] "effect"       "individuals"  "event"        "regardless"   "transmission"
[6] "efficacy"     "infection"    "vaccine"     
[1] "##### top negative words:"
[1] "treatments"    "observational" "patients"      "design"       
[5] "patient"       "function"      "studies"       "distribution" 
[1] "##### top document titles:"
[1] "Stochastic multitype epidemics in a community of households: estimation of threshold parameter {$R_*$} and secure vaccination coverage"  
[2] "Assessing the effect of selection at the amino acid level in malaria antigen sequences through {B}ayesian generalized linear models"     
[3] "Proportional hazards models with continuous marks"                                                                                       
[4] "Estimating vaccine efficacy from secondary attack rates"                                                                                 
[5] "Sensitivity analyses comparing time-to-event outcomes existing only in a subset selected postrandomization"                              
[6] "Semiparametric estimation of treatment effects given base-line covariates on an outcome measured after a post-randomization event occurs"
[7] "Estimating vaccine efficacy from small outbreaks"                                                                                        
[8] "Causal vaccine effects on binary postinfection outcomes"                                                                                 
[1] "########## topic 20 ##############"
[1] "##### top positive words:"
[1] "models"   "article"  "can"      "approach" "analysis" "using"    "model"   
[8] "data"    
[1] "##### top negative words:"
[1] "estimator"      "asymptotic"     "estimators"     "asymptotically"
[5] "consistent"     "normal"         "likelihood"     "null"          
[1] "##### top document titles:"
[1] "Mapping ancient forests: {B}ayesian inference for spatio-temporal trends in forest composition using the fossil pollen proxy record"
[2] "A spatio-temporal model for mean, anomaly, and trend fields of {N}orth {A}tlantic sea surface temperature"                          
[3] "Analysis of contaminant co-occurrence in community water systems"                                                                   
[4] "Modeling spatiotemporal forest health monitoring data"                                                                              
[5] "Bayesian spatial quantile regression"                                                                                               
[6] "Using wavelet-based functional mixed models to characterize population heterogeneity in accelerometer profiles: a case study"       
[7] "Spatiotemporal models for region of interest analyses of functional neuroimaging data"                                              
[8] "Statistics: the next generation"                                                                                                    
[1] "########## topic 21 ##############"
[1] "##### top positive words:"
[1] "procedure"  "control"    "hypotheses" "multiple"   "testing"   
[6] "rate"       "discovery"  "false"     
[1] "##### top negative words:"
[1] "models"        "estimation"    "regression"    "likelihood"   
[5] "nonparametric" "estimator"     "dimension"     "estimators"   
[1] "##### top document titles:"
[1] "A stochastic process approach to false discovery control"                
[2] "Balanced control of generalized error rates"                             
[3] "Adapting to unknown sparsity by controlling the false discovery rate"    
[4] "Generalizing {S}imes' test and {H}ochberg's stepup procedure"            
[5] "Adaptive linear step-up procedures that control the false discovery rate"
[6] "On the performance of {FDR} control: constraints and a partial solution" 
[7] "False discovery rate for scanning statistics"                            
[8] "Control of generalized error rates in multiple testing"                  
[1] "########## topic 22 ##############"
[1] "##### top positive words:"
[1] "causal"     "treatments" "outcomes"   "outcome"    "effect"    
[6] "effects"    "randomized" "treatment" 
[1] "##### top negative words:"
[1] "models"        "process"       "spatial"       "computational"
[5] "modeling"      "functional"    "real"          "processes"    
[1] "##### top document titles:"
[1] "Interference between units in randomized experiments"                                                                          
[2] "Chronic disease prevention research methods and their reliability, with illustrations from the {W}omen's {H}ealth {I}nitiative"
[3] "Evidence factors in observational studies"                                                                                     
[4] "Aberrant effects of treatment"                                                                                                 
[5] "War and wages: the strength of instrumental variables and their sensitivity to unobserved biases"                              
[6] "Sensitivity analysis for equivalence and difference in an observational study of neonatal intensive care units"                
[7] "Causal inference in hybrid intervention trials involving treatment choice"                                                     
[8] "Design sensitivity and efficiency in observational studies"                                                                    
[1] "########## topic 23 ##############"
[1] "##### top positive words:"
[1] "cancer"     "biological" "analysis"   "data"       "microarray"
[6] "genes"      "expression" "gene"      
[1] "##### top negative words:"
[1] "within"        "trial"         "fdr"           "point"        
[5] "spatial"       "paper"         "distributions" "less"         
[1] "##### top document titles:"
[1] "Inference for quantitation parameters in polymerase chain reactions via branching processes with random effects"          
[2] "High-dimensional {ODE}s coupled with mixed-effects modeling techniques for dynamic gene regulatory network identification"
[3] "Modeling three-dimensional chromosome structures using gene expression data"                                              
[4] "Predicting viral infection from high-dimensional biomarker trajectories"                                                  
[5] "Local smoothing image segmentation for spotted microarray images"                                                         
[6] "Quality control and robust estimation for c{DNA} microarrays with replicates"                                             
[7] "Variable selection in regression mixture modeling for the discovery of gene regulatory networks"                          
[8] "Bayesian modeling of {MPSS} data: gene expression analysis of bovine {\\it {S}almonella} infection"                       
[1] "########## topic 24 ##############"
[1] "##### top positive words:"
[1] "particular"     "theoretical"    "margin"         "however"       
[5] "performance"    "classifier"     "classification" "classifiers"   
[1] "##### top negative words:"
[1] "model"      "models"     "simulation" "asymptotic" "likelihood"
[6] "mean"       "estimators" "variance"  
[1] "##### top document titles:"
[1] "Incorporating prior probabilities into high-dimensional classifiers"                                          
[2] "On the {B}ayes-risk consistency of regularized boosting methods"                                              
[3] "Theoretical measures of relative performance of classifiers for high dimensional data with small sample sizes"
[4] "Optimal aggregation of classifiers in statistical learning"                                                   
[5] "Robust model-free multiclass probability estimation"                                                          
[6] "Fast learning rates for plug-in classifiers"                                                                  
[7] "Scale adjustments for classifiers in high-dimensional, low sample size settings"                              
[8] "Hard or soft classification? {L}arge-margin unified machines"                                                 
[1] "########## topic 25 ##############"
[1] "##### top positive words:"
[1] "size"         "sample"       "principal"    "matrices"     "eigenvectors"
[6] "covariance"   "matrix"       "eigenvalues" 
[1] "##### top negative words:"
[1] "models"     "procedure"  "given"      "error"      "linear"    
[6] "model"      "study"      "regression"
[1] "##### top document titles:"
[1] "Large volatility matrix inference via combining low-frequency and high-frequency approaches"    
[2] "Consistency of restricted maximum likelihood estimators of principal components"                
[3] "Statistical analysis of diffusion tensors in diffusion-weighted magnetic resonance imaging data"
[4] "Semiparametric estimation of multivariate fractional cointegration"                             
[5] "Group comparison of eigenvalues and eigenvectors of diffusion tensors"                          
[6] "On properties of functional principal components analysis"                                      
[7] "Statistical eigen-inference from large {W}ishart matrices"                                      
[8] "Spectrum estimation for large dimensional covariance matrices using random matrix theory"       
[1] "########## topic 26 ##############"
[1] "##### top positive words:"
[1] "endpoint"   "sequential" "studies"    "treatment"  "trials"    
[6] "patients"   "trial"      "clinical"  
[1] "##### top negative words:"
[1] "observational" "randomly"      "spatial"       "exposure"     
[5] "cox"           "experiments"   "uncertainty"   "cumulative"   
[1] "##### top document titles:"
[1] "Immigrated urn models---theoretical properties and applications"                                                                        
[2] "Cross-calibration of stroke disability measures: {B}ayesian analysis of longitudinal ordinal categorical data using negative dependence"
[3] "Sequential monitoring of response-adaptive randomized clinical trials"                                                                  
[4] "Optimal adaptive randomized designs for clinical trials"                                                                                
[5] "Phase 2 and 3 combination designs to accelerate drug development"                                                                       
[6] "Optimal partitioning for linear mixed effects models: applications to identifying placebo responders"                                   
[7] "Analysis of time-to-event data with incomplete event adjudication"                                                                      
[8] "Estimating treatment effects with treatment switching via semicompeting risks models: an application to a colorectal cancer study"      
[1] "########## topic 27 ##############"
[1] "##### top positive words:"
[1] "identify"   "statistics" "studies"    "subjects"   "images"    
[6] "functional" "brain"      "imaging"   
[1] "##### top negative words:"
[1] "general"    "often"      "models"     "sample"     "particular"
[6] "parametric" "use"        "case"      
[1] "##### top document titles:"
[1] "Accounting for spatial dependence in the analysis of {SPECT} brain imaging data"                                 
[2] "Efficient independent component analysis"                                                                        
[3] "Regression models for identifying noise sources in magnetic resonance images"                                    
[4] "Semiparametric detection of significant activation for brain f{MRI}"                                             
[5] "A case study in pharmacologic colon imaging using principal curves in single-photon emission computed tomography"
[6] "Meta analysis of functional neuroimaging data via {B}ayesian spatial point processes"                            
[7] "Multiscale adaptive regression models for neuroimaging data"                                                     
[8] "Regularized reconstruction of wave height and slope fields from refracted images of water"                       
[1] "########## topic 28 ##############"
[1] "##### top positive words:"
[1] "estimator"  "health"     "national"   "sampling"   "surveys"   
[6] "sample"     "population" "survey"    
[1] "##### top negative words:"
[1] "time"          "studies"       "paper"         "analysis"     
[5] "component"     "examples"      "approximation" "one"          
[1] "##### top document titles:"
[1] "Using calibration weighting to adjust for nonresponse under a plausible model"                                                                         
[2] "Imputing risk tolerance from survey responses"                                                                                                         
[3] "Multivariate regression analysis for the item count technique"                                                                                         
[4] "Small area estimation when auxiliary information is measured with error"                                                                               
[5] "How much does the far future matter? {A} hierarchical {B}ayesian analysis of the public's willingness to mitigate ecological impacts of climate change"
[6] "Combining information from two surveys to estimate county-level prevalence rates of cancer risk factors and screening"                                 
[7] "Combining data from two independent surveys: a model-assisted approach"                                                                                
[8] "Small area estimates for cross-classifications"                                                                                                        
[1] "########## topic 29 ##############"
[1] "##### top positive words:"
[1] "population"   "mechanism"    "participants" "adjust"       "association" 
[6] "adjusting"    "adjusted"     "adjustment"  
[1] "##### top negative words:"
[1] "unmeasured"   "analysis"     "sensitivity"  "procedure"    "intermediate"
[6] "design"       "consistency"  "exposures"   
[1] "##### top document titles:"
[1] "Marginal and nested structural models using instrumental variables"                                                        
[2] "Causal inference with general treatment regimes: generalizing the propensity score"                                        
[3] "Efficient and doubly robust imputation for covariate-dependent missing responses"                                          
[4] "Full matching in an observational study of coaching for the {SAT}"                                                         
[5] "Empirical-likelihood-based difference-in-differences estimators"                                                           
[6] "Regression and weighting methods for causal inference using instrumental variables"                                        
[7] "Can nonrandomized experiments yield accurate answers? {A} randomized experiment comparing random and nonrandom assignments"
[8] "The prognostic analogue of the propensity score"                                                                           
[1] "########## topic 30 ##############"
[1] "##### top positive words:"
[1] "population"   "mapping"      "certain"      "conditional"  "linkage"     
[6] "quantitative" "genetic"      "loci"        
[1] "##### top negative words:"
[1] "expression" "microarray" "results"    "parameter"  "large"     
[6] "procedure"  "mean"       "class"     
[1] "##### top document titles:"
[1] "A unified nonparametric approach for unbalanced factorial designs"                                                               
[2] "Bayesian methods for partial stochastic orderings"                                                                               
[3] "Determining inheritance distributions via stochastic penetrances"                                                                
[4] "A unified semiparametric framework for quantitative trait loci analyses, with application to spike phenotypes"                   
[5] "Logistic regression with {B}rownian-like predictors"                                                                             
[6] "Using {DNA} fingerprints to infer familial relationships within {NHANES} {III} households"                                       
[7] "Asymptotic estimation theory of multipoint linkage analysis under perfect marker information"                                    
[8] "A {B}ayesian hierarchical model for analysis of single-nucleotide polymorphisms diversity in multilocus, multipopulation samples"
