[1] "####################################"
[1] "############# K = 20 #############"
[1] "####################################"
[1] "########## topic 1 ##############"
[1] "##### top positive words:"
[1] "also"     "based"    "proposed" "method"   "models"   "can"      "model"   
[8] "data"    
[1] "##### top negative words:"
[1] "health"     "cancer"     "mortality"  "public"     "age"       
[6] "trends"     "prevention" "national"  
[1] "##### top document titles:"
[1] "Classical model selection via simulated annealing"                                                                                
[2] "The {EFM} approach for single-index models"                                                                                       
[3] "Equivalence between conditional and mixture approaches to the {R}asch model and matched case-control studies, with applications"  
[4] "High-dimensionality effects in the {M}arkowitz problem and other quadratic programs with linear constraints: risk underestimation"
[5] "Empirical-likelihood-based inference in missing response problems and its application in observational studies"                   
[6] "Robust, adaptive functional regression in functional mixed model framework"                                                       
[7] "Generalized functional linear models"                                                                                             
[8] "Fast stable restricted maximum likelihood and marginal likelihood estimation of semiparametric generalized linear models"         
[1] "########## topic 2 ##############"
[1] "##### top positive words:"
[1] "failure"      "hazards"      "proportional" "studies"      "time"        
[6] "model"        "data"         "survival"    
[1] "##### top negative words:"
[1] "problem"       "series"        "selection"     "number"       
[5] "space"         "approximation" "optimal"       "simulated"    
[1] "##### top document titles:"
[1] "Nonparametric association analysis of bivariate competing-risks data"                                                                        
[2] "Semiparametric marginal regression analysis for dependent competing risks under an assumed copula"                                           
[3] "A class of semiparametric mixture cure survival models with dependent censoring"                                                             
[4] "Joint modeling and estimation for recurrent event processes and failure time data"                                                           
[5] "Semiparametric failure time regression with replicates of mismeasured covariates"                                                            
[6] "Specifying and implementing nonparametric and semiparametric survival estimators in two-stage (nested) cohort studies with missing case data"
[7] "Individual prediction in prostate cancer studies using a joint longitudinal survival-cure model"                                             
[8] "Maximum likelihood estimations and {EM} algorithms with length-biased data"                                                                  
[1] "########## topic 3 ##############"
[1] "##### top positive words:"
[1] "coefficients" "algorithm"    "linear"       "method"       "regression"  
[6] "variable"     "selection"    "lasso"       
[1] "##### top negative words:"
[1] "functions"    "minimax"      "density"      "function"     "asymptotic"  
[6] "test"         "distribution" "white"       
[1] "##### top document titles:"
[1] "The group {L}asso for logistic regression"                                           
[2] "Degrees of freedom in lasso problems"                                                
[3] "Efficient empirical {B}ayes variable selection and estimation in linear models"      
[4] "The sparsity and bias of the {LASSO} selection in high-dimensional linear regression"
[5] "Variable inclusion and shrinkage algorithms"                                         
[6] "Oracle inequalities and optimal inference under group sparsity"                      
[7] "Variable selection in nonparametric additive models"                                 
[8] "The adaptive lasso and its oracle properties"                                        
[1] "########## topic 4 ##############"
[1] "##### top positive words:"
[1] "using"     "algorithm" "posterior" "bayesian"  "monte"     "carlo"    
[7] "markov"    "chain"    
[1] "##### top negative words:"
[1] "estimators" "tests"      "asymptotic" "test"       "empirical" 
[6] "estimator"  "confidence" "useful"    
[1] "##### top document titles:"
[1] "Consistency of {M}arkov chain quasi-{M}onte {C}arlo on continuous state spaces"                       
[2] "Markov chain {M}onte {C}arlo methods for high dimensional inversion in remote sensing"                
[3] "Optimal strategies for a class of sequential control problems with precedence relations"              
[4] "Efficient construction of reversible jump {M}arkov chain {M}onte {C}arlo proposal distributions"      
[5] "Statistical inference for discretely observed {M}arkov jump processes"                                
[6] "Optimal {B}ayesian design by inhomogeneous {M}arkov chain simulation"                                 
[7] "Population-based reversible jump {M}arkov chain {M}onte {C}arlo"                                      
[8] "Geometric ergodicity of van {D}yk and {M}eng's algorithm for the multivariate {S}tudent's {$t$} model"
[1] "########## topic 5 ##############"
[1] "##### top positive words:"
[1] "edges"     "graphical" "variables" "causal"    "graphs"    "acyclic"  
[7] "graph"     "directed" 
[1] "##### top negative words:"
[1] "regression"   "posterior"    "carlo"        "estimator"    "monte"       
[6] "simulation"   "functions"    "hierarchical"
[1] "##### top document titles:"
[1] "Graphical identifiability criteria for causal effects in studies with an unobserved treatment/response variable"
[2] "Wishart distributions for decomposable graphs"                                                                  
[3] "Matrix representations and independencies in directed acyclic graphs"                                           
[4] "Characterizing {M}arkov equivalence classes for {AMP} chain graph models"                                       
[5] "Signed directed acyclic graphs for causal inference"                                                            
[6] "Uniform consistency in causal inference"                                                                        
[7] "The intrinsic distribution and selection bias of long-period cometary orbits"                                   
[8] "Penalized likelihood methods for estimation of sparse high-dimensional directed acyclic graphs"                 
[1] "########## topic 6 ##############"
[1] "##### top positive words:"
[1] "parameter"     "models"        "class"         "distributions"
[5] "posterior"     "prior"         "bayesian"      "priors"       
[1] "##### top negative words:"
[1] "asymptotic" "estimators" "method"     "simulation" "estimator" 
[6] "error"      "test"       "statistics"
[1] "##### top document titles:"
[1] "Posterior propriety and admissibility of hyperpriors in normal hierarchical models"
[2] "Mixtures of {$g$} priors for {B}ayesian variable selection"                        
[3] "Prior distributions from pseudo-likelihoods in the presence of nuisance parameters"
[4] "Shrinkage priors for {B}ayesian prediction"                                        
[5] "Fully {B}ayesian spline smoothing and intrinsic autoregressive priors"             
[6] "Consistency of {B}ayes estimators of a binary regression function"                 
[7] "Extending conventional priors for testing general hypotheses in linear models"     
[8] "Objective {B}ayesian analysis for the {S}tudent-{$t$} regression model"            
[1] "########## topic 7 ##############"
[1] "##### top positive words:"
[1] "wide"         "smoothness"   "range"        "balls"        "thresholding"
[6] "adaptive"     "wavelet"      "besov"       
[1] "##### top negative words:"
[1] "nonasymptotic" "matrix"        "order"         "form"         
[5] "covariance"    "used"          "real"          "based"        
[1] "##### top document titles:"
[1] "Wavelet threshold estimation for additive regression models"                      
[2] "Optimal adaptive estimation of a quadratic functional"                            
[3] "Functional deconvolution in a periodic setting: uniform case"                     
[4] "A data-driven block thresholding approach to wavelet estimation"                  
[5] "Parametric modelling of thresholds across scales in wavelet regression"           
[6] "Empirical {B}ayes selection of wavelet thresholds"                                
[7] "A complement to {L}e {C}am's theorem"                                             
[8] "General empirical {B}ayes wavelet methods and exactly adaptive minimax estimation"
[1] "########## topic 8 ##############"
[1] "##### top positive words:"
[1] "spatial"     "confounding" "sensitivity" "effects"     "existing"   
[6] "mortality"   "air"         "pollution"  
[1] "##### top negative words:"
[1] "analysis"     "show"         "hierarchical" "states"       "properties"  
[6] "multiple"     "general"      "sample"      
[1] "##### top document titles:"
[1] "Confidence sets for split points in decision trees"                                              
[2] "Modeling nonstationary processes through dimension expansion"                                    
[3] "A conditional approach for multivariate extreme values"                                          
[4] "A multiple-index model and dimension reduction"                                                  
[5] "Model checking in regression via dimension reduction"                                            
[6] "Directional rates of change under spatial process models"                                        
[7] "An approach to the estimation of chronic air pollution effects using spatio-temporal information"
[8] "Improved semiparametric time series models of air pollution and mortality"                       
[1] "########## topic 9 ##############"
[1] "##### top positive words:"
[1] "accurate"      "probabilistic" "model"         "probability"  
[5] "predictions"   "forecast"      "forecasting"   "forecasts"    
[1] "##### top negative words:"
[1] "regression"   "hierarchical" "particular"   "may"          "variance"    
[6] "analysis"     "asymptotic"   "estimators"  
[1] "##### top document titles:"
[1] "Combining probability forecasts"                                                                                 
[2] "Calibrated probabilistic forecasting at the stateline wind energy center: the regime-switching space-time method"
[3] "Strictly proper scoring rules, prediction, and estimation"                                                       
[4] "How useful is bagging in forecasting economic time series? {A} case study of {U}.{S}. consumer price inflation"  
[5] "Probabilistic weather forecasting for winter road maintenance"                                                   
[6] "Cost (or price) forecasting in the face of technological advance"                                                
[7] "Probabilistic forecasts, calibration and sharpness"                                                              
[8] "Forecast uncertainties in macroeconomic modeling: an application to the {U}.{K}.\\ economy"                      
[1] "########## topic 10 ##############"
[1] "##### top positive words:"
[1] "program"      "results"      "end"          "epidemiology" "detecting"   
[6] "detection"    "cancer"       "surveillance"
[1] "##### top negative words:"
[1] "air"         "studies"     "however"     "estimate"    "interest"   
[6] "parameters"  "methodology" "asymptotic" 
[1] "##### top document titles:"
[1] "Nonparametric estimation of the probability of illness in the illness-death model under cross-sectional sampling"                                                   
[2] "Detection of an anomalous cluster in a network"                                                                                                                     
[3] "Mixture cure survival models with dependent censoring"                                                                                                              
[4] "Bayesian analysis of cancer rates from {SEER} program using parametric and semiparametric joinpoint regression models"                                              
[5] "Weighted normal spatial scan statistic for heterogeneous population data"                                                                                           
[6] "Combining information from two surveys to estimate county-level prevalence rates of cancer risk factors and screening"                                              
[7] "Surveillance strategies for detecting changepoint in incidence rate based on exponentially weighted moving average methods"                                         
[8] "Bayesian estimation and prediction for inhomogeneous spatiotemporal log-{G}aussian {C}ox processes using low-rank models, with application to criminal surveillance"
[1] "########## topic 11 ##############"
[1] "##### top positive words:"
[1] "exchange"      "highfrequency" "data"          "stochastic"   
[5] "processes"     "financial"     "time"          "volatility"   
[1] "##### top negative words:"
[1] "distribution" "forecast"     "posterior"    "variable"     "probability" 
[6] "response"     "error"        "finite"      
[1] "##### top document titles:"
[1] "Inference for stochastic volatility models using time change transformations"       
[2] "Statistical inference for time-inhomogeneous volatility models"                     
[3] "Semiparametric {B}ayesian modeling of income volatility heterogeneity"              
[4] "Multi-scale jump and volatility analysis for high-frequency financial data"         
[5] "Localized realized volatility modeling"                                             
[6] "Multiscale local change point detection with applications to value-at-risk"         
[7] "A {H}aar-{F}isz technique for locally stationary volatility estimation"             
[8] "Vast volatility matrix estimation using high-frequency data for portfolio selection"
[1] "########## topic 12 ##############"
[1] "##### top positive words:"
[1] "results"     "rates"       "bounds"      "convergence" "noise"      
[6] "risk"        "rate"        "minimax"    
[1] "##### top negative words:"
[1] "data"       "methods"    "proposed"   "simulation" "models"    
[6] "article"    "statistics" "inference" 
[1] "##### top document titles:"
[1] "Sparse recovery in convex hulls via entropy penalization"                                
[2] "The {D}antzig selector: statistical estimation when {$p$} is much larger than {$n$}"     
[3] "Noisy matrix decomposition via convex relaxation: optimal rates in high dimensions"      
[4] "Oracle inequalities and optimal inference under group sparsity"                          
[5] "Estimation of high-dimensional low-rank matrices"                                        
[6] "Nuclear-norm penalization and optimal rates for noisy low-rank matrix completion"        
[7] "Needles and straw in haystacks: empirical {B}ayes estimates of possibly sparse sequences"
[8] "Adapting to unknown sparsity by controlling the false discovery rate"                    
[1] "########## topic 13 ##############"
[1] "##### top positive words:"
[1] "counts"      "discrete"    "marginal"    "sampling"    "loglinear"  
[6] "table"       "tables"      "contingency"
[1] "##### top negative words:"
[1] "simulation"    "regression"    "asymptotic"    "nonparametric"
[5] "performance"   "random"        "case"          "process"      
[1] "##### top document titles:"
[1] "Binary models for marginal independence"                                                                                
[2] "Model determination for categorical data with factor level merging"                                                     
[3] "Testing dependence among serially correlated multicategory variables"                                                   
[4] "Assessing robustness of intrinsic tests of independence in two-way contingency tables"                                  
[5] "Limited- and full-information estimation and goodness-of-fit testing in {$2^n$} contingency tables: a unified framework"
[6] "Multinomial-{P}oisson homogeneous models for contingency tables"                                                        
[7] "Bayes factors and the geometry of discrete hierarchical loglinear models"                                               
[8] "Sequential importance sampling for multiway tables"                                                                     
[1] "########## topic 14 ##############"
[1] "##### top positive words:"
[1] "bayesian"    "approach"    "statistical" "analysis"    "article"    
[6] "using"       "model"       "data"       
[1] "##### top negative words:"
[1] "asymptotic"     "estimator"      "estimators"     "asymptotically"
[5] "function"       "likelihood"     "paper"          "consistent"    
[1] "##### top document titles:"
[1] "Using wavelet-based functional mixed models to characterize population heterogeneity in accelerometer profiles: a case study"                          
[2] "Spatio-temporal analysis of total nitrate concentrations using dynamic statistical models"                                                             
[3] "Spatiotemporal models for region of interest analyses of functional neuroimaging data"                                                                 
[4] "How much does the far future matter? {A} hierarchical {B}ayesian analysis of the public's willingness to mitigate ecological impacts of climate change"
[5] "Relating ambient particulate matter concentration levels to mortality using an exposure simulator"                                                     
[6] "Modeling spatiotemporal forest health monitoring data"                                                                                                 
[7] "Bayesian spatial quantile regression"                                                                                                                  
[8] "Statistics: the next generation"                                                                                                                       
[1] "########## topic 15 ##############"
[1] "##### top positive words:"
[1] "procedure"  "control"    "hypotheses" "multiple"   "testing"   
[6] "rate"       "discovery"  "false"     
[1] "##### top negative words:"
[1] "models"        "estimation"    "regression"    "likelihood"   
[5] "nonparametric" "estimator"     "estimators"    "dimension"    
[1] "##### top document titles:"
[1] "A stochastic process approach to false discovery control"                
[2] "Balanced control of generalized error rates"                             
[3] "Adapting to unknown sparsity by controlling the false discovery rate"    
[4] "Generalizing {S}imes' test and {H}ochberg's stepup procedure"            
[5] "Adaptive linear step-up procedures that control the false discovery rate"
[6] "On the performance of {FDR} control: constraints and a partial solution" 
[7] "False discovery rate for scanning statistics"                            
[8] "Control of generalized error rates in multiple testing"                  
[1] "########## topic 16 ##############"
[1] "##### top positive words:"
[1] "observational" "outcome"       "outcomes"      "causal"       
[5] "randomized"    "effects"       "effect"        "treatment"    
[1] "##### top negative words:"
[1] "asymptotic"    "spatial"       "functional"    "computational"
[5] "process"       "real"          "structure"     "generalized"  
[1] "##### top document titles:"
[1] "A distributional approach for causal inference using propensity scores"                                       
[2] "Aberrant effects of treatment"                                                                                
[3] "Causal inference in hybrid intervention trials involving treatment choice"                                    
[4] "Semiparametric estimation and inference for distributional and general treatment effects"                     
[5] "Sensitivity analyses comparing time-to-event outcomes existing only in a subset selected postrandomization"   
[6] "Longitudinal nested compliance class model in the presence of time-varying noncompliance"                     
[7] "Design sensitivity and efficiency in observational studies"                                                   
[8] "Randomization inference with imperfect compliance in the {ACE}-inhibitor after anthracycline randomized trial"
[1] "########## topic 17 ##############"
[1] "##### top positive words:"
[1] "cancer"     "biological" "analysis"   "data"       "microarray"
[6] "genes"      "expression" "gene"      
[1] "##### top negative words:"
[1] "fdr"           "trial"         "within"        "distributions"
[5] "paper"         "point"         "estimator"     "error"        
[1] "##### top document titles:"
[1] "Inference for quantitation parameters in polymerase chain reactions via branching processes with random effects"          
[2] "High-dimensional {ODE}s coupled with mixed-effects modeling techniques for dynamic gene regulatory network identification"
[3] "Modeling three-dimensional chromosome structures using gene expression data"                                              
[4] "Predicting viral infection from high-dimensional biomarker trajectories"                                                  
[5] "Local smoothing image segmentation for spotted microarray images"                                                         
[6] "Quality control and robust estimation for c{DNA} microarrays with replicates"                                             
[7] "Variable selection in regression mixture modeling for the discovery of gene regulatory networks"                          
[8] "Bayesian modeling of {MPSS} data: gene expression analysis of bovine {\\it {S}almonella} infection"                       
[1] "########## topic 18 ##############"
[1] "##### top positive words:"
[1] "theoretical"    "particular"     "margin"         "performance"   
[5] "however"        "classifier"     "classification" "classifiers"   
[1] "##### top negative words:"
[1] "model"      "models"     "simulation" "asymptotic" "likelihood"
[6] "mean"       "estimators" "variance"  
[1] "##### top document titles:"
[1] "Incorporating prior probabilities into high-dimensional classifiers"                                          
[2] "On the {B}ayes-risk consistency of regularized boosting methods"                                              
[3] "Theoretical measures of relative performance of classifiers for high dimensional data with small sample sizes"
[4] "Optimal aggregation of classifiers in statistical learning"                                                   
[5] "Robust model-free multiclass probability estimation"                                                          
[6] "Fast learning rates for plug-in classifiers"                                                                  
[7] "Scale adjustments for classifiers in high-dimensional, low sample size settings"                              
[8] "Hard or soft classification? {L}arge-margin unified machines"                                                 
[1] "########## topic 19 ##############"
[1] "##### top positive words:"
[1] "size"         "sample"       "principal"    "matrices"     "eigenvectors"
[6] "covariance"   "matrix"       "eigenvalues" 
[1] "##### top negative words:"
[1] "models"    "given"     "procedure" "error"     "model"     "using"    
[7] "linear"    "study"    
[1] "##### top document titles:"
[1] "Large volatility matrix inference via combining low-frequency and high-frequency approaches"    
[2] "Consistency of restricted maximum likelihood estimators of principal components"                
[3] "Statistical analysis of diffusion tensors in diffusion-weighted magnetic resonance imaging data"
[4] "Semiparametric estimation of multivariate fractional cointegration"                             
[5] "Group comparison of eigenvalues and eigenvectors of diffusion tensors"                          
[6] "On properties of functional principal components analysis"                                      
[7] "Statistical eigen-inference from large {W}ishart matrices"                                      
[8] "Spectrum estimation for large dimensional covariance matrices using random matrix theory"       
[1] "########## topic 20 ##############"
[1] "##### top positive words:"
[1] "cancer"     "sequential" "studies"    "trials"     "treatment" 
[6] "patients"   "trial"      "clinical"  
[1] "##### top negative words:"
[1] "observational" "exposure"      "confounding"   "spatial"      
[5] "randomly"      "cox"           "uncertainty"   "unmeasured"   
[1] "##### top document titles:"
[1] "Immigrated urn models---theoretical properties and applications"                                                                        
[2] "Cross-calibration of stroke disability measures: {B}ayesian analysis of longitudinal ordinal categorical data using negative dependence"
[3] "Sequential monitoring of response-adaptive randomized clinical trials"                                                                  
[4] "Optimal adaptive randomized designs for clinical trials"                                                                                
[5] "Phase 2 and 3 combination designs to accelerate drug development"                                                                       
[6] "Optimal partitioning for linear mixed effects models: applications to identifying placebo responders"                                   
[7] "Analysis of time-to-event data with incomplete event adjudication"                                                                      
[8] "Estimating treatment effects with treatment switching via semicompeting risks models: an application to a colorectal cancer study"      
