[1] "####################################"
[1] "############# K = 6 #############"
[1] "####################################"
[1] "########## topic 1 ##############"
[1] "##### top positive words:"
[1] "series"     "estimation" "estimators" "estimator"  "asymptotic"
[6] "results"    "density"    "function"  
[1] "##### top document titles:"
[1] "On adaptive estimation of linear functionals"                                                                                            
[2] "Uniformly root-{$N$} consistent density estimators for weakly dependent invertible linear processes"                                     
[3] "Asymptotic normality of extreme value estimators on {$C[0,1]$}"                                                                          
[4] "Large sample theory of intrinsic and extrinsic sample means on manifolds. {I}"                                                           
[5] "A {CLT} for regularized sample covariance matrices"                                                                                      
[6] "A necessary and sufficient condition for asymptotic independence of discrete {F}ourier transforms under short- and long-range dependence"
[7] "A note on time-reversibility of multivariate linear processes"                                                                           
[8] "Consistent estimates of deformed isotropic {G}aussian random fields on the plane"                                                        
[1] "########## topic 2 ##############"
[1] "##### top positive words:"
[1] "null"       "confidence" "procedure"  "procedures" "statistics"
[6] "testing"    "tests"      "test"      
[1] "##### top document titles:"
[1] "Balanced control of generalized error rates"                                           
[2] "Stepup procedures controlling generalized {FWER} and generalized {FDR}"                
[3] "Generalizations of the familywise error rate"                                          
[4] "Generalizing {S}imes' test and {H}ochberg's stepup procedure"                          
[5] "Stepup procedures for control of generalizations of the familywise error rate"         
[6] "Testing for efficacy in primary and secondary endpoints by partitioning decision paths"
[7] "Adaptive linear step-up procedures that control the false discovery rate"              
[8] "Control of generalized error rates in multiple testing"                                
[1] "########## topic 3 ##############"
[1] "##### top positive words:"
[1] "models"     "proposed"   "data"       "regression" "estimator" 
[6] "likelihood" "estimators" "model"     
[1] "##### top document titles:"
[1] "Nonparametric regression using local kernel estimating equations for correlated failure time data"                  
[2] "Generalized method of moments estimation for linear regression with clustered failure time data"                    
[3] "Gamma frailty transformation models for multivariate survival times"                                                
[4] "Estimation of bivariate and marginal distributions with censored data"                                              
[5] "On least-squares regression with censored data"                                                                     
[6] "Prospective survival analysis with a general semiparametric shared frailty model: a pseudo full likelihood approach"
[7] "Semiparametric analysis of short-term and long-term hazard ratios with two-sample survival data"                    
[8] "Semiparametric maximum likelihood estimation in normal transformation models for bivariate survival data"           
[1] "########## topic 4 ##############"
[1] "##### top positive words:"
[1] "methods"   "studies"   "study"     "effect"    "analysis"  "treatment"
[7] "effects"   "data"     
[1] "##### top document titles:"
[1] "Identifying direct and indirect effects in a non-counterfactual framework"                                                                             
[2] "Semiparametric inference in observational duration-response studies, with duration possibly right-censored"                                            
[3] "Causal effects of treatments for informative missing data due to progression/death"                                                                    
[4] "Randomization-based inference within principal strata"                                                                                                 
[5] "Methodology for evaluating a partially controlled longitudinal treatment using principal stratification, with application to a needle exchange program"
[6] "Characterizing the progression of viral mituations over time"                                                                                          
[7] "Profiling placebo responders by self-consistent partitioning of functional data"                                                                       
[8] "War and wages: the strength of instrumental variables and their sensitivity to unobserved biases"                                                      
[1] "########## topic 5 ##############"
[1] "##### top positive words:"
[1] "data"       "model"      "methods"    "designs"    "can"       
[6] "method"     "regression" "selection" 
[1] "##### top document titles:"
[1] "Doubling and projection: a method of constructing two-level designs of resolution {IV}"                             
[2] "Efficient global approximation of generalized nonlinear {$\\ell_1$}-regularized solution paths and its applications"
[3] "Model selection and estimation in regression with grouped variables"                                                
[4] "Variable selection with the strong heredity constraint and its oracle property"                                     
[5] "A generalized {D}antzig selector with shrinkage tuning"                                                             
[6] "A general theory of minimum aberration and its applications"                                                        
[7] "The adaptive lasso and its oracle properties"                                                                       
[8] "Variable inclusion and shrinkage algorithms"                                                                        
[1] "########## topic 6 ##############"
[1] "##### top positive words:"
[1] "distributions" "distribution"  "prior"         "process"      
[5] "data"          "bayesian"      "models"        "model"        
[1] "##### top document titles:"
[1] "Continuous time modelling of dynamical spatial lattice data observed at sparsely distributed times"
[2] "Bayesian inversion of geoelectrical resistivity data"                                              
[3] "Model determination for categorical data with factor level merging"                                
[4] "Dynamic nonparametric {B}ayesian models for analysis of music"                                     
[5] "On generating {M}onte {C}arlo samples of continuous diffusion bridges"                             
[6] "Prediction of protein interdomain linker regions by a nonstationary hidden {M}arkov model"         
[7] "Bayesian inference for {M}arkov processes with diffusion and discrete components"                  
[8] "Hierarchical mixture modeling with normalized inverse-{G}aussian priors"                           
