[1] "####################################"
[1] "############# K = 15 #############"
[1] "####################################"
[1] "########## topic 1 ##############"
[1] "##### top positive words:"
[1] "also"     "based"    "method"   "proposed" "models"   "can"      "model"   
[8] "data"    
[1] "##### top negative words:"
[1] "health"     "lasso"      "minimax"    "cancer"     "mortality" 
[6] "incidence"  "public"     "prevention"
[1] "##### top document titles:"
[1] "An asymptotically pivotal transform of the residuals sample autocorrelations with application to model checking"                  
[2] "Goodness of fit for generalized linear latent variables models"                                                                   
[3] "High-dimensionality effects in the {M}arkowitz problem and other quadratic programs with linear constraints: risk underestimation"
[4] "Equivalence between conditional and mixture approaches to the {R}asch model and matched case-control studies, with applications"  
[5] "Empirical-likelihood-based inference in missing response problems and its application in observational studies"                   
[6] "Fast stable restricted maximum likelihood and marginal likelihood estimation of semiparametric generalized linear models"         
[7] "Generalized functional linear models"                                                                                             
[8] "Robust, adaptive functional regression in functional mixed model framework"                                                       
[1] "########## topic 2 ##############"
[1] "##### top positive words:"
[1] "noise"       "consider"    "risk"        "bounds"      "results"    
[6] "convergence" "rate"        "minimax"    
[1] "##### top negative words:"
[1] "methods"    "proposed"   "data"       "simulation" "models"    
[6] "propose"    "studies"    "article"   
[1] "##### top document titles:"
[1] "Empirical risk minimization in inverse problems"                                         
[2] "Sparse recovery in convex hulls via entropy penalization"                                
[3] "Noisy matrix decomposition via convex relaxation: optimal rates in high dimensions"      
[4] "Estimation of high-dimensional low-rank matrices"                                        
[5] "Oracle inequalities and optimal inference under group sparsity"                          
[6] "Adapting to unknown sparsity by controlling the false discovery rate"                    
[7] "Nuclear-norm penalization and optimal rates for noisy low-rank matrix completion"        
[8] "Needles and straw in haystacks: empirical {B}ayes estimates of possibly sparse sequences"
[1] "########## topic 3 ##############"
[1] "##### top positive words:"
[1] "proposed"       "semiparametric" "proportional"   "studies"       
[5] "time"           "model"          "data"           "survival"      
[1] "##### top negative words:"
[1] "problem"       "series"        "space"         "number"       
[5] "approximation" "causal"        "regions"       "optimal"      
[1] "##### top document titles:"
[1] "Specifying and implementing nonparametric and semiparametric survival estimators in two-stage (nested) cohort studies with missing case data"
[2] "Competing risks quantile regression"                                                                                                         
[3] "A class of semiparametric mixture cure survival models with dependent censoring"                                                             
[4] "Joint modeling and estimation for recurrent event processes and failure time data"                                                           
[5] "Semiparametric failure time regression with replicates of mismeasured covariates"                                                            
[6] "Semiparametric marginal regression analysis for dependent competing risks under an assumed copula"                                           
[7] "Individual prediction in prostate cancer studies using a joint longitudinal survival-cure model"                                             
[8] "Maximum likelihood estimations and {EM} algorithms with length-biased data"                                                                  
[1] "########## topic 4 ##############"
[1] "##### top positive words:"
[1] "sparse"     "oracle"     "penalized"  "penalty"    "regression"
[6] "variable"   "lasso"      "selection" 
[1] "##### top negative words:"
[1] "distribution"  "test"          "density"       "random"       
[5] "distributions" "tests"         "testing"       "processes"    
[1] "##### top document titles:"
[1] "Least angle regression"                                                                 
[2] "Adaptive {L}asso for {C}ox's proportional hazards model"                                
[3] "Tuning parameter selectors for the smoothly clipped absolute deviation method"          
[4] "Variable inclusion and shrinkage algorithms"                                            
[5] "Sure independence screening for ultrahigh dimensional feature space"                    
[6] "A group bridge approach for variable selection"                                         
[7] "Nearly unbiased variable selection under minimax concave penalty"                       
[8] "The composite absolute penalties family for grouped and hierarchical variable selection"
[1] "########## topic 5 ##############"
[1] "##### top positive words:"
[1] "using"     "posterior" "algorithm" "bayesian"  "monte"     "carlo"    
[7] "markov"    "chain"    
[1] "##### top negative words:"
[1] "estimators"     "tests"          "asymptotic"     "test"          
[5] "empirical"      "estimator"      "confidence"     "asymptotically"
[1] "##### top document titles:"
[1] "Consistency of {M}arkov chain quasi-{M}onte {C}arlo on continuous state spaces"                       
[2] "Markov chain {M}onte {C}arlo methods for high dimensional inversion in remote sensing"                
[3] "Optimal strategies for a class of sequential control problems with precedence relations"              
[4] "Efficient construction of reversible jump {M}arkov chain {M}onte {C}arlo proposal distributions"      
[5] "Statistical inference for discretely observed {M}arkov jump processes"                                
[6] "Optimal {B}ayesian design by inhomogeneous {M}arkov chain simulation"                                 
[7] "Population-based reversible jump {M}arkov chain {M}onte {C}arlo"                                      
[8] "Geometric ergodicity of van {D}yk and {M}eng's algorithm for the multivariate {S}tudent's {$t$} model"
[1] "########## topic 6 ##############"
[1] "##### top positive words:"
[1] "edges"     "graphical" "variables" "causal"    "graphs"    "acyclic"  
[7] "graph"     "directed" 
[1] "##### top negative words:"
[1] "regression"   "posterior"    "estimator"    "carlo"        "monte"       
[6] "simulation"   "functions"    "hierarchical"
[1] "##### top document titles:"
[1] "Graphical identifiability criteria for causal effects in studies with an unobserved treatment/response variable"
[2] "Wishart distributions for decomposable graphs"                                                                  
[3] "Matrix representations and independencies in directed acyclic graphs"                                           
[4] "Characterizing {M}arkov equivalence classes for {AMP} chain graph models"                                       
[5] "Signed directed acyclic graphs for causal inference"                                                            
[6] "Uniform consistency in causal inference"                                                                        
[7] "The intrinsic distribution and selection bias of long-period cometary orbits"                                   
[8] "Penalized likelihood methods for estimation of sparse high-dimensional directed acyclic graphs"                 
[1] "########## topic 7 ##############"
[1] "##### top positive words:"
[1] "parameter"     "models"        "class"         "distributions"
[5] "posterior"     "prior"         "bayesian"      "priors"       
[1] "##### top negative words:"
[1] "asymptotic" "estimators" "method"     "estimator"  "simulation"
[6] "error"      "test"       "statistics"
[1] "##### top document titles:"
[1] "Posterior propriety and admissibility of hyperpriors in normal hierarchical models"
[2] "Mixtures of {$g$} priors for {B}ayesian variable selection"                        
[3] "Prior distributions from pseudo-likelihoods in the presence of nuisance parameters"
[4] "Shrinkage priors for {B}ayesian prediction"                                        
[5] "Fully {B}ayesian spline smoothing and intrinsic autoregressive priors"             
[6] "Consistency of {B}ayes estimators of a binary regression function"                 
[7] "Extending conventional priors for testing general hypotheses in linear models"     
[8] "Objective {B}ayesian analysis for the {S}tudent-{$t$} regression model"            
[1] "########## topic 8 ##############"
[1] "##### top positive words:"
[1] "wide"         "smoothness"   "range"        "balls"        "thresholding"
[6] "adaptive"     "wavelet"      "besov"       
[1] "##### top negative words:"
[1] "matrix"        "order"         "covariance"    "form"         
[5] "based"         "used"          "statist"       "nonasymptotic"
[1] "##### top document titles:"
[1] "Wavelet threshold estimation for additive regression models"                      
[2] "Optimal adaptive estimation of a quadratic functional"                            
[3] "Functional deconvolution in a periodic setting: uniform case"                     
[4] "A data-driven block thresholding approach to wavelet estimation"                  
[5] "Parametric modelling of thresholds across scales in wavelet regression"           
[6] "Empirical {B}ayes selection of wavelet thresholds"                                
[7] "A complement to {L}e {C}am's theorem"                                             
[8] "General empirical {B}ayes wavelet methods and exactly adaptive minimax estimation"
[1] "########## topic 9 ##############"
[1] "##### top positive words:"
[1] "spatial"     "sensitivity" "confounding" "existing"    "effects"    
[6] "mortality"   "air"         "pollution"  
[1] "##### top negative words:"
[1] "analysis"     "hierarchical" "show"         "states"       "multiple"    
[6] "properties"   "sample"       "particular"  
[1] "##### top document titles:"
[1] "Confidence sets for split points in decision trees"                                              
[2] "Modeling nonstationary processes through dimension expansion"                                    
[3] "A conditional approach for multivariate extreme values"                                          
[4] "A multiple-index model and dimension reduction"                                                  
[5] "Model checking in regression via dimension reduction"                                            
[6] "Directional rates of change under spatial process models"                                        
[7] "An approach to the estimation of chronic air pollution effects using spatio-temporal information"
[8] "Improved semiparametric time series models of air pollution and mortality"                       
[1] "########## topic 10 ##############"
[1] "##### top positive words:"
[1] "accurate"      "probabilistic" "probability"   "model"        
[5] "predictions"   "forecast"      "forecasting"   "forecasts"    
[1] "##### top negative words:"
[1] "regression"   "may"          "particular"   "hierarchical" "variance"    
[6] "asymptotic"   "estimators"   "likelihood"  
[1] "##### top document titles:"
[1] "Combining probability forecasts"                                                                                 
[2] "Calibrated probabilistic forecasting at the stateline wind energy center: the regime-switching space-time method"
[3] "Strictly proper scoring rules, prediction, and estimation"                                                       
[4] "How useful is bagging in forecasting economic time series? {A} case study of {U}.{S}. consumer price inflation"  
[5] "Probabilistic weather forecasting for winter road maintenance"                                                   
[6] "Cost (or price) forecasting in the face of technological advance"                                                
[7] "Probabilistic forecasts, calibration and sharpness"                                                              
[8] "Forecast uncertainties in macroeconomic modeling: an application to the {U}.{K}.\\ economy"                      
[1] "########## topic 11 ##############"
[1] "##### top positive words:"
[1] "exchange"      "highfrequency" "data"          "stochastic"   
[5] "processes"     "financial"     "time"          "volatility"   
[1] "##### top negative words:"
[1] "distribution" "forecast"     "posterior"    "probability"  "response"    
[6] "error"        "variable"     "finite"      
[1] "##### top document titles:"
[1] "Inference for stochastic volatility models using time change transformations"       
[2] "Statistical inference for time-inhomogeneous volatility models"                     
[3] "Semiparametric {B}ayesian modeling of income volatility heterogeneity"              
[4] "Multi-scale jump and volatility analysis for high-frequency financial data"         
[5] "Localized realized volatility modeling"                                             
[6] "Multiscale local change point detection with applications to value-at-risk"         
[7] "A {H}aar-{F}isz technique for locally stationary volatility estimation"             
[8] "Vast volatility matrix estimation using high-frequency data for portfolio selection"
[1] "########## topic 12 ##############"
[1] "##### top positive words:"
[1] "bayesian"    "analysis"    "statistical" "health"      "article"    
[6] "using"       "model"       "data"       
[1] "##### top negative words:"
[1] "asymptotic"     "estimator"      "estimators"     "asymptotically"
[5] "function"       "likelihood"     "paper"          "consistent"    
[1] "##### top document titles:"
[1] "An approach to the estimation of chronic air pollution effects using spatio-temporal information"                                                      
[2] "Bayesian analysis of cancer rates from {SEER} program using parametric and semiparametric joinpoint regression models"                                 
[3] "Relating ambient particulate matter concentration levels to mortality using an exposure simulator"                                                     
[4] "How much does the far future matter? {A} hierarchical {B}ayesian analysis of the public's willingness to mitigate ecological impacts of climate change"
[5] "Modeling spatiotemporal forest health monitoring data"                                                                                                 
[6] "Bayesian spatial quantile regression"                                                                                                                  
[7] "Modeling reporting delays and reporting corrections in cancer registry data"                                                                           
[8] "Statistics: the next generation"                                                                                                                       
[1] "########## topic 13 ##############"
[1] "##### top positive words:"
[1] "procedure"  "control"    "hypotheses" "multiple"   "testing"   
[6] "rate"       "discovery"  "false"     
[1] "##### top negative words:"
[1] "models"        "estimation"    "regression"    "likelihood"   
[5] "estimator"     "nonparametric" "estimators"    "convergence"  
[1] "##### top document titles:"
[1] "A stochastic process approach to false discovery control"                
[2] "Balanced control of generalized error rates"                             
[3] "Adapting to unknown sparsity by controlling the false discovery rate"    
[4] "Generalizing {S}imes' test and {H}ochberg's stepup procedure"            
[5] "Adaptive linear step-up procedures that control the false discovery rate"
[6] "On the performance of {FDR} control: constraints and a partial solution" 
[7] "False discovery rate for scanning statistics"                            
[8] "Control of generalized error rates in multiple testing"                  
[1] "########## topic 14 ##############"
[1] "##### top positive words:"
[1] "outcomes"   "clinical"   "causal"     "effects"    "trial"     
[6] "effect"     "randomized" "treatment" 
[1] "##### top negative words:"
[1] "spatial"     "asymptotic"  "real"        "functional"  "process"    
[6] "performance" "local"       "models"     
[1] "##### top document titles:"
[1] "Aberrant effects of treatment"                                                                                
[2] "Does finasteride affect the severity of prostate cancer? {A} causal sensitivity analysis"                     
[3] "Causal inference in hybrid intervention trials involving treatment choice"                                    
[4] "Semiparametric estimation and inference for distributional and general treatment effects"                     
[5] "Design sensitivity and efficiency in observational studies"                                                   
[6] "Longitudinal nested compliance class model in the presence of time-varying noncompliance"                     
[7] "Sensitivity analyses comparing time-to-event outcomes existing only in a subset selected postrandomization"   
[8] "Randomization inference with imperfect compliance in the {ACE}-inhibitor after anthracycline randomized trial"
[1] "########## topic 15 ##############"
[1] "##### top positive words:"
[1] "cancer"     "biological" "analysis"   "data"       "microarray"
[6] "genes"      "expression" "gene"      
[1] "##### top negative words:"
[1] "fdr"           "within"        "distributions" "paper"        
[5] "estimator"     "national"      "point"         "states"       
[1] "##### top document titles:"
[1] "Inference for quantitation parameters in polymerase chain reactions via branching processes with random effects"          
[2] "High-dimensional {ODE}s coupled with mixed-effects modeling techniques for dynamic gene regulatory network identification"
[3] "Modeling three-dimensional chromosome structures using gene expression data"                                              
[4] "Predicting viral infection from high-dimensional biomarker trajectories"                                                  
[5] "Local smoothing image segmentation for spotted microarray images"                                                         
[6] "Quality control and robust estimation for c{DNA} microarrays with replicates"                                             
[7] "Variable selection in regression mixture modeling for the discovery of gene regulatory networks"                          
[8] "Bayesian modeling of {MPSS} data: gene expression analysis of bovine {\\it {S}almonella} infection"                       
