[1] "####################################"
[1] "############# K = 50 #############"
[1] "####################################"
[1] "########## topic 1 ##############"
[1] "##### top positive words:"
[1] "distributions" "independence"  "discrete"      "continuous"   
[5] "joint"         "dependence"    "marginal"      "conditional"  
[1] "##### top document titles:"
[1] "Estimation of copula models with discrete margins via {B}ayesian data augmentation"                                             
[2] "Test of association between two ordinal variables while adjusting for covariates"                                               
[3] "Testing dependence among serially correlated multicategory variables"                                                           
[4] "Model determination for categorical data with factor level merging"                                                             
[5] "Equivalence between conditional and mixture approaches to the {R}asch model and matched case-control studies, with applications"
[6] "Conditionally specified continuous distributions"                                                                               
[7] "Copula model generated by {D}abrowska's association measure"                                                                    
[8] "Multivariate logistic models"                                                                                                   
[1] "########## topic 2 ##############"
[1] "##### top positive words:"
[1] "factors"     "computer"    "minimum"     "orthogonal"  "optimal"    
[6] "experiments" "design"      "designs"    
[1] "##### top document titles:"
[1] "Optimal additions to and deletions from two-level orthogonal arrays"                          
[2] "Some theory for constructing minimum aberration fractional factorial designs"                 
[3] "Doubling and projection: a method of constructing two-level designs of resolution {IV}"       
[4] "A complementary design theory for doubling"                                                   
[5] "Some nonregular designs from the {N}ordstrom-{R}obinson code and their statistical properties"
[6] "Universal optimality for selected crossover designs"                                          
[7] "Minimum aberration construction results for nonregular two-level fractional factorial designs"
[8] "Generalised minimum aberration construction results for symmetrical orthogonal arrays"        
[1] "########## topic 3 ##############"
[1] "##### top positive words:"
[1] "partial"   "three"     "second"    "least"     "one"       "first"    
[7] "different" "two"      
[1] "##### top document titles:"
[1] "Degrees of freedom in lasso problems"                                                                           
[2] "Partial and latent ignorability in missing-data problems"                                                       
[3] "Hybrid confidence regions based on data depth"                                                                  
[4] "Sparse partial least squares regression for simultaneous dimension reduction and variable selection"            
[5] "Testing hypotheses in order"                                                                                    
[6] "D-optimal design of split-split-plot experiments"                                                               
[7] "The degrees of freedom of partial least squares regression"                                                     
[8] "Small-sample degrees of freedom for multi-component significance tests for multiple imputation for missing data"
[1] "########## topic 4 ##############"
[1] "##### top positive words:"
[1] "estimation" "global"     "bandwidth"  "densities"  "quantile"  
[6] "kernel"     "local"      "density"   
[1] "##### top document titles:"
[1] "Bandwidth selection in local polynomial regression using eigenvalues"         
[2] "Data tracking and the understanding of {B}ayesian consistency"                
[3] "Smooth location-dependent bandwidth selection for local polynomial regression"
[4] "Local likelihood density estimation based on smooth truncation"               
[5] "Do-validation for kernel density estimation"                                  
[6] "Kernel-type density estimation on the unit interval"                          
[7] "Bump hunting with non-{G}aussian kernels"                                     
[8] "A note on kernel polygons"                                                    
[1] "########## topic 5 ##############"
[1] "##### top positive words:"
[1] "asymptotic"     "asymptotically" "transformation" "efficient"     
[5] "estimation"     "semiparametric" "parametric"     "nonparametric" 
[1] "##### top document titles:"
[1] "Efficient estimation for the {C}ox model with varying coefficients"                               
[2] "Partially linear hazard regression for multivariate survival data"                                
[3] "Weighted {B}reslow-type and maximum likelihood estimation in semiparametric transformation models"
[4] "Efficient probabilistic forecasts for counts"                                                     
[5] "Asymptotic equivalence of nonparametric autoregression and nonparametric regression"              
[6] "Gamma frailty transformation models for multivariate survival times"                              
[7] "Using logistic regression procedures for estimating receiver operating characteristic curves"     
[8] "Partially linear hazard regression with varying coefficients for multivariate survival data"      
[1] "########## topic 6 ##############"
[1] "##### top positive words:"
[1] "even"   "sizes"  "finite" "small"  "size"   "large"  "number" "sample"
[1] "##### top document titles:"
[1] "Positive association among three binary variables and cross-product ratios"           
[2] "Process consistency for {A}da{B}oost"                                                 
[3] "Cram\\'er-type large deviations for samples from a finite population"                 
[4] "Population theory for boosting ensembles"                                             
[5] "Factor modeling for high-dimensional time series: inference for the number of factors"
[6] "Asymptotic behaviour of the posterior distribution in overfitted mixture models"      
[7] "Modeling the variability of rankings"                                                 
[8] "Testing for complete independence in high dimensions"                                 
[1] "########## topic 7 ##############"
[1] "##### top positive words:"
[1] "secondorder"    "accurate"       "accuracy"       "results"       
[5] "approximations" "order"          "bootstrap"      "approximation" 
[1] "##### top document titles:"
[1] "The geometry of biplot scaling"                                                           
[2] "Objective {B}ayes, conditional inference and the signed root likelihood ratio statistic"  
[3] "Mean loglikelihood and higher-order approximations"                                       
[4] "The dimple in {G}neiting's spatial-temporal covariance model"                             
[5] "Saddlepoint approximation for moment generating functions of truncated random variables"  
[6] "Saddlepoint approximations for the {B}ingham and {F}isher-{B}ingham normalising constants"
[7] "Change-point in stochastic design regression and the bootstrap"                           
[8] "Saddlepoint approximation for {S}tudent's {$t$}-statistic with no moment conditions"      
[1] "########## topic 8 ##############"
[1] "##### top positive words:"
[1] "estimates"       "also"            "computationally" "requires"       
[5] "based"           "propose"         "new"             "method"         
[1] "##### top document titles:"
[1] "Fully exponential {L}aplace approximations using asymptotic modes"                                              
[2] "Dimension reduction based on constrained canonical correlation and variable filtering"                          
[3] "The generalized dynamic factor model: one-sided estimation and forecasting"                                     
[4] "Dimension reduction and semiparametric estimation of survival models"                                           
[5] "Fully exponential {L}aplace approximations for the joint modelling of survival and longitudinal data"           
[6] "Tree-structured wavelet estimation in a mixed effects model for spectra of replicated time series"              
[7] "Semiparametric efficient estimation for incomplete longitudinal binary data, with application to smoking trends"
[8] "Option pricing with model-guided nonparametric methods"                                                         
[1] "########## topic 9 ##############"
[1] "##### top positive words:"
[1] "several"     "including"   "general"     "nonlinear"   "class"      
[6] "generalized" "linear"      "models"     
[1] "##### top document titles:"
[1] "Interval censoring: identifiability and the constant-sum property"               
[2] "Smoothing spline nonlinear nonparametric regression models"                      
[3] "Inference for mixtures of finite {P}olya tree models"                            
[4] "A negative binomial model for time series of counts"                             
[5] "Identifiability of single-index models and additive-index models"                
[6] "Forecasting with the age-period-cohort model and the extended chain-ladder model"
[7] "Robust modeling for inference from generalized linear model classes"             
[8] "Generalised structured models"                                                   
[1] "########## topic 10 ##############"
[1] "##### top positive words:"
[1] "target"        "decision"      "probability"   "stage"        
[5] "probabilities" "expected"      "sequential"    "optimal"      
[1] "##### top document titles:"
[1] "Sequential implementation of stepwise procedures for identifying the maximum tolerated dose"
[2] "Dose-finding based on multiple toxicities in a soft tissue sarcoma trial"                   
[3] "Optimal adaptive randomized designs for clinical trials"                                    
[4] "Membership functions and probability measures of fuzzy sets"                                
[5] "Estimating response-maximized decision rules with applications to breastfeeding"            
[6] "Optimal strategies for a class of sequential control problems with precedence relations"    
[7] "Implementing optimal allocation in sequential binary response experiments"                  
[8] "Phase 2 and 3 combination designs to accelerate drug development"                           
[1] "########## topic 11 ##############"
[1] "##### top positive words:"
[1] "defined"   "set"       "shape"     "points"    "space"     "point"    
[7] "functions" "function" 
[1] "##### top document titles:"
[1] "A {B}ayesian approach to non-parametric monotone function estimation"                                    
[2] "Gait-based human recognition by classification of cyclostationary processes on nonlinear shape manifolds"
[3] "On the maximal bias functions of {$MM$}-estimates and constrained {$M$}-estimates of regression"         
[4] "Efficient estimation for a subclass of shape invariant models"                                           
[5] "Directions and projective shapes"                                                                        
[6] "Asymptotic distribution of conical-hull estimators of directional edges"                                 
[7] "Kernel methods in machine learning"                                                                      
[8] "A multi-dimensional scaling approach to shape analysis"                                                  
[1] "########## topic 12 ##############"
[1] "##### top positive words:"
[1] "region"     "coverage"   "regions"    "interval"   "intervals" 
[6] "confidence" "procedures" "procedure" 
[1] "##### top document titles:"
[1] "One-sided and two-sided tolerance intervals in general mixed and random effects models using small-sample asymptotics"
[2] "Adjusting estimative prediction limits"                                                                               
[3] "On the large-sample minimal coverage probability of confidence intervals after model selection"                       
[4] "On construction of the smallest one-sided confidence interval for the difference of two proportions"                  
[5] "Fiducial generalized confidence intervals"                                                                            
[6] "Minimum area confidence set optimality for confidence bands in simple linear regression"                              
[7] "Fiducial intervals for variance components in an unbalanced two-component normal mixed linear model"                  
[8] "Simes' procedure is `valid on average'"                                                                               
[1] "########## topic 13 ##############"
[1] "##### top positive words:"
[1] "solution"    "spline"      "numerical"   "fitting"     "approximate"
[6] "basis"       "additive"    "smoothing"  
[1] "##### top document titles:"
[1] "On the asymptotics of penalized splines"                                                     
[2] "Multinomial logit bias reduction via the {P}oisson log-linear model"                         
[3] "Spatially adaptive smoothing splines"                                                        
[4] "Stable and efficient multiple smoothing parameter estimation for generalized additive models"
[5] "Soap film smoothing"                                                                         
[6] "Thin plate regression splines"                                                               
[7] "A note on deletion diagnostics for estimating equations"                                     
[8] "Fast stable direct fitting and smoothness selection for generalized additive models"         
[1] "########## topic 14 ##############"
[1] "##### top positive words:"
[1] "given"          "interaction"    "identification" "structural"    
[5] "latent"         "effect"         "variable"       "variables"     
[1] "##### top document titles:"
[1] "On a generalization of a result of {W}. {G}. {C}ochran"                                          
[2] "Building a stronger instrument in an observational study of perinatal care for premature infants"
[3] "Measurement exchangeability and normal one-factor models"                                        
[4] "A general condition for avoiding effect reversal after marginalization"                          
[5] "Inference for additive interaction under exposure misclassification"                             
[6] "The analysis of randomized response sum score variables"                                         
[7] "Measurement error modelling with an approximate instrumental variable"                           
[8] "Sufficient cause interactions for categorical and ordinal exposures with three levels"           
[1] "########## topic 15 ##############"
[1] "##### top positive words:"
[1] "class"      "properties" "robustness" "consistent" "efficiency"
[6] "weighted"   "robust"     "estimators"
[1] "##### top document titles:"
[1] "Projection estimators for generalized linear models"                             
[2] "Variance estimation in a model with {G}aussian submodels"                        
[3] "Improved unbiased estimators in adaptive cluster sampling"                       
[4] "Projection-based depth functions and associated medians"                         
[5] "On the {S}tahel-{D}onoho estimator and depth-weighted means of multivariate data"
[6] "Multidimensional trimming based on projection depth"                             
[7] "Depth weighted scatter estimators"                                               
[8] "Influence function and maximum bias of projection depth based estimators"        
[1] "########## topic 16 ##############"
[1] "##### top positive words:"
[1] "outcome"     "sensitivity" "outcomes"    "randomized"  "effect"     
[6] "causal"      "effects"     "treatment"  
[1] "##### top document titles:"
[1] "Causal inference in hybrid intervention trials involving treatment choice"                                    
[2] "Design sensitivity and efficiency in observational studies"                                                   
[3] "Augmented designs to assess principal strata direct effects"                                                  
[4] "Differential effects and generic biases in observational studies"                                             
[5] "Randomization-based inference within principal strata"                                                        
[6] "Sensitivity analyses comparing time-to-event outcomes existing only in a subset selected postrandomization"   
[7] "Profiling placebo responders by self-consistent partitioning of functional data"                              
[8] "Randomization inference with imperfect compliance in the {ACE}-inhibitor after anthracycline randomized trial"
[1] "########## topic 17 ##############"
[1] "##### top positive words:"
[1] "biological" "microarray" "genes"      "clusters"   "cluster"   
[6] "gene"       "clustering" "expression"
[1] "##### top document titles:"
[1] "A statistical framework to inter functional gene relationships from biologically interrelated microarray experiments"                 
[2] "Local smoothing image segmentation for spotted microarray images"                                                                     
[3] "Estimation of parameters subject to order restrictions on a circle with application to estimation of phase angles of cell cycle genes"
[4] "Inferring spatial phylogenetic variation along nucleotide sequences: a multiple changepoint model"                                    
[5] "Clustering objects on subsets of attributes"                                                                                          
[6] "Hidden {M}arkov models for microarray time course data in multiple biological conditions"                                             
[7] "Variable selection in regression mixture modeling for the discovery of gene regulatory networks"                                      
[8] "A method for normalizing microarrays using genes that are not differentially expressed"                                               
[1] "########## topic 18 ##############"
[1] "##### top positive words:"
[1] "censoring"    "hazard"       "proportional" "event"        "failure"     
[6] "times"        "survival"     "time"        
[1] "##### top document titles:"
[1] "Nonparametric estimation with left-truncated semicompeting risks data"                                                            
[2] "Models for recurring events with marginal proportional hazards"                                                                   
[3] "Nonparametric association analysis of bivariate competing-risks data"                                                             
[4] "Martingale difference residuals as a diagnostic tool for the {C}ox model"                                                         
[5] "Asymptotic behavior of the unconditional {NPMLE} of the length-biased survivor function from right censored prevalent cohort data"
[6] "Semiparametric marginal regression analysis for dependent competing risks under an assumed copula"                                
[7] "Semiparametric regression analysis of mean residual life with censored survival data"                                             
[8] "A note on cause-specific residual life"                                                                                           
[1] "########## topic 19 ##############"
[1] "##### top positive words:"
[1] "commonly"  "using"     "estimated" "estimates" "show"      "estimate" 
[7] "used"      "can"      
[1] "##### top document titles:"
[1] "Posterior propriety and admissibility of hyperpriors in normal hierarchical models"
[2] "Invariant {$P$}-values for model checking"                                         
[3] "Robust estimation for {ARMA} models"                                               
[4] "Mean loglikelihood and higher-order approximations"                                
[5] "Estimating invariant laws of linear processes by {$U$}-statistics"                 
[6] "Reducing variability of crossvalidation for smoothing-parameter choice"            
[7] "A class of {R}\\'enyi information estimators for multidimensional densities"       
[8] "Estimating vaccine efficacy from secondary attack rates"                           
[1] "########## topic 20 ##############"
[1] "##### top positive words:"
[1] "imputation"  "unbiased"    "estimation"  "information" "survey"     
[6] "bias"        "population"  "variance"   
[1] "##### top document titles:"
[1] "Correcting for survey nonresponse using variable response propensity"                                           
[2] "On the bias of the multiple-imputation variance estimator in survey sampling"                                   
[3] "An examination of the effect of heterogeneity on the estimation of population size using capture-recapture data"
[4] "Adjusted jackknife for imputation under unequal probability sampling without replacement"                       
[5] "Fractional hot deck imputation"                                                                                 
[6] "Calibrated imputation in surveys under a quasi-model-assisted approach"                                         
[7] "Small area estimation when auxiliary information is measured with error"                                        
[8] "Combining information from multiple surveys by using regression for efficient small domain estimation"          
[1] "########## topic 21 ##############"
[1] "##### top positive words:"
[1] "binary"     "specified"  "responses"  "response"   "score"     
[6] "covariate"  "missing"    "covariates"
[1] "##### top document titles:"
[1] "Improving semiparametric estimation by using surrogate data"                                                   
[2] "Empirical-likelihood-based inference in missing response problems and its application in observational studies"
[3] "On protected estimation of an odds ratio model with missing binary exposure and confounders"                   
[4] "Semiparametric dimension reduction estimation for mean response with missing data"                             
[5] "Nonparametric and semiparametric models for missing covariates in parametric regression"                       
[6] "The prognostic analogue of the propensity score"                                                               
[7] "A note on overadjustment in inverse probability weighted estimation"                                           
[8] "Improving efficiency and robustness of the doubly robust estimator for a population mean with incomplete data" 
[1] "########## topic 22 ##############"
[1] "##### top positive words:"
[1] "graphical"    "gaussian"     "correlated"   "matrices"     "correlation" 
[6] "covariance"   "matrix"       "multivariate"
[1] "##### top document titles:"
[1] "Trek separation for {G}aussian graphical models"                                                                
[2] "Singular {W}ishart and multivariate beta distributions"                                                         
[3] "Graphical {G}aussian models with edge and vertex symmetries"                                                    
[4] "Cholesky decompositions and estimation of a covariance matrix: orthogonality of variance-correlation parameters"
[5] "Wishart distributions for decomposable graphs"                                                                  
[6] "A new approach to {C}holesky-based covariance regularization in high dimensions"                                
[7] "Moments of minors of {W}ishart matrices"                                                                        
[8] "On identification of multi-factor models with correlated residuals"                                             
[1] "########## topic 23 ##############"
[1] "##### top positive words:"
[1] "autoregressive" "stochastic"     "spectral"       "stationary"    
[5] "processes"      "series"         "time"           "process"       
[1] "##### top document titles:"
[1] "Laplace periodogram for time series analysis"                                                       
[2] "On discriminating between long-range dependence and changes in mean"                                
[3] "Testing whether jumps have finite or infinite activity"                                             
[4] "Localized realized volatility modeling"                                                             
[5] "Asymptotic theory of least squares estimators for nearly unstable processes under strong dependence"
[6] "Statistical inference for time-varying {ARCH} processes"                                            
[7] "Realized {L}aplace transforms for pure-jump semimartingales"                                        
[8] "Estimating the degree of activity of jumps in high frequency data"                                  
[1] "########## topic 24 ##############"
[1] "##### top positive words:"
[1] "propose"  "also"     "assumed"  "fitted"   "residual" "fit"      "approach"
[8] "model"   
[1] "##### top document titles:"
[1] "The dimple in {G}neiting's spatial-temporal covariance model"                                                        
[2] "Estimating the term structure with a semiparametric {B}ayesian hierarchical model: an application to corporate bonds"
[3] "Using logistic regression procedures for estimating receiver operating characteristic curves"                        
[4] "A {B}ayesian hierarchical nonoverlapping random disc growth model"                                                   
[5] "On the determination of general scientific models with application to asset pricing"                                 
[6] "Second-order residual analysis of spatiotemporal point processes and applications in model evaluation"               
[7] "Optimal design for goodness-of-fit of the {M}ichaelis-{M}enten enzyme kinetic function"                              
[8] "Proportional likelihood ratio models for mean regression"                                                            
[1] "########## topic 25 ##############"
[1] "##### top positive words:"
[1] "health"      "time"        "using"       "variation"   "network"    
[6] "uncertainty" "dynamic"     "change"     
[1] "##### top document titles:"
[1] "Intervention and causality: forecasting traffic flows using a dynamic {B}ayesian network"                                                              
[2] "How much does the far future matter? {A} hierarchical {B}ayesian analysis of the public's willingness to mitigate ecological impacts of climate change"
[3] "Statistical inference for evolving periodic functions"                                                                                                 
[4] "Modeling spatiotemporal forest health monitoring data"                                                                                                 
[5] "Relating ambient particulate matter concentration levels to mortality using an exposure simulator"                                                     
[6] "Bayesian spatial quantile regression"                                                                                                                  
[7] "Mapping ancient forests: {B}ayesian inference for spatio-temporal trends in forest composition using the fossil pollen proxy record"                   
[8] "An analysis of the {N}ew {Y}ork {C}ity {P}olice {D}epartment's ``stop-and-frisk'' policy in the context of claims of racial bias"                      
[1] "########## topic 26 ##############"
[1] "##### top positive words:"
[1] "procedures" "hypotheses" "discovery"  "control"    "rate"      
[6] "testing"    "false"      "multiple"  
[1] "##### top document titles:"
[1] "The positive false discovery rate: a {B}ayesian interpretation and the {$q$}-value"
[2] "On the performance of {FDR} control: constraints and a partial solution"           
[3] "An adaptive step-down procedure with proven {FDR} control under independence"      
[4] "Control of generalized error rates in multiple testing"                            
[5] "False discovery rate for scanning statistics"                                      
[6] "Generalizations of the familywise error rate"                                      
[7] "Balanced control of generalized error rates"                                       
[8] "Stepup procedures for control of generalizations of the familywise error rate"     
[1] "########## topic 27 ##############"
[1] "##### top positive words:"
[1] "power"      "null"       "statistics" "hypothesis" "testing"   
[6] "statistic"  "tests"      "test"      
[1] "##### top document titles:"
[1] "Nonparametric tests of the {M}arkov hypothesis in continuous-time models"               
[2] "B\\\"urmann expansion and test for additivity"                                          
[3] "A note on lack-of-fit tests for linear models without replication"                      
[4] "Sobolev tests of goodness of fit of distributions on compact {R}iemannian manifolds"    
[5] "Testing against a high dimensional alternative"                                         
[6] "Goodness-of-fit tests via phi-divergences"                                              
[7] "Goodness-of-fit tests based on maximum correlations and their orthogonal decompositions"
[8] "Stepwise likelihood ratio statistics in sequential studies"                             
[1] "########## topic 28 ##############"
[1] "##### top positive words:"
[1] "coefficients" "sparse"       "penalized"    "penalty"      "variable"    
[6] "lasso"        "criterion"    "selection"   
[1] "##### top document titles:"
[1] "Shrinkage tuning parameter selection with a diverging number of parameters"         
[2] "On the non-negative garrote estimator"                                              
[3] "A generalized {D}antzig selector with shrinkage tuning"                             
[4] "A note on path-based variable selection in the penalized proportional hazards model"
[5] "Adaptive regularization using the entire solution surface"                          
[6] "Regularization and variable selection via the elastic net"                          
[7] "Variable inclusion and shrinkage algorithms"                                        
[8] "The adaptive lasso and its oracle properties"                                       
[1] "########## topic 29 ##############"
[1] "##### top positive words:"
[1] "estimation" "methods"    "reduction"  "response"   "predictor" 
[6] "predictors" "dimension"  "regression"
[1] "##### top document titles:"
[1] "Partial inverse regression"                                                                   
[2] "Likelihood-based sufficient dimension reduction"                                              
[3] "Testing predictor contributions in sufficient dimension reduction"                            
[4] "Inference on the primary parameter of interest with the aid of dimension reduction estimation"
[5] "Contour projected dimension reduction"                                                        
[6] "Sufficient dimension reduction through discretization-expectation estimation"                 
[7] "Sparse sufficient dimension reduction"                                                        
[8] "Estimating central subspaces via inverse third moments"                                       
[1] "########## topic 30 ##############"
[1] "##### top positive words:"
[1] "consistent"     "shown"          "asymptotically" "ratio"         
[5] "empirical"      "maximum"        "likelihood"     "estimator"     
[1] "##### top document titles:"
[1] "Efficient likelihood estimation in state space models"                                                   
[2] "Weighted least absolute deviations estimation for an {$\\rm AR(1)$} process with {$\\rm ARCH(1)$} errors"
[3] "The efficiency of the estimators of the parameters in {GARCH} processes"                                 
[4] "Empirical likelihood for a varying coefficient model with longitudinal data"                             
[5] "Bayesian empirical likelihood"                                                                           
[6] "Likelihood ratio statistics based on an integrated likelihood"                                           
[7] "Efficiency of projected score methods in rectangular array asymptotics"                                  
[8] "A note on profile likelihood for exponential tilt mixture models"                                        
[1] "########## topic 31 ##############"
[1] "##### top positive words:"
[1] "nuisance"   "interest"   "inference"  "estimation" "equations" 
[6] "estimating" "parameter"  "parameters"
[1] "##### top document titles:"
[1] "Parameter estimation for differential equations: a generalized smoothing approach"            
[2] "Conditioning to reduce the sensitivity of general estimating functions to nuisance parameters"
[3] "Statistical inference based on non-smooth estimating functions"                               
[4] "Likelihood for statistically equivalent models"                                               
[5] "Assessing robustness of generalised estimating equations and quadratic inference functions"   
[6] "Efficient estimation of {B}anach parameters in semiparametric models"                         
[7] "A paradox concerning nuisance parameters and projected estimating functions"                  
[8] "On {B}artlett correction of empirical likelihood in the presence of nuisance parameters"      
[1] "########## topic 32 ##############"
[1] "##### top positive words:"
[1] "graph"           "classifiers"     "screening"       "vector"         
[5] "features"        "support"         "classification"  "highdimensional"
[1] "##### top document titles:"
[1] "High-dimensional classification using features annealed independence rules"                                   
[2] "Theoretical measures of relative performance of classifiers for high dimensional data with small sample sizes"
[3] "Optimal properties of centroid-based classifiers for very high-dimensional data"                              
[4] "Characterizing {M}arkov equivalence classes for {AMP} chain graph models"                                     
[5] "A direct estimation approach to sparse linear discriminant analysis"                                          
[6] "Sure independence screening and compressed random sensing"                                                    
[7] "On the {B}ayes-risk consistency of regularized boosting methods"                                              
[8] "Hard or soft classification? {L}arge-margin unified machines"                                                 
[1] "########## topic 33 ##############"
[1] "##### top positive words:"
[1] "normality"   "establish"   "paper"       "theory"      "consistency"
[6] "conditions"  "results"     "asymptotic" 
[1] "##### top document titles:"
[1] "Edgeworth expansion for {$U$}-statistics under minimal conditions"                                   
[2] "Equivalence theory for density estimation, {P}oisson processes and {G}aussian white noise with drift"
[3] "A complement to {L}e {C}am's theorem"                                                                
[4] "Asymptotic normality of the quasi-maximum likelihood estimator for multidimensional causal processes"
[5] "On sufficient conditions for {B}ayesian consistency"                                                 
[6] "Uniform asymptotics for robust location estimates when the scale is unknown"                         
[7] "Asymptotic normality of a nonparametric estimator of sample coverage"                                
[8] "New approaches to {B}ayesian consistency"                                                            
[1] "########## topic 34 ##############"
[1] "##### top positive words:"
[1] "surrogate"   "measured"    "standard"    "squared"     "measurement"
[6] "assumption"  "errors"      "error"      
[1] "##### top document titles:"
[1] "Imputing risk tolerance from survey responses"                                          
[2] "Ignorability for categorical data"                                                      
[3] "Locally efficient semiparametric estimators for functional measurement error models"    
[4] "Density estimation in the presence of heteroscedastic measurement error"                
[5] "Measurement error in linear autoregressive models"                                      
[6] "Criteria for surrogate end points"                                                      
[7] "Measurement of higher education in the census and current population survey"            
[8] "The invariance of some score tests in the linear model with classical measurement error"
[1] "########## topic 35 ##############"
[1] "##### top positive words:"
[1] "critical"   "tail"       "threshold"  "extreme"    "system"    
[6] "statistics" "value"      "values"    
[1] "##### top document titles:"
[1] "A statistical approach to thermal management of data centers under steady state and system perturbations"
[2] "Maximum {F}isher information in mixed state quantum systems"                                             
[3] "From data to policy: scientific excellence is our future"                                                
[4] "Statistics: harnessing the power of information"                                                         
[5] "On quantum statistical inference"                                                                        
[6] "Statistics: from evidence to policy"                                                                     
[7] "Does the statistics profession have an identity crisis?"                                                 
[8] "Statistics: the next generation"                                                                         
[1] "########## topic 36 ##############"
[1] "##### top positive words:"
[1] "upper"  "block"  "bound"  "lower"  "group"  "bounds" "means"  "mean"  
[1] "##### top document titles:"
[1] "Construction of {$E(s^2)$}-optimal supersaturated designs"                                                                     
[2] "Higher criticism for detecting sparse heterogeneous mixtures"                                                                  
[3] "A reference-free {C}uscore chart for dynamic mean change detection and a unified framework for charting performance comparison"
[4] "Distribution of the length of the longest significance run on a {B}ernoulli net and its applications"                          
[5] "A robust-likelihood cumulative sum chart"                                                                                      
[6] "Statistical inference for the difference between the best treatment mean and a control mean"                                   
[7] "Efficient designs for one-sided comparisons of two or three treatments with a control in a one-way layout"                     
[8] "A generalized {EWMA} control chart and its comparison with the optimal {EWMA}, {CUSUM} and {GLR} schemes"                      
[1] "########## topic 37 ##############"
[1] "##### top positive words:"
[1] "approach"  "sets"      "real"      "simulated" "using"     "analysis" 
[7] "spatial"   "data"     
[1] "##### top document titles:"
[1] "From the statistics of data to the statistics of knowledge: symbolic data analysis"                                           
[2] "Dynamic multiscale spatiotemporal models for {G}aussian areal data"                                                           
[3] "Gaussian predictive process models for large spatial data sets"                                                               
[4] "Subsampling methods to estimate the variance of sample means based on nonstationary spatial data with varying expected values"
[5] "Assessing landmark influence on shape variation"                                                                              
[6] "Fourier analysis of irregularly spaced data on {$\\Bbb{R}^d$}"                                                                
[7] "Multiscale methods for data on graphs and irregular multidimensional situations"                                              
[8] "Approximate likelihood for large irregularly spaced spatial data"                                                             
[1] "########## topic 38 ##############"
[1] "##### top positive words:"
[1] "exponential"   "limit"         "new"           "statist"      
[5] "general"       "family"        "class"         "distributions"
[1] "##### top document titles:"
[1] "Asymptotic data analysis on manifolds"                                                                      
[2] "Modelling directional dispersion through hyperspherical log-splines"                                        
[3] "Breakdown and groups"                                                                                       
[4] "Pseudo-maximum likelihood estimation of {${\\rm ARCH}(\\infty)$} models"                                    
[5] "Serial and nonserial sign-and-rank statistics: asymptotic representation and asymptotic normality"          
[6] "On local {$U$}-statistic processes and the estimation of densities of functions of several sample variables"
[7] "A family of symmetric distributions on the circle"                                                          
[8] "Sinh-arcsinh distributions"                                                                                 
[1] "########## topic 39 ##############"
[1] "##### top positive words:"
[1] "fixed"   "gives"   "results" "fields"  "field"   "mixed"   "effects"
[8] "random" 
[1] "##### top document titles:"
[1] "Matching conditional and marginal shapes in binary random intercept models using a bridge distribution function"
[2] "Nested generalized linear mixed models: an orthodox best linear unbiased predictor approach"                    
[3] "A computationally tractable multivariate random effects model for clustered binary data"                        
[4] "Estimating deformations of isotropic {G}aussian random fields on the plane"                                     
[5] "Detecting sparse signals in random fields, with an application to brain mapping"                                
[6] "On the consistent separation of scale and variance for {G}aussian random fields"                                
[7] "Random effects {C}ox models: a {P}oisson modelling approach"                                                    
[8] "Maximal meaningful events and applications to image analysis"                                                   
[1] "########## topic 40 ##############"
[1] "##### top positive words:"
[1] "case"      "settings"  "available" "approach"  "online"    "methods"  
[7] "problems"  "problem"  
[1] "##### top document titles:"
[1] "Median-based classifiers for high-dimensional data"                                                    
[2] "Tilting methods for assessing the influence of components in a classifier"                             
[3] "Nonparametric density estimation from covariate information"                                           
[4] "Discrete-transform approach to deconvolution problems"                                                 
[5] "{\\it {S}parse{N}et}: coordinate descent with nonconvex penalties"                                     
[6] "Using {SIMEX} for smoothing-parameter choice in errors-in-variables problems"                          
[7] "Sequential methods for design-adaptive estimation of discontinuities in regression curves and surfaces"
[8] "Using evidence of mixed populations to select variables for clustering very high-dimensional data"     
[1] "########## topic 41 ##############"
[1] "##### top positive words:"
[1] "theory"       "measures"     "many"         "framework"    "inference"   
[6] "analysis"     "applications" "statistical" 
[1] "##### top document titles:"
[1] "Erich {L}eo {L}ehmann---a glimpse into his life and work"                                         
[2] "Perturbation selection and influence measures in local influence analysis"                        
[3] "Studies in the history of probability and statistics, {L}: {K}arl {P}earson and the rule of three"
[4] "Bayesian treed {G}aussian process models with an application to computer modeling"                
[5] "Bayesian influence analysis: a geometric approach"                                                
[6] "Adversarial risk analysis"                                                                        
[7] "Herbert {R}obbins and sequential analysis"                                                        
[8] "Perturbation and scaled {C}ook's distance"                                                        
[1] "########## topic 42 ##############"
[1] "##### top positive words:"
[1] "schemes"     "sampled"     "methods"     "observation" "scheme"     
[6] "importance"  "samples"     "sampling"   
[1] "##### top document titles:"
[1] "Random-weight particle filtering of continuous time processes"                                                                                                                                                                                                    
[2] "Independent particle filters"                                                                                                                                                                                                                                     
[3] "Variance estimation for generalized {C}avalieri estimators"                                                                                                                                                                                                       
[4] "Nonparametric tests for perfect judgment rankings"                                                                                                                                                                                                                
[5] "A direct bootstrap method for complex sampling designs from a finite population"                                                                                                                                                                                  
[6] "Spatially balanced sampling of natural resources"                                                                                                                                                                                                                 
[7] "Partially collapsed {G}ibbs samplers: theory and methods"                                                                                                                                                                                                         
[8] "A multi-move sampler for estimating non-{G}aussian time series models. {C}omments on: ``{L}ikelihood analysis of non-{G}aussian measurement time series'' [{B}iometrika {\\bf 84} (1997), no. 3, 653--667; MR1603940] by {N}.\\ {S}hephard and {M}. {K}.\\ {P}itt"
[1] "########## topic 43 ##############"
[1] "##### top positive words:"
[1] "probability"  "observations" "best"         "future"       "forecasts"   
[6] "predictive"   "loss"         "prediction"  
[1] "##### top document titles:"
[1] "Probabilistic weather forecasting for winter road maintenance"                                                   
[2] "Probabilistic wind spread forecasting using ensembles and {B}ayesian model averaging"                            
[3] "Cost (or price) forecasting in the face of technological advance"                                                
[4] "Strictly proper scoring rules, prediction, and estimation"                                                       
[5] "Calibrated probabilistic mesoscale weather field forecasting: the geostatistical output perturbation method"     
[6] "Combining probability forecasts"                                                                                 
[7] "Powering up with space-time wind forecasting"                                                                    
[8] "Calibrated probabilistic forecasting at the stateline wind energy center: the regime-switching space-time method"
[1] "########## topic 44 ##############"
[1] "##### top positive words:"
[1] "methods"    "using"      "chain"      "algorithms" "markov"    
[6] "monte"      "carlo"      "algorithm" 
[1] "##### top document titles:"
[1] "On-line inference for hidden {M}arkov models via particle filters"                                       
[2] "Improving {SAMC} using smoothing methods: theory and applications to {B}ayesian model selection problems"
[3] "Asymptotic variance and convergence rates of nearly-periodic {M}arkov chain {M}onte {C}arlo algorithms"  
[4] "A generalized {W}ang-{L}andau algorithm for {M}onte {C}arlo computation"                                 
[5] "Sequential {M}onte {C}arlo samplers"                                                                     
[6] "Ascent-based {M}onte {C}arlo expectation-maximization"                                                   
[7] "Riemann manifold {L}angevin and {H}amiltonian {M}onte {C}arlo methods"                                   
[8] "Particle {M}arkov chain {M}onte {C}arlo methods"                                                         
[1] "########## topic 45 ##############"
[1] "##### top positive words:"
[1] "genetic"     "association" "factors"     "study"       "studies"    
[6] "cancer"      "disease"     "risk"       
[1] "##### top document titles:"
[1] "Inference of tamoxifen's effects on prevention of breast cancer from a randomized controlled trial"                                                       
[2] "Maximum likelihood inference on a mixed conditionally and marginally specified regression model for genetic epidemiologic studies with two-phase sampling"
[3] "Bayesian inference on changes in response densities over predictor clusters"                                                                              
[4] "Bayesian model averaging with applications to benchmark dose estimation for arsenic in drinking water"                                                    
[5] "Breast cancer relative hazard estimates from case-control and cohort designs with missing data on mammographic density"                                   
[6] "Semiparametric methods for evaluating risk prediction markers in case-control studies"                                                                    
[7] "Relative risk forests for exercise heart rate recovery as a predictor of mortality"                                                                       
[8] "Modeling disease progression with longitudinal markers"                                                                                                   
[1] "########## topic 46 ##############"
[1] "##### top positive words:"
[1] "optimal"     "estimation"  "minimax"     "noise"       "adaptive"   
[6] "rates"       "convergence" "rate"       
[1] "##### top document titles:"
[1] "Periodic boxcar deconvolution and {D}iophantine approximation"                           
[2] "Wavelet deconvolution in a periodic setting"                                             
[3] "Empirical risk minimization in inverse problems"                                         
[4] "Optimal adaptive estimation of a quadratic functional"                                   
[5] "Optimal change-point estimation from indirect observations"                              
[6] "Thresholding estimators for linear inverse problems and deconvolutions"                  
[7] "Needles and straw in haystacks: empirical {B}ayes estimates of possibly sparse sequences"
[8] "General empirical {B}ayes wavelet methods and exactly adaptive minimax estimation"       
[1] "########## topic 47 ##############"
[1] "##### top positive words:"
[1] "new"         "studies"     "performance" "study"       "propose"    
[6] "methods"     "simulation"  "proposed"   
[1] "##### top document titles:"
[1] "Parameter estimation for differential equation models using a framework of measurement error in regression models"
[2] "Model selection and estimation in the {G}aussian graphical model"                                                 
[3] "Generalized empirical likelihood methods for analyzing longitudinal data"                                         
[4] "Aalen additive hazards change-point model"                                                                        
[5] "Nonparametric estimation of cause-specific cross hazard ratio with bivariate competing risks data"                
[6] "A sequential smoothing algorithm with linear computational cost"                                                  
[7] "Testing independence for bivariate current status data"                                                           
[8] "Empirical likelihood and quantile regression in longitudinal data analysis"                                       
[1] "########## topic 48 ##############"
[1] "##### top positive words:"
[1] "longitudinal" "curves"       "curve"        "principal"    "analysis"    
[6] "component"    "components"   "functional"  
[1] "##### top document titles:"
[1] "Analysis of principal nested spheres"                                            
[2] "Functional variance processes"                                                   
[3] "Estimation of functional derivatives"                                            
[4] "Functional quadratic regression"                                                 
[5] "Additive modelling of functional gradients"                                      
[6] "On consistency and sparsity for principal components analysis in high dimensions"
[7] "Combining registration and fitting for functional models"                        
[8] "On multilinear principal component analysis of order-two tensors"                
[1] "########## topic 49 ##############"
[1] "##### top positive words:"
[1] "dirichlet"     "distributions" "priors"        "bayes"        
[5] "mixture"       "posterior"     "prior"         "bayesian"     
[1] "##### top document titles:"
[1] "Hierarchical {D}irichlet processes"                                                    
[2] "Objective {B}ayesian analysis for the {S}tudent-{$t$} regression model"                
[3] "Mixtures of {$g$} priors for {B}ayesian variable selection"                            
[4] "Fully {B}ayesian spline smoothing and intrinsic autoregressive priors"                 
[5] "Extending conventional priors for testing general hypotheses in linear models"         
[6] "Generalization of {J}effreys divergence-based priors for {B}ayesian hypothesis testing"
[7] "Elastic net regression modeling with the orthant normal prior"                         
[8] "Hierarchical mixture modeling with normalized inverse-{G}aussian priors"               
[1] "########## topic 50 ##############"
[1] "##### top positive words:"
[1] "beta"         "theta"        "observations" "consider"     "given"       
[6] "independent"  "normal"       "distribution"
[1] "##### top document titles:"
[1] "Semiparametric estimation for stationary processes whose spectra have an unknown pole"       
[2] "Conditional least squares estimation in nonstationary nonlinear stochastic regression models"
[3] "Improved minimax predictive densities under {K}ullback-{L}eibler loss"                       
[4] "Consistent estimates of deformed isotropic {G}aussian random fields on the plane"            
[5] "Admissible predictive density estimation"                                                    
[6] "Inference on population size in binomial detectability models"                               
[7] "Asymptotic inference for a nonstationary double {$\\rm AR(1)$} model"                        
[8] "Sparse recovery in convex hulls via entropy penalization"                                    
