[1] "####################################"
[1] "############# K = 20 #############"
[1] "####################################"
[1] "########## topic 1 ##############"
[1] "##### top positive words:"
[1] "models"        "distribution"  "mixture"       "model"        
[5] "posterior"     "distributions" "prior"         "bayesian"     
[1] "##### top document titles:"
[1] "A constructive representation of univariate skewed distributions"       
[2] "Bayes factors based on test statistics"                                 
[3] "Inference for mixtures of finite {P}olya tree models"                   
[4] "Default priors for {B}ayesian and frequentist inference"                
[5] "On priors with a {K}ullback-{L}eibler property"                         
[6] "Hierarchical mixture modeling with normalized inverse-{G}aussian priors"
[7] "Shrinkage priors for {B}ayesian prediction"                             
[8] "Simultaneous prediction of independent {P}oisson observables"           
[1] "########## topic 2 ##############"
[1] "##### top positive words:"
[1] "minimum"    "interval"   "intervals"  "optimal"    "bootstrap" 
[6] "confidence" "design"     "designs"   
[1] "##### top document titles:"
[1] "Universal optimality for selected crossover designs"                                          
[2] "Some nonregular designs from the {N}ordstrom-{R}obinson code and their statistical properties"
[3] "Doubling and projection: a method of constructing two-level designs of resolution {IV}"       
[4] "Optimal additions to and deletions from two-level orthogonal arrays"                          
[5] "Some results on {$2^{n-m}$} designs of resolution {IV} with (weak) minimum aberration"        
[6] "Generalised minimum aberration construction results for symmetrical orthogonal arrays"        
[7] "Minimum aberration construction results for nonregular two-level fractional factorial designs"
[8] "A complementary design theory for doubling"                                                   
[1] "########## topic 3 ##############"
[1] "##### top positive words:"
[1] "studies"    "randomized" "outcomes"   "causal"     "outcome"   
[6] "effects"    "effect"     "treatment" 
[1] "##### top document titles:"
[1] "Evidence factors in observational studies"                                                                                 
[2] "Sensitivity analyses comparing time-to-event outcomes existing only in a subset selected postrandomization"                
[3] "Can nonrandomized experiments yield accurate answers? {A} randomized experiment comparing random and nonrandom assignments"
[4] "Evaluating kindergarten retention policy: a case study of causal inference for multilevel observational data"              
[5] "Differential effects and generic biases in observational studies"                                                          
[6] "War and wages: the strength of instrumental variables and their sensitivity to unobserved biases"                          
[7] "Criteria for surrogate end points"                                                                                         
[8] "Randomization inference with imperfect compliance in the {ACE}-inhibitor after anthracycline randomized trial"             
[1] "########## topic 4 ##############"
[1] "##### top positive words:"
[1] "gaussian"     "reduction"    "matrices"     "vector"       "multivariate"
[6] "dimension"    "covariance"   "matrix"      
[1] "##### top document titles:"
[1] "Multivariate analysis and {J}acobi ensembles: largest eigenvalue, {T}racy-{W}idom limits and rates of convergence"
[2] "Invariant co-ordinate selection"                                                                                  
[3] "A new approach to {C}holesky-based covariance regularization in high dimensions"                                  
[4] "Covariance decomposition in undirected {G}aussian graphical models"                                               
[5] "On identification of multi-factor models with correlated residuals"                                               
[6] "Estimation of means in graphical {G}aussian models with symmetries"                                               
[7] "Trek separation for {G}aussian graphical models"                                                                  
[8] "Moments of minors of {W}ishart matrices"                                                                          
[1] "########## topic 5 ##############"
[1] "##### top positive words:"
[1] "distributions" "consistency"   "estimators"    "results"      
[5] "sample"        "conditions"    "distribution"  "asymptotic"   
[1] "##### top document titles:"
[1] "Influence function and maximum bias of projection depth based estimators"   
[2] "Asymptotic data analysis on manifolds"                                      
[3] "Cram\\'er-type large deviations for samples from a finite population"       
[4] "Uniform asymptotics for robust location estimates when the scale is unknown"
[5] "Asymptotic normality of a nonparametric estimator of sample coverage"       
[6] "Multidimensional trimming based on projection depth"                        
[7] "Depth weighted scatter estimators"                                          
[8] "Projection-based depth functions and associated medians"                    
[1] "########## topic 6 ##############"
[1] "##### top positive words:"
[1] "event"    "cancer"   "failure"  "times"    "studies"  "survival" "time"    
[8] "data"    
[1] "##### top document titles:"
[1] "Mixture cure survival models with dependent censoring"                                              
[2] "Nonparametric estimation with left-truncated semicompeting risks data"                              
[3] "Analyzing length-biased data with semiparametric transformation and accelerated failure time models"
[4] "Nonparametric incidence estimation from prevalent cohort survival data"                             
[5] "A class of semiparametric mixture cure survival models with dependent censoring"                    
[6] "Semiparametric regression analysis of mean residual life with censored survival data"               
[7] "Nonparametric association analysis of bivariate competing-risks data"                               
[8] "Analysing bivariate survival data with interval sampling and application to cancer epidemiology"    
[1] "########## topic 7 ##############"
[1] "##### top positive words:"
[1] "covariates"    "response"      "nonparametric" "generalized"  
[5] "model"         "models"        "linear"        "regression"   
[1] "##### top document titles:"
[1] "Backfitting and smooth backfitting for additive quantile models"
[2] "Generalized varying coefficient models for longitudinal data"   
[3] "Covariate-adjusted generalized linear models"                   
[4] "Covariate-adjusted regression"                                  
[5] "A simple smooth backfitting method for additive models"         
[6] "Local additive estimation"                                      
[7] "Generalised structured models"                                  
[8] "Power transformation toward a linear regression quantile"       
[1] "########## topic 8 ##############"
[1] "##### top positive words:"
[1] "clusters"   "number"     "cluster"    "gene"       "group"     
[6] "clustering" "expression" "data"      
[1] "##### top document titles:"
[1] "Local smoothing image segmentation for spotted microarray images"                                   
[2] "Clustering objects on subsets of attributes"                                                        
[3] "Variable selection in regression mixture modeling for the discovery of gene regulatory networks"    
[4] "Bayesian random segmentation models to identify shared copy number aberrations for array {CGH} data"
[5] "Hidden {M}arkov models for microarray time course data in multiple biological conditions"           
[6] "Modeling three-dimensional chromosome structures using gene expression data"                        
[7] "Accounting for spatial dependence in the analysis of {SPECT} brain imaging data"                    
[8] "A method for normalizing microarrays using genes that are not differentially expressed"             
[1] "########## topic 9 ##############"
[1] "##### top positive words:"
[1] "marginal"     "distribution" "variables"    "random"       "conditional" 
[6] "data"         "model"        "models"      
[1] "##### top document titles:"
[1] "Pairwise dependence diagnostics for clustered failure-time data"                                                
[2] "Binary models for marginal independence"                                                                        
[3] "Transition models for multivariate longitudinal binary data"                                                    
[4] "Matching conditional and marginal shapes in binary random intercept models using a bridge distribution function"
[5] "Copula model generated by {D}abrowska's association measure"                                                    
[6] "Conditional and marginal association for binary random variables"                                               
[7] "Recapture models under equality constraints for the conditional capture probabilities"                          
[8] "On an internal method for deriving a summary measure"                                                           
[1] "########## topic 10 ##############"
[1] "##### top positive words:"
[1] "estimates" "system"    "health"    "article"   "using"     "models"   
[7] "data"      "model"    
[1] "##### top document titles:"
[1] "Bayesian modeling of uncertainty in ensembles of climate models"                                                 
[2] "Calibrated probabilistic forecasting at the stateline wind energy center: the regime-switching space-time method"
[3] "Bayesian spatial quantile regression"                                                                            
[4] "Intervention and causality: forecasting traffic flows using a dynamic {B}ayesian network"                        
[5] "A model of the joint distribution of purchase quantity and timing"                                               
[6] "Election forecasts using spatiotemporal models"                                                                  
[7] "The value of multiproxy reconstruction of past climate"                                                          
[8] "Powering up with space-time wind forecasting"                                                                    
[1] "########## topic 11 ##############"
[1] "##### top positive words:"
[1] "data"        "inference"   "many"        "problems"    "problem"    
[6] "can"         "statistical" "methods"    
[1] "##### top document titles:"
[1] "Statistics: harnessing the power of information"                                                  
[2] "On {S}tudent's 1908 article ``{T}he probable error of a mean''"                                   
[3] "Does the statistics profession have an identity crisis?"                                          
[4] "Bayesians, frequentists, and scientists"                                                          
[5] "From the statistics of data to the statistics of knowledge: symbolic data analysis"               
[6] "Erich {L}eo {L}ehmann---a glimpse into his life and work"                                         
[7] "From data to policy: scientific excellence is our future"                                         
[8] "Studies in the history of probability and statistics, {L}: {K}arl {P}earson and the rule of three"
[1] "########## topic 12 ##############"
[1] "##### top positive words:"
[1] "random"     "component"  "analysis"   "smoothing"  "functions" 
[6] "components" "data"       "functional"
[1] "##### top document titles:"
[1] "Functional convex averaging and synchronization for time-warped random curves"                                 
[2] "Additive modelling of functional gradients"                                                                    
[3] "Inferring stochastic dynamics from functional data"                                                            
[4] "Estimating derivatives for samples of sparsely observed functions, with application to online auction dynamics"
[5] "Spatially adaptive smoothing splines"                                                                          
[6] "Estimation of functional derivatives"                                                                          
[7] "Functional variance processes"                                                                                 
[8] "Combining registration and fitting for functional models"                                                      
[1] "########## topic 13 ##############"
[1] "##### top positive words:"
[1] "lasso"      "number"     "criterion"  "prediction" "least"     
[6] "variable"   "model"      "selection" 
[1] "##### top document titles:"
[1] "Regularization parameter selections via generalized information criterion"                
[2] "A unified approach to model selection and sparse recovery using regularized least squares"
[3] "Tuning parameter selectors for the smoothly clipped absolute deviation method"            
[4] "A generalized {D}antzig selector with shrinkage tuning"                                   
[5] "Regularization and variable selection via the elastic net"                                
[6] "Variable inclusion and shrinkage algorithms"                                              
[7] "On the non-negative garrote estimator"                                                    
[8] "The adaptive lasso and its oracle properties"                                             
[1] "########## topic 14 ##############"
[1] "##### top positive words:"
[1] "procedure"  "new"        "simulation" "propose"    "data"      
[6] "methods"    "proposed"   "method"    
[1] "##### top document titles:"
[1] "Testing independence for bivariate current status data"                                           
[2] "Mobius-like mappings and their use in kernel density estimation"                                  
[3] "Robust data-driven inference for density-weighted average derivatives"                            
[4] "A sequential smoothing algorithm with linear computational cost"                                  
[5] "Efficient {R}obbins-{M}onro procedure for binary data"                                            
[6] "Sliced regression for dimension reduction"                                                        
[7] "Empirical likelihood and quantile regression in longitudinal data analysis"                       
[8] "Nonparametric estimation of cause-specific cross hazard ratio with bivariate competing risks data"
[1] "########## topic 15 ##############"
[1] "##### top positive words:"
[1] "missing"    "bias"       "sample"     "estimator"  "variance"  
[6] "mean"       "error"      "estimators"
[1] "##### top document titles:"
[1] "Mean-squared error estimation in transformed {F}ay-{H}erriot models"                     
[2] "Artificially augmented samples, shrinkage, and mean squared error reduction"             
[3] "Adjusted jackknife for imputation under unequal probability sampling without replacement"
[4] "Replication variance estimation for two-phase stratified sampling"                       
[5] "Small area estimation when auxiliary information is measured with error"                 
[6] "Calibrated imputation in surveys under a quasi-model-assisted approach"                  
[7] "On the bias of the multiple-imputation variance estimator in survey sampling"            
[8] "Fractional hot deck imputation"                                                          
[1] "########## topic 16 ##############"
[1] "##### top positive words:"
[1] "using"      "chain"      "algorithms" "sampling"   "markov"    
[6] "monte"      "carlo"      "algorithm" 
[1] "##### top document titles:"
[1] "Multiprocess parallel antithetic coupling for backward and forward {M}arkov chain {M}onte {C}arlo"
[2] "Recursive computing and simulation-free inference for general factorizable models"                
[3] "Sequential {M}onte {C}arlo samplers"                                                              
[4] "On the use of local optimizations within {M}etropolis-{H}astings updates"                         
[5] "Particle {M}arkov chain {M}onte {C}arlo methods"                                                  
[6] "Ascent-based {M}onte {C}arlo expectation-maximization"                                            
[7] "A generalized {W}ang-{L}andau algorithm for {M}onte {C}arlo computation"                          
[8] "Independent particle filters"                                                                     
[1] "########## topic 17 ##############"
[1] "##### top positive words:"
[1] "problem"     "rates"       "estimation"  "estimator"   "convergence"
[6] "rate"        "function"    "density"    
[1] "##### top document titles:"
[1] "Adaptive variance function estimation in heteroscedastic nonparametric regression"         
[2] "Data-driven density estimation in the presence of additive noise with unknown distribution"
[3] "A note on nonparametric estimation of linear functionals"                                  
[4] "General empirical {B}ayes wavelet methods and exactly adaptive minimax estimation"         
[5] "Sparse recovery in convex hulls via entropy penalization"                                  
[6] "Empirical risk minimization in inverse problems"                                           
[7] "Optimal change-point estimation from indirect observations"                                
[8] "Fast learning rates for plug-in classifiers"                                               
[1] "########## topic 18 ##############"
[1] "##### top positive words:"
[1] "power"      "procedures" "hypothesis" "statistic"  "null"      
[6] "testing"    "tests"      "test"      
[1] "##### top document titles:"
[1] "Shortcuts for locally consonant closed test procedures"                                 
[2] "Generalizations of the familywise error rate"                                           
[3] "Control of generalized error rates in multiple testing"                                 
[4] "{$\\alpha$}-investing: a procedure for sequential control of expected false discoveries"
[5] "A note on adaptive {B}onferroni and {H}olm procedures under dependence"                 
[6] "Generalizing {S}imes' test and {H}ochberg's stepup procedure"                           
[7] "Stepup procedures controlling generalized {FWER} and generalized {FDR}"                 
[8] "Stepup procedures for control of generalizations of the familywise error rate"          
[1] "########## topic 19 ##############"
[1] "##### top positive words:"
[1] "estimating" "estimators" "model"      "parameter"  "maximum"   
[6] "parameters" "estimator"  "likelihood"
[1] "##### top document titles:"
[1] "Point estimation with exponentially tilted empirical likelihood"                                          
[2] "Locally efficient semiparametric estimators for generalized skew-elliptical distributions"                
[3] "Constrained local likelihood estimators for semiparametric skew-normal distributions"                     
[4] "Efficiency of projected score methods in rectangular array asymptotics"                                   
[5] "Statistical inference for infinite-dimensional parameters via asymptotically pivotal estimating functions"
[6] "Efficient estimation of {B}anach parameters in semiparametric models"                                     
[7] "Likelihood ratio statistics based on an integrated likelihood"                                            
[8] "On {B}artlett correction of empirical likelihood in the presence of nuisance parameters"                  
[1] "########## topic 20 ##############"
[1] "##### top positive words:"
[1] "spectral"   "stationary" "stochastic" "spatial"    "processes" 
[6] "series"     "process"    "time"      
[1] "##### top document titles:"
[1] "Testing whether jumps have finite or infinite activity"                                      
[2] "Bayesian inference for non-{G}aussian {O}rnstein-{U}hlenbeck stochastic volatility processes"
[3] "Testing for jumps in a discretely observed process"                                          
[4] "Locally adaptive estimation of evolutionary wavelet spectra"                                 
[5] "Estimating the degree of activity of jumps in high frequency data"                           
[6] "A note on non-negative continuous time processes"                                            
[7] "Localized realized volatility modeling"                                                      
[8] "Realized {L}aplace transforms for pure-jump semimartingales"                                 
