[1] "####################################"
[1] "############# K = 50 #############"
[1] "####################################"
[1] "########## topic 1 ##############"
[1] "##### top positive words:"
[1] "estimation" "estimators" "regression" "models"     "simulation"
[6] "data"       "proposed"   "model"     
[1] "##### top negative words:"
[1] "minimax"      "noise"        "upper"        "bounds"       "uncertainty" 
[6] "hierarchical" "risk"         "decision"    
[1] "##### top document titles:"
[1] "Efficient estimation for the accelerated failure time model"                                                           
[2] "Semiparametric maximum likelihood estimation in normal transformation models for bivariate survival data"              
[3] "Partially linear hazard regression with varying coefficients for multivariate survival data"                           
[4] "Locally efficient estimators for semiparametric models with measurement error"                                         
[5] "New efficient estimation and variable selection methods for semiparametric varying-coefficient partially linear models"
[6] "Functional inference in frailty measurement error models for clustered survival data using the {SIMEX} approach"       
[7] "Semiparametric normal transformation models for spatially correlated survival data"                                    
[8] "Estimated estimating equations: semiparametric inference for clustered and longitudinal data"                          
[1] "########## topic 2 ##############"
[1] "##### top positive words:"
[1] "optimal"   "paper"     "estimator" "function"  "also"      "show"     
[7] "problem"   "results"  
[1] "##### top negative words:"
[1] "studies"        "semiparametric" "effects"        "longitudinal"  
[5] "covariate"      "modeling"       "covariates"     "association"   
[1] "##### top document titles:"
[1] "The {D}antzig selector: statistical estimation when {$p$} is much larger than {$n$}"     
[2] "Adapting to unknown sparsity by controlling the false discovery rate"                    
[3] "Noisy matrix decomposition via convex relaxation: optimal rates in high dimensions"      
[4] "Oracle inequalities and optimal inference under group sparsity"                          
[5] "Empirical {B}ayes selection of wavelet thresholds"                                       
[6] "Nuclear-norm penalization and optimal rates for noisy low-rank matrix completion"        
[7] "Estimation of high-dimensional low-rank matrices"                                        
[8] "Needles and straw in haystacks: empirical {B}ayes estimates of possibly sparse sequences"
[1] "########## topic 3 ##############"
[1] "##### top positive words:"
[1] "process"   "recurrent" "times"     "censoring" "subject"   "events"   
[7] "time"      "event"    
[1] "##### top negative words:"
[1] "linear"      "control"     "discovery"   "missing"     "normality"  
[6] "selection"   "theoretical" "also"       
[1] "##### top document titles:"
[1] "Piecewise constant cross-ratio estimation for association of age at a marker event and age at menopause"                                                                                           
[2] "Robust estimation of mean functions and treatment effects for recurrent events under event-dependent censoring and termination: application to skeletal complications in cancer metastatic to bone"
[3] "A nonparametric test for panel count data"                                                                                                                                                         
[4] "Nonparametric estimation with left-truncated semicompeting risks data"                                                                                                                             
[5] "Joint modeling and estimation for recurrent event processes and failure time data"                                                                                                                 
[6] "Semiparametric marginal regression analysis for dependent competing risks under an assumed copula"                                                                                                 
[7] "Semiparametric estimation of treatment effects given base-line covariates on an outcome measured after a post-randomization event occurs"                                                          
[8] "Analysis of time-to-event data with incomplete event adjudication"                                                                                                                                 
[1] "########## topic 4 ##############"
[1] "##### top positive words:"
[1] "coefficients" "algorithm"    "linear"       "method"       "regression"  
[6] "variable"     "selection"    "lasso"       
[1] "##### top negative words:"
[1] "functions"    "density"      "distribution" "asymptotic"   "function"    
[6] "interest"     "statistics"   "test"        
[1] "##### top document titles:"
[1] "The group {L}asso for logistic regression"                                           
[2] "Degrees of freedom in lasso problems"                                                
[3] "Efficient empirical {B}ayes variable selection and estimation in linear models"      
[4] "The sparsity and bias of the {LASSO} selection in high-dimensional linear regression"
[5] "Variable inclusion and shrinkage algorithms"                                         
[6] "Oracle inequalities and optimal inference under group sparsity"                      
[7] "Variable selection in nonparametric additive models"                                 
[8] "The adaptive lasso and its oracle properties"                                        
[1] "########## topic 5 ##############"
[1] "##### top positive words:"
[1] "posterior" "using"     "algorithm" "bayesian"  "monte"     "carlo"    
[7] "markov"    "chain"    
[1] "##### top negative words:"
[1] "estimators" "useful"     "tests"      "test"       "empirical" 
[6] "studies"    "new"        "many"      
[1] "##### top document titles:"
[1] "Consistency of {M}arkov chain quasi-{M}onte {C}arlo on continuous state spaces"                       
[2] "Markov chain {M}onte {C}arlo methods for high dimensional inversion in remote sensing"                
[3] "Optimal strategies for a class of sequential control problems with precedence relations"              
[4] "Efficient construction of reversible jump {M}arkov chain {M}onte {C}arlo proposal distributions"      
[5] "Statistical inference for discretely observed {M}arkov jump processes"                                
[6] "Optimal {B}ayesian design by inhomogeneous {M}arkov chain simulation"                                 
[7] "Population-based reversible jump {M}arkov chain {M}onte {C}arlo"                                      
[8] "Geometric ergodicity of van {D}yk and {M}eng's algorithm for the multivariate {S}tudent's {$t$} model"
[1] "########## topic 6 ##############"
[1] "##### top positive words:"
[1] "edges"         "effects"       "relationships" "graphs"       
[5] "variables"     "causal"        "acyclic"       "directed"     
[1] "##### top negative words:"
[1] "structural"   "necessary"    "neighborhood" "eigenvectors" "normalized"  
[6] "zero"         "regression"   "posterior"   
[1] "##### top document titles:"
[1] "Graphical identifiability criteria for causal effects in studies with an unobserved treatment/response variable"
[2] "Wishart distributions for decomposable graphs"                                                                  
[3] "Matrix representations and independencies in directed acyclic graphs"                                           
[4] "Characterizing {M}arkov equivalence classes for {AMP} chain graph models"                                       
[5] "Signed directed acyclic graphs for causal inference"                                                            
[6] "Uniform consistency in causal inference"                                                                        
[7] "The intrinsic distribution and selection bias of long-period cometary orbits"                                   
[8] "Penalized likelihood methods for estimation of sparse high-dimensional directed acyclic graphs"                 
[1] "########## topic 7 ##############"
[1] "##### top positive words:"
[1] "models"        "parameter"     "class"         "distributions"
[5] "posterior"     "prior"         "bayesian"      "priors"       
[1] "##### top negative words:"
[1] "asymptotic" "test"       "statistics" "estimators" "time"      
[6] "error"      "work"       "method"    
[1] "##### top document titles:"
[1] "Posterior propriety and admissibility of hyperpriors in normal hierarchical models"
[2] "Mixtures of {$g$} priors for {B}ayesian variable selection"                        
[3] "Prior distributions from pseudo-likelihoods in the presence of nuisance parameters"
[4] "Shrinkage priors for {B}ayesian prediction"                                        
[5] "Fully {B}ayesian spline smoothing and intrinsic autoregressive priors"             
[6] "Consistency of {B}ayes estimators of a binary regression function"                 
[7] "Extending conventional priors for testing general hypotheses in linear models"     
[8] "Objective {B}ayesian analysis for the {S}tudent-{$t$} regression model"            
[1] "########## topic 8 ##############"
[1] "##### top positive words:"
[1] "wide"         "smoothness"   "balls"        "range"        "thresholding"
[6] "adaptive"     "wavelet"      "besov"       
[1] "##### top negative words:"
[1] "order"         "based"         "distribution"  "matrix"       
[5] "new"           "used"          "approximation" "simple"       
[1] "##### top document titles:"
[1] "Wavelet threshold estimation for additive regression models"                      
[2] "Optimal adaptive estimation of a quadratic functional"                            
[3] "Functional deconvolution in a periodic setting: uniform case"                     
[4] "A data-driven block thresholding approach to wavelet estimation"                  
[5] "Parametric modelling of thresholds across scales in wavelet regression"           
[6] "A complement to {L}e {C}am's theorem"                                             
[7] "Empirical {B}ayes selection of wavelet thresholds"                                
[8] "General empirical {B}ayes wavelet methods and exactly adaptive minimax estimation"
[1] "########## topic 9 ##############"
[1] "##### top positive words:"
[1] "includes"    "confounding" "existing"    "mortality"   "sensitivity"
[6] "effects"     "air"         "pollution"  
[1] "##### top negative words:"
[1] "analysis"   "casecohort" "show"       "properties" "sample"    
[6] "estimating" "variance"   "measured"  
[1] "##### top document titles:"
[1] "Confidence sets for split points in decision trees"                                              
[2] "Modeling nonstationary processes through dimension expansion"                                    
[3] "A conditional approach for multivariate extreme values"                                          
[4] "A multiple-index model and dimension reduction"                                                  
[5] "Model checking in regression via dimension reduction"                                            
[6] "Directional rates of change under spatial process models"                                        
[7] "An approach to the estimation of chronic air pollution effects using spatio-temporal information"
[8] "Improved semiparametric time series models of air pollution and mortality"                       
[1] "########## topic 10 ##############"
[1] "##### top positive words:"
[1] "accurate"      "probabilistic" "probability"   "model"        
[5] "predictions"   "forecast"      "forecasting"   "forecasts"    
[1] "##### top negative words:"
[1] "particular"   "regression"   "analysis"     "may"          "hierarchical"
[6] "values"       "covariance"   "inference"   
[1] "##### top document titles:"
[1] "Combining probability forecasts"                                                                                 
[2] "Calibrated probabilistic forecasting at the stateline wind energy center: the regime-switching space-time method"
[3] "Strictly proper scoring rules, prediction, and estimation"                                                       
[4] "How useful is bagging in forecasting economic time series? {A} case study of {U}.{S}. consumer price inflation"  
[5] "Probabilistic weather forecasting for winter road maintenance"                                                   
[6] "Cost (or price) forecasting in the face of technological advance"                                                
[7] "Probabilistic forecasts, calibration and sharpness"                                                              
[8] "Forecast uncertainties in macroeconomic modeling: an application to the {U}.{K}.\\ economy"                      
[1] "########## topic 11 ##############"
[1] "##### top positive words:"
[1] "change"       "program"      "end"          "results"      "epidemiology"
[6] "detecting"    "detection"    "surveillance"
[1] "##### top negative words:"
[1] "studies"         "air"             "genetic"         "asymptotic"     
[5] "characteristics" "however"         "methodology"     "can"            
[1] "##### top document titles:"
[1] "Nonparametric estimation of the probability of illness in the illness-death model under cross-sectional sampling"                                                   
[2] "Detection of an anomalous cluster in a network"                                                                                                                     
[3] "Mixture cure survival models with dependent censoring"                                                                                                              
[4] "Bayesian analysis of cancer rates from {SEER} program using parametric and semiparametric joinpoint regression models"                                              
[5] "Weighted normal spatial scan statistic for heterogeneous population data"                                                                                           
[6] "Combining information from two surveys to estimate county-level prevalence rates of cancer risk factors and screening"                                              
[7] "Surveillance strategies for detecting changepoint in incidence rate based on exponentially weighted moving average methods"                                         
[8] "Bayesian estimation and prediction for inhomogeneous spatiotemporal log-{G}aussian {C}ox processes using low-rank models, with application to criminal surveillance"
[1] "########## topic 12 ##############"
[1] "##### top positive words:"
[1] "exchange"      "highfrequency" "data"          "stochastic"   
[5] "processes"     "financial"     "time"          "volatility"   
[1] "##### top negative words:"
[1] "distribution" "forecast"     "posterior"    "variable"     "probability" 
[6] "error"        "effects"      "response"    
[1] "##### top document titles:"
[1] "Inference for stochastic volatility models using time change transformations"       
[2] "Statistical inference for time-inhomogeneous volatility models"                     
[3] "Semiparametric {B}ayesian modeling of income volatility heterogeneity"              
[4] "Multi-scale jump and volatility analysis for high-frequency financial data"         
[5] "Localized realized volatility modeling"                                             
[6] "Multiscale local change point detection with applications to value-at-risk"         
[7] "A {H}aar-{F}isz technique for locally stationary volatility estimation"             
[8] "Vast volatility matrix estimation using high-frequency data for portfolio selection"
[1] "########## topic 13 ##############"
[1] "##### top positive words:"
[1] "counts"      "discrete"    "marginal"    "sampling"    "loglinear"  
[6] "table"       "tables"      "contingency"
[1] "##### top negative words:"
[1] "asymptotic"    "simulation"    "nonparametric" "regression"   
[5] "process"       "random"        "statistical"   "performance"  
[1] "##### top document titles:"
[1] "Binary models for marginal independence"                                                                                
[2] "Model determination for categorical data with factor level merging"                                                     
[3] "Testing dependence among serially correlated multicategory variables"                                                   
[4] "Assessing robustness of intrinsic tests of independence in two-way contingency tables"                                  
[5] "Limited- and full-information estimation and goodness-of-fit testing in {$2^n$} contingency tables: a unified framework"
[6] "Multinomial-{P}oisson homogeneous models for contingency tables"                                                        
[7] "Bayes factors and the geometry of discrete hierarchical loglinear models"                                               
[8] "Sequential importance sampling for multiway tables"                                                                     
[1] "########## topic 14 ##############"
[1] "##### top positive words:"
[1] "nonresponse" "used"        "variance"    "values"      "imputed"    
[6] "multiple"    "missing"     "imputation" 
[1] "##### top negative words:"
[1] "time"        "asymptotic"  "properties"  "information" "effects"    
[6] "illustrated" "designs"     "conditions" 
[1] "##### top document titles:"
[1] "Multiple imputation of missing income data in the {N}ational {H}ealth interview survey"                        
[2] "On balanced random imputation in surveys"                                                                      
[3] "Calibrated imputation in surveys under a quasi-model-assisted approach"                                        
[4] "Multiple edit/multiple imputation for multivariate continuous data"                                            
[5] "Multiple imputation when records used for imputation are not used or disseminated for analysis"                
[6] "A unified approach to linearization variance estimation from survey data after imputation for item nonresponse"
[7] "Efficient and doubly robust imputation for covariate-dependent missing responses"                              
[8] "Fractional hot deck imputation"                                                                                
[1] "########## topic 15 ##############"
[1] "##### top positive words:"
[1] "covariate"     "observational" "covariates"    "average"      
[5] "treatment"     "can"           "score"         "propensity"   
[1] "##### top negative words:"
[1] "adjustment"    "adjusted"      "adjusting"     "randomized"   
[5] "trial"         "exposure"      "randomization" "parameters"   
[1] "##### top document titles:"
[1] "Evaluating kindergarten retention policy: a case study of causal inference for multilevel observational data"              
[2] "Can nonrandomized experiments yield accurate answers? {A} randomized experiment comparing random and nonrandom assignments"
[3] "A note on overadjustment in inverse probability weighted estimation"                                                       
[4] "Improving efficiency and robustness of the doubly robust estimator for a population mean with incomplete data"             
[5] "Marginal and nested structural models using instrumental variables"                                                        
[6] "Causal inference with general treatment regimes: generalizing the propensity score"                                        
[7] "Efficient and doubly robust imputation for covariate-dependent missing responses"                                          
[8] "The prognostic analogue of the propensity score"                                                                           
[1] "########## topic 16 ##############"
[1] "##### top positive words:"
[1] "analyses"   "assumption" "effects"    "placebo"    "within"    
[6] "randomized" "treatment"  "compliance"
[1] "##### top negative words:"
[1] "randomly"    "design"      "used"        "covariate"   "statistical"
[6] "test"        "several"     "linear"     
[1] "##### top document titles:"
[1] "Randomization inference in a group-randomized trial of treatments for depression: covariate adjustment, noncompliance, and quantile effects"
[2] "A {B}ayesian semiparametric approach to intermediate variables in causal inference"                                                         
[3] "Estimating the effect of treatment in a proportional hazards model in the presence of non-compliance and contamination"                     
[4] "Longitudinal nested compliance class model in the presence of time-varying noncompliance"                                                   
[5] "Modeling partial compliance through copulas in a principal stratification framework"                                                        
[6] "Principal stratification for causal inference with extended partial compliance"                                                             
[7] "Randomization inference with imperfect compliance in the {ACE}-inhibitor after anthracycline randomized trial"                              
[8] "Structural mean effects of noncompliance: estimating interaction with baseline prognosis and selection effects"                             
[1] "########## topic 17 ##############"
[1] "##### top positive words:"
[1] "including"   "depends"     "patterns"    "incomplete"  "mechanism"  
[6] "covariates"  "missing"     "missingdata"
[1] "##### top negative words:"
[1] "imputed"     "score"       "estimation"  "asymptotic"  "variance"   
[6] "illustrated" "paper"       "interest"   
[1] "##### top document titles:"
[1] "The multiple adaptations of multiple imputation"                                                                                           
[2] "Efficient and doubly robust imputation for covariate-dependent missing responses"                                                          
[3] "Weighted estimators for proportional hazards regression with missing covariates"                                                           
[4] "A note on semiparametric efficient inference for two-stage outcome-dependent sampling with a continuous outcome"                           
[5] "Nonparametric and semiparametric models for missing covariates in parametric regression"                                                   
[6] "A {B}ayesian approach for clustered longitudinal ordinal outcome with nonignorable missing data: evaluation of an asthma education program"
[7] "Exact and approximate inferences for nonlinear mixed-effects models with missing covariates"                                               
[8] "Model selection criteria for missing-data problems using the {EM} algorithm"                                                               
[1] "########## topic 18 ##############"
[1] "##### top positive words:"
[1] "adjust"      "valid"       "outcome"     "association" "describe"   
[6] "effect"      "exposure"    "confounders"
[1] "##### top negative words:"
[1] "adjustment" "covariate"  "assignment" "balance"    "asymptotic"
[6] "methods"    "functions"  "response"  
[1] "##### top document titles:"
[1] "Semiparametric tests for sufficient cause interaction"                                                          
[2] "An approach to the estimation of chronic air pollution effects using spatio-temporal information"               
[3] "On protected estimation of an odds ratio model with missing binary exposure and confounders"                    
[4] "Criteria for surrogate end points based on causal distributions"                                                
[5] "Estimation of controlled direct effects"                                                                        
[6] "Estimation of controlled direct effects on a dichotomous outcome using logistic structural direct effect models"
[7] "Adjustment uncertainty in effect estimation"                                                                    
[8] "Adjustment for missing confounders using external validation data and propensity scores"                        
[1] "########## topic 19 ##############"
[1] "##### top positive words:"
[1] "mixtures"      "nonparametric" "bayesian"      "models"       
[5] "mixture"       "prior"         "process"       "dirichlet"    
[1] "##### top negative words:"
[1] "asymptotic"  "estimator"   "observed"    "estimators"  "theory"     
[6] "test"        "statistical" "procedure"  
[1] "##### top document titles:"
[1] "Retrospective {M}arkov chain {M}onte {C}arlo methods for {D}irichlet process hierarchical models"   
[2] "On consistency of nonparametric normal mixtures for {B}ayesian density estimation"                  
[3] "Bayesian analysis for reversible {M}arkov chains"                                                   
[4] "Functionals of {D}irichlet processes, the {C}ifarelli-{R}egazzini identity and beta-gamma processes"
[5] "Posterior simulation in countable mixture models for large datasets"                                
[6] "Bayesian non-parametric hidden {M}arkov models with applications in genomics"                       
[7] "Generalized spatial {D}irichlet process models"                                                     
[8] "Hierarchical {D}irichlet processes"                                                                 
[1] "########## topic 20 ##############"
[1] "##### top positive words:"
[1] "wind"       "monitoring" "ozone"      "covariance" "temporal"  
[6] "time"       "spatial"    "spacetime" 
[1] "##### top negative words:"
[1] "forecasting" "study"       "national"    "regression"  "also"       
[6] "proposed"    "estimator"   "problem"    
[1] "##### top document titles:"
[1] "A space-time conditional intensity model for evaluating a wildfire hazard index"                                 
[2] "High-resolution space-time ozone modeling for assessing trends"                                                  
[3] "Testing the covariance structure of multivariate random fields"                                                  
[4] "Estimation of space-time branching process models in seismology using an {EM}-type algorithm"                    
[5] "Calibrated probabilistic forecasting at the stateline wind energy center: the regime-switching space-time method"
[6] "Statistical methods for regular monitoring data"                                                                 
[7] "Space-time covariance functions"                                                                                 
[8] "Modeling spatiotemporal forest health monitoring data"                                                           
[1] "########## topic 21 ##############"
[1] "##### top positive words:"
[1] "process"      "data"         "analysis"     "response"     "longitudinal"
[6] "time"         "functional"   "trajectories"
[1] "##### top negative words:"
[1] "estimator"   "microarray"  "given"       "materials"   "paper"      
[6] "likelihood"  "information" "performance"
[1] "##### top document titles:"
[1] "Functional convex averaging and synchronization for time-warped random curves"                                           
[2] "Investigating heterogeneity in pneumococcal transmission: a {B}ayesian {MCMC} approach applied to a follow-up of schools"
[3] "Logistic regression with {B}rownian-like predictors"                                                                     
[4] "Functional variance processes"                                                                                           
[5] "Bayesian inference on changes in response densities over predictor clusters"                                             
[6] "Monte {C}arlo smoothing for nonlinear times series"                                                                      
[7] "Empirical dynamics for longitudinal data"                                                                                
[8] "Functional linear regression analysis for longitudinal data"                                                             
[1] "########## topic 22 ##############"
[1] "##### top positive words:"
[1] "mortality"  "population" "disease"    "risk"       "casecohort"
[6] "studies"    "study"      "cohort"    
[1] "##### top negative words:"
[1] "closedform"   "lung"         "parameter"    "likelihood"   "competing"   
[6] "lifetime"     "hierarchical" "resulting"   
[1] "##### top document titles:"
[1] "Random effects {C}ox models: a {P}oisson modelling approach"                                                                                 
[2] "Non-parametric tests for right-censored data with biased sampling"                                                                           
[3] "Nonparametric incidence estimation from prevalent cohort survival data"                                                                      
[4] "Analyzing length-biased data with semiparametric transformation and accelerated failure time models"                                         
[5] "Improving the efficiency of relative-risk estimation in case-cohort studies"                                                                 
[6] "Specifying and implementing nonparametric and semiparametric survival estimators in two-stage (nested) cohort studies with missing case data"
[7] "Asymptotic behavior of the unconditional {NPMLE} of the length-biased survivor function from right censored prevalent cohort data"           
[8] "Modeling hazard rates as functional data for the analysis of cohort lifetables and mortality forecasting"                                    
[1] "########## topic 23 ##############"
[1] "##### top positive words:"
[1] "efficiency"       "may"              "probability"      "robust"          
[5] "misspecification" "even"             "specified"        "correctly"       
[1] "##### top negative words:"
[1] "assignment"      "asymptotic"      "time"            "applied"        
[5] "studies"         "balance"         "sampling"        "computationally"
[1] "##### top document titles:"
[1] "Marginal and nested structural models using instrumental variables"                                                                                                                                
[2] "Robust estimation of mixture complexity"                                                                                                                                                           
[3] "Asymptotic properties of bridge estimators in sparse high-dimensional regression models"                                                                                                           
[4] "Improving semiparametric estimation by using surrogate data"                                                                                                                                       
[5] "Variable selection in nonparametric additive models"                                                                                                                                               
[6] "Robust estimation of mean functions and treatment effects for recurrent events under event-dependent censoring and termination: application to skeletal complications in cancer metastatic to bone"
[7] "Empirical-likelihood-based inference in missing response problems and its application in observational studies"                                                                                    
[8] "Nonparametric regression with missing outcomes using weighted kernel estimating equations"                                                                                                         
[1] "########## topic 24 ##############"
[1] "##### top positive words:"
[1] "time"         "hazard"       "covariates"   "survival"     "cox"         
[6] "model"        "proportional" "hazards"     
[1] "##### top negative words:"
[1] "performance"  "response"     "linear"       "longitudinal" "series"      
[6] "demonstrate"  "problem"      "components"  
[1] "##### top document titles:"
[1] "Models for recurring events with marginal proportional hazards"                            
[2] "An estimating equation for parametric shared frailty models with marginal additive hazards"
[3] "Inference for a class of transformed hazards models"                                       
[4] "Contact surface models for infectious diseases: estimation from serologic survey data"     
[5] "Martingale difference residuals as a diagnostic tool for the {C}ox model"                  
[6] "A nonparametric test to compare survival distributions with covariate adjustment"          
[7] "Proportional hazards models with continuous marks"                                         
[8] "Khmaladze-type graphical evaluation of the proportional hazards assumption"                
[1] "########## topic 25 ##############"
[1] "##### top positive words:"
[1] "familywise"   "demonstrated" "procedures"   "discovery"    "rejections"  
[6] "proportion"   "control"      "rejection"   
[1] "##### top negative words:"
[1] "pvalue"       "microarray"   "test"         "largescale"   "genes"       
[6] "simultaneous" "stage"        "significance"
[1] "##### top document titles:"
[1] "Dependency and false discovery rate: asymptotics"                         
[2] "False discovery control for random fields"                                
[3] "Decision theory results for one-sided multiple comparison procedures"     
[4] "Generalizations of the familywise error rate"                             
[5] "Approximate {B}ayesian computation: a nonparametric perspective"          
[6] "The sequential rejection principle of familywise error control"           
[7] "Exceedance control of the false discovery proportion"                     
[8] "On the false discovery rate and an asymptotically optimal rejection curve"
[1] "########## topic 26 ##############"
[1] "##### top positive words:"
[1] "outliers"     "observations" "obtained"     "values"       "assumed"     
[6] "predictions"  "prediction"   "predicted"   
[1] "##### top negative words:"
[1] "paper"          "parametric"     "efficiency"     "inference"     
[5] "time"           "coefficients"   "semiparametric" "test"          
[1] "##### top document titles:"
[1] "Bayesian multiscale multiple imputation with implications for data confidentiality"                      
[2] "A statistical approach to thermal management of data centers under steady state and system perturbations"
[3] "A directional model for the estimation of the rotation axes of the ankle joint"                          
[4] "Conditional quantile analysis when covariates are functions, with application to growth data"            
[5] "Evaluating probability forecasts"                                                                        
[6] "Estimation of (near) low-rank matrices with noise and high-dimensional scaling"                          
[7] "An outlier-robust fit for generalized additive models with applications to disease outbreak detection"   
[8] "Multifold predictive validation in {ARMAX} time series models"                                           
[1] "########## topic 27 ##############"
[1] "##### top positive words:"
[1] "approach"     "parameters"   "discuss"      "size"         "framework"   
[6] "multiple"     "distribution" "sampling"    
[1] "##### top negative words:"
[1] "members"       "matching"      "relationships" "frequencies"  
[5] "developing"    "contain"       "dna"           "accounting"   
[1] "##### top document titles:"
[1] "Importance sampling for estimating {$p$} values in linkage analysis"                                                             
[2] "A unified nonparametric approach for unbalanced factorial designs"                                                               
[3] "Bayesian methods for partial stochastic orderings"                                                                               
[4] "Determining inheritance distributions via stochastic penetrances"                                                                
[5] "A unified semiparametric framework for quantitative trait loci analyses, with application to spike phenotypes"                   
[6] "Logistic regression with {B}rownian-like predictors"                                                                             
[7] "Asymptotic estimation theory of multipoint linkage analysis under perfect marker information"                                    
[8] "A {B}ayesian hierarchical model for analysis of single-nucleotide polymorphisms diversity in multilocus, multipopulation samples"
[1] "########## topic 28 ##############"
[1] "##### top positive words:"
[1] "set"          "selection"    "matrix"       "independence" "graphs"      
[6] "models"       "graphical"    "graph"       
[1] "##### top negative words:"
[1] "misclassification" "sphere"            "tables"           
[4] "regression"        "article"           "carlo"            
[7] "monte"             "estimator"        
[1] "##### top document titles:"
[1] "Model selection for {G}aussian concentration graphs"                                                          
[2] "Characterizing {M}arkov equivalence classes for {AMP} chain graph models"                                     
[3] "Graphical models for marked point processes based on local independence"                                      
[4] "A {M}onte {C}arlo method for computing the marginal likelihood in nondecomposable {G}aussian graphical models"
[5] "Joint response graphs and separation induced by triangular systems"                                           
[6] "A hidden {M}arkov model approach to testing multiple hypotheses on a tree-transformed gene ontology graph"    
[7] "Wishart distributions for decomposable covariance graph models"                                               
[8] "Matrix representations and independencies in directed acyclic graphs"                                         
[1] "########## topic 29 ##############"
[1] "##### top positive words:"
[1] "functions"  "penalty"    "function"   "regression" "penalized" 
[6] "splines"    "smoothing"  "spline"    
[1] "##### top negative words:"
[1] "distribution" "often"        "conditional"  "studies"      "marginal"    
[6] "estimating"   "probability"  "test"        
[1] "##### top document titles:"
[1] "Some asymptotic results on generalized penalized spline smoothing"                                  
[2] "Data-driven selection of the spline dimension in penalized spline regression"                       
[3] "Equivalent kernels of smoothing splines in nonparametric regression for clustered/longitudinal data"
[4] "Penalized triograms: total variation regularization for bivariate smoothing"                        
[5] "Multivariate {B}ayesian function estimation"                                                        
[6] "Thin plate regression splines"                                                                      
[7] "Component selection and smoothing in multivariate nonparametric regression"                         
[8] "Local asymptotics for polynomial spline regression"                                                 
[1] "########## topic 30 ##############"
[1] "##### top positive words:"
[1] "past"         "requires"     "robust"       "given"        "outcome"     
[6] "functions"    "conditional"  "expectations"
[1] "##### top negative words:"
[1] "efficiency"  "simulation"  "maximum"     "also"        "asymptotic" 
[6] "simulations" "variable"    "population" 
[1] "##### top document titles:"
[1] "Efficient prediction for linear and nonlinear autoregressive models"                                         
[2] "Marginal and nested structural models using instrumental variables"                                          
[3] "Making and evaluating point forecasts"                                                                       
[4] "Monte {C}arlo conditioning on a sufficient statistic"                                                        
[5] "Multi-domain sampling with applications to structural inference of {B}ayesian networks"                      
[6] "The multiple adaptations of multiple imputation"                                                             
[7] "Estimation of regression models for the mean of repeated outcomes under nonignorable nonmonotone nonresponse"
[8] "Estimating linear functionals in nonlinear regression with responses missing at random"                      
[1] "########## topic 31 ##############"
[1] "##### top positive words:"
[1] "used"     "approach" "analysis" "using"    "methods"  "can"      "model"   
[8] "data"    
[1] "##### top negative words:"
[1] "estimator"      "asymptotic"     "estimators"     "asymptotically"
[5] "semiparametric" "consistent"     "convergence"    "normal"        
[1] "##### top document titles:"
[1] "Mapping ancient forests: {B}ayesian inference for spatio-temporal trends in forest composition using the fossil pollen proxy record"
[2] "Using wavelet-based functional mixed models to characterize population heterogeneity in accelerometer profiles: a case study"       
[3] "Accounting for spatial dependence in the analysis of {SPECT} brain imaging data"                                                    
[4] "Robust, adaptive functional regression in functional mixed model framework"                                                         
[5] "A spatio-temporal model for mean, anomaly, and trend fields of {N}orth {A}tlantic sea surface temperature"                          
[6] "Spatiotemporal models for region of interest analyses of functional neuroimaging data"                                              
[7] "Statistical method for eliciting probability distributions"                                                                         
[8] "Statistics: the next generation"                                                                                                    
[1] "########## topic 32 ##############"
[1] "##### top positive words:"
[1] "hypotheses" "procedure"  "number"     "testing"    "multiple"  
[6] "rate"       "discovery"  "false"     
[1] "##### top negative words:"
[1] "statistic"    "alternative"  "models"       "distribution" "dimension"   
[6] "convergence"  "asymptotic"   "factors"     
[1] "##### top document titles:"
[1] "False discovery and false nondiscovery rates in single-step multiple testing procedures"
[2] "False discovery control for random fields"                                              
[3] "Decision theory results for one-sided multiple comparison procedures"                   
[4] "A stochastic process approach to false discovery control"                               
[5] "Adapting to unknown sparsity by controlling the false discovery rate"                   
[6] "Adaptive linear step-up procedures that control the false discovery rate"               
[7] "On the performance of {FDR} control: constraints and a partial solution"                
[8] "False discovery rate for scanning statistics"                                           
[1] "########## topic 33 ##############"
[1] "##### top positive words:"
[1] "treatments" "outcome"    "causal"     "outcomes"   "effects"   
[6] "effect"     "randomized" "treatment" 
[1] "##### top negative words:"
[1] "real"          "computational" "spatial"       "models"       
[5] "performance"   "process"       "components"    "structure"    
[1] "##### top document titles:"
[1] "Chronic disease prevention research methods and their reliability, with illustrations from the {W}omen's {H}ealth {I}nitiative"          
[2] "Semiparametric estimation of treatment effects given base-line covariates on an outcome measured after a post-randomization event occurs"
[3] "Aberrant effects of treatment"                                                                                                           
[4] "Sensitivity analysis for equivalence and difference in an observational study of neonatal intensive care units"                          
[5] "War and wages: the strength of instrumental variables and their sensitivity to unobserved biases"                                        
[6] "Causal inference in hybrid intervention trials involving treatment choice"                                                               
[7] "Sensitivity analyses comparing time-to-event outcomes existing only in a subset selected postrandomization"                              
[8] "Design sensitivity and efficiency in observational studies"                                                                              
[1] "########## topic 34 ##############"
[1] "##### top positive words:"
[1] "expressed"  "analysis"   "biological" "data"       "microarray"
[6] "genes"      "expression" "gene"      
[1] "##### top negative words:"
[1] "trial"         "prostate"      "within"        "fdr"          
[5] "point"         "distributions" "inference"     "states"       
[1] "##### top document titles:"
[1] "Inference for quantitation parameters in polymerase chain reactions via branching processes with random effects"          
[2] "High-dimensional {ODE}s coupled with mixed-effects modeling techniques for dynamic gene regulatory network identification"
[3] "Modeling three-dimensional chromosome structures using gene expression data"                                              
[4] "Predicting viral infection from high-dimensional biomarker trajectories"                                                  
[5] "Local smoothing image segmentation for spotted microarray images"                                                         
[6] "Quality control and robust estimation for c{DNA} microarrays with replicates"                                             
[7] "Variable selection in regression mixture modeling for the discovery of gene regulatory networks"                          
[8] "Bayesian modeling of {MPSS} data: gene expression analysis of bovine {\\it {S}almonella} infection"                       
[1] "########## topic 35 ##############"
[1] "##### top positive words:"
[1] "distribution" "hypotheses"   "statistic"    "testing"      "tests"       
[6] "test"         "hypothesis"   "null"        
[1] "##### top negative words:"
[1] "estimation" "estimator"  "estimators" "estimates"  "data"      
[6] "efficiency" "algorithm"  "regression"
[1] "##### top document titles:"
[1] "Test of association between two ordinal variables while adjusting for covariates"    
[2] "Bayesian-motivated tests of function fit and their asymptotic frequentist properties"
[3] "A simple procedure for the selection of significant effects"                         
[4] "Stepup procedures controlling generalized {FWER} and generalized {FDR}"              
[5] "Robustness of multiple testing procedures against dependence"                        
[6] "Generalizing {S}imes' test and {H}ochberg's stepup procedure"                        
[7] "Testing for the supremacy of a multinomial cell probability"                         
[8] "A note on profile likelihood for exponential tilt mixture models"                    
[1] "########## topic 36 ##############"
[1] "##### top positive words:"
[1] "particular"     "theoretical"    "margin"         "however"       
[5] "performance"    "classifier"     "classification" "classifiers"   
[1] "##### top negative words:"
[1] "model"      "models"     "mean"       "process"    "simulation"
[6] "random"     "gaussian"   "likelihood"
[1] "##### top document titles:"
[1] "Incorporating prior probabilities into high-dimensional classifiers"                                          
[2] "On the {B}ayes-risk consistency of regularized boosting methods"                                              
[3] "Theoretical measures of relative performance of classifiers for high dimensional data with small sample sizes"
[4] "Optimal aggregation of classifiers in statistical learning"                                                   
[5] "Robust model-free multiclass probability estimation"                                                          
[6] "Fast learning rates for plug-in classifiers"                                                                  
[7] "Scale adjustments for classifiers in high-dimensional, low sample size settings"                              
[8] "Hard or soft classification? {L}arge-margin unified machines"                                                 
[1] "########## topic 37 ##############"
[1] "##### top positive words:"
[1] "analysis"     "sample"       "principal"    "matrices"     "eigenvectors"
[6] "covariance"   "matrix"       "eigenvalues" 
[1] "##### top negative words:"
[1] "given"     "models"    "minimax"   "error"     "procedure" "using"    
[7] "study"     "examples" 
[1] "##### top document titles:"
[1] "Large volatility matrix inference via combining low-frequency and high-frequency approaches"    
[2] "Consistency of restricted maximum likelihood estimators of principal components"                
[3] "Statistical analysis of diffusion tensors in diffusion-weighted magnetic resonance imaging data"
[4] "Semiparametric estimation of multivariate fractional cointegration"                             
[5] "Group comparison of eigenvalues and eigenvectors of diffusion tensors"                          
[6] "On properties of functional principal components analysis"                                      
[7] "Statistical eigen-inference from large {W}ishart matrices"                                      
[8] "Spectrum estimation for large dimensional covariance matrices using random matrix theory"       
[1] "########## topic 38 ##############"
[1] "##### top positive words:"
[1] "type"       "sequential" "studies"    "treatment"  "trials"    
[6] "patients"   "trial"      "clinical"  
[1] "##### top negative words:"
[1] "randomly"      "observational" "spatial"       "multivariate" 
[5] "lung"          "program"       "experiments"   "work"         
[1] "##### top document titles:"
[1] "Immigrated urn models---theoretical properties and applications"                                                                        
[2] "Cross-calibration of stroke disability measures: {B}ayesian analysis of longitudinal ordinal categorical data using negative dependence"
[3] "Sequential monitoring of response-adaptive randomized clinical trials"                                                                  
[4] "Optimal adaptive randomized designs for clinical trials"                                                                                
[5] "Phase 2 and 3 combination designs to accelerate drug development"                                                                       
[6] "Optimal partitioning for linear mixed effects models: applications to identifying placebo responders"                                   
[7] "Analysis of time-to-event data with incomplete event adjudication"                                                                      
[8] "Estimating treatment effects with treatment switching via semicompeting risks models: an application to a colorectal cancer study"      
[1] "########## topic 39 ##############"
[1] "##### top positive words:"
[1] "spatially"  "diffusion"  "identify"   "subjects"   "images"    
[6] "functional" "brain"      "imaging"   
[1] "##### top negative words:"
[1] "general"     "often"       "models"      "sample"      "alternative"
[6] "parametric"  "use"         "proposed"   
[1] "##### top document titles:"
[1] "Accounting for spatial dependence in the analysis of {SPECT} brain imaging data"                                 
[2] "Efficient independent component analysis"                                                                        
[3] "Regression models for identifying noise sources in magnetic resonance images"                                    
[4] "Semiparametric detection of significant activation for brain f{MRI}"                                             
[5] "A case study in pharmacologic colon imaging using principal curves in single-photon emission computed tomography"
[6] "Meta analysis of functional neuroimaging data via {B}ayesian spatial point processes"                            
[7] "Multiscale adaptive regression models for neuroimaging data"                                                     
[8] "Regularized reconstruction of wave height and slope fields from refracted images of water"                       
[1] "########## topic 40 ##############"
[1] "##### top positive words:"
[1] "information" "health"      "national"    "surveys"     "sampling"   
[6] "sample"      "population"  "survey"     
[1] "##### top negative words:"
[1] "studies"    "time"       "analysis"   "component"  "parameters"
[6] "paper"      "examples"   "rate"      
[1] "##### top document titles:"
[1] "Using calibration weighting to adjust for nonresponse under a plausible model"                                                                         
[2] "Imputing risk tolerance from survey responses"                                                                                                         
[3] "Multivariate regression analysis for the item count technique"                                                                                         
[4] "Small area estimation when auxiliary information is measured with error"                                                                               
[5] "How much does the far future matter? {A} hierarchical {B}ayesian analysis of the public's willingness to mitigate ecological impacts of climate change"
[6] "Combining information from two surveys to estimate county-level prevalence rates of cancer risk factors and screening"                                 
[7] "Combining data from two independent surveys: a model-assisted approach"                                                                                
[8] "Small area estimates for cross-classifications"                                                                                                        
[1] "########## topic 41 ##############"
[1] "##### top positive words:"
[1] "depending"    "association"  "population"   "participants" "adjust"      
[6] "adjusting"    "adjusted"     "adjustment"  
[1] "##### top negative words:"
[1] "unmeasured"  "analysis"    "sensitivity" "procedure"   "design"     
[6] "trials"      "parameters"  "asymptotic" 
[1] "##### top document titles:"
[1] "Marginal and nested structural models using instrumental variables"                                                        
[2] "Empirical-likelihood-based difference-in-differences estimators"                                                           
[3] "Regression and weighting methods for causal inference using instrumental variables"                                        
[4] "Full matching in an observational study of coaching for the {SAT}"                                                         
[5] "Causal inference with general treatment regimes: generalizing the propensity score"                                        
[6] "Efficient and doubly robust imputation for covariate-dependent missing responses"                                          
[7] "Can nonrandomized experiments yield accurate answers? {A} randomized experiment comparing random and nonrandom assignments"
[8] "The prognostic analogue of the propensity score"                                                                           
[1] "########## topic 42 ##############"
[1] "##### top positive words:"
[1] "dna"           "contain"       "developing"    "frequencies"  
[5] "relationships" "matching"      "members"       "loci"         
[1] "##### top negative words:"
[1] "expression" "estimators" "procedure"  "parameter"  "regression"
[6] "time"       "results"    "propose"   
[1] "##### top document titles:"
[1] "A unified nonparametric approach for unbalanced factorial designs"                                                               
[2] "Bayesian methods for partial stochastic orderings"                                                                               
[3] "Determining inheritance distributions via stochastic penetrances"                                                                
[4] "A unified semiparametric framework for quantitative trait loci analyses, with application to spike phenotypes"                   
[5] "Logistic regression with {B}rownian-like predictors"                                                                             
[6] "Using {DNA} fingerprints to infer familial relationships within {NHANES} {III} households"                                       
[7] "Asymptotic estimation theory of multipoint linkage analysis under perfect marker information"                                    
[8] "A {B}ayesian hierarchical model for analysis of single-nucleotide polymorphisms diversity in multilocus, multipopulation samples"
[1] "########## topic 43 ##############"
[1] "##### top positive words:"
[1] "proofs"        "supplemental"  "materials"     "available"    
[5] "article"       "material"      "supplementary" "online"       
[1] "##### top negative words:"
[1] "information" "normal"      "modelling"   "assumption"  "use"        
[6] "likelihood"  "paper"       "conducted"  
[1] "##### top document titles:"
[1] "Estimation of copula models with discrete margins via {B}ayesian data augmentation"                                                              
[2] "Generalized multilevel functional regression"                                                                                                    
[3] "An ensemble {K}alman filter and smoother for satellite data assimilation"                                                                        
[4] "On nonparametric variance estimation for second-order statistics of inhomogeneous spatial point processes with a known parametric intensity form"
[5] "Bootstrapping for significance of compact clusters in multidimensional datasets"                                                                 
[6] "Adjustment for missing confounders using external validation data and propensity scores"                                                         
[7] "A model of the joint distribution of purchase quantity and timing"                                                                               
[8] "Modeling price dynamics in e{B}ay auctions using differential equations"                                                                         
[1] "########## topic 44 ##############"
[1] "##### top positive words:"
[1] "rightcensored" "efficient"     "censoring"     "data"         
[5] "times"         "sampling"      "survival"      "lengthbiased" 
[1] "##### top negative words:"
[1] "casecohort"  "prevention"  "linear"      "mortality"   "casecontrol"
[6] "parametric"  "models"      "article"    
[1] "##### top document titles:"
[1] "Analyzing length-biased data with semiparametric transformation and accelerated failure time models"                              
[2] "Covariate bias induced by length-biased sampling of failure times"                                                                
[3] "A maximum pseudo-profile likelihood estimator for the {C}ox model under length-biased sampling"                                   
[4] "Nonparametric estimation for length-biased and right-censored data"                                                               
[5] "Maximum likelihood estimations and {EM} algorithms with length-biased data"                                                       
[6] "Asymptotic behavior of the unconditional {NPMLE} of the length-biased survivor function from right censored prevalent cohort data"
[7] "Non-parametric tests for right-censored data with biased sampling"                                                                
[8] "Likelihood approaches for the invariant density ratio model with biased-sampling data"                                            
[1] "########## topic 45 ##############"
[1] "##### top positive words:"
[1] "process"    "detecting"  "cumulative" "based"      "mean"      
[6] "control"    "sum"        "cusum"     
[1] "##### top negative words:"
[1] "methods"    "rate"       "using"      "estimators" "simulation"
[6] "discovery"  "monte"      "approach"  
[1] "##### top document titles:"
[1] "A lack-of-fit test for quantile regression"                                                                                    
[2] "Efficient scalable schemes for monitoring a large number of data streams"                                                      
[3] "Optimality of the {CUSUM} procedure in continuous time"                                                                        
[4] "A reference-free {C}uscore chart for dynamic mean change detection and a unified framework for charting performance comparison"
[5] "S{PRT} and {CUSUM} in hidden {M}arkov models"                                                                                  
[6] "High moment partial sum processes of residuals in {GARCH} models and their applications"                                       
[7] "A generalized {EWMA} control chart and its comparison with the optimal {EWMA}, {CUSUM} and {GLR} schemes"                      
[8] "A robust-likelihood cumulative sum chart"                                                                                      
[1] "########## topic 46 ##############"
[1] "##### top positive words:"
[1] "minimum"    "paper"      "twolevel"   "design"     "aberration"
[6] "fractional" "factorial"  "designs"   
[1] "##### top negative words:"
[1] "data"        "methods"     "model"       "sample"      "performance"
[6] "estimators"  "estimate"    "estimation" 
[1] "##### top document titles:"
[1] "Generalised minimum aberration construction results for symmetrical orthogonal arrays"                
[2] "Optimal blocking of two-level factorial designs"                                                      
[3] "Geometric isomorphism and minimum aberration for factorial designs with quantitative factors"         
[4] "Multi-layer designs for computer experiments"                                                         
[5] "Orthogonal arrays robust to nonnegligible two-factor interactions"                                    
[6] "Screening experiments for developing dynamic treatment regimes"                                       
[7] "Indicator function and its application in two-level factorial designs"                                
[8] "Existence and construction of randomization defining contrast subspaces for regular factorial designs"
[1] "########## topic 47 ##############"
[1] "##### top positive words:"
[1] "control"    "pvalues"    "one"        "detect"     "ability"   
[6] "error"      "rejections" "kfwer"     
[1] "##### top negative words:"
[1] "hypothesis"   "discoveries"  "rejected"     "statistic"    "tests"       
[6] "alternatives" "expected"     "ratio"       
[1] "##### top document titles:"
[1] "Controlling the familywise error rate with plug-in estimator for the proportion of true null hypotheses"
[2] "On a generalized false discovery rate"                                                                  
[3] "Balanced control of generalized error rates"                                                            
[4] "Control of generalized error rates in multiple testing"                                                 
[5] "Stepup procedures for control of generalizations of the familywise error rate"                          
[6] "Generalizations of the familywise error rate"                                                           
[7] "Generalizing {S}imes' test and {H}ochberg's stepup procedure"                                           
[8] "Stepup procedures controlling generalized {FWER} and generalized {FDR}"                                 
[1] "########## topic 48 ##############"
[1] "##### top positive words:"
[1] "rate"       "hypotheses" "testing"    "multiple"   "stepdown"  
[6] "procedure"  "procedures" "stepup"    
[1] "##### top negative words:"
[1] "discoveries"    "largescale"     "asymptotically" "tested"        
[5] "proof"          "microarray"     "data"           "ratio"         
[1] "##### top document titles:"
[1] "An adaptive step-down procedure with proven {FDR} control under independence"                        
[2] "A family of {B}ayes multiple testing procedures"                                                     
[3] "Dependency and false discovery rate: asymptotics"                                                    
[4] "Sequential implementation of stepwise procedures for identifying the maximum tolerated dose"         
[5] "Decision theory results for one-sided multiple comparison procedures"                                
[6] "Exact calculations for false discovery proportion with application to least favorable configurations"
[7] "On weighted {H}ochberg procedures"                                                                   
[8] "Adaptive linear step-up procedures that control the false discovery rate"                            
[1] "########## topic 49 ##############"
[1] "##### top positive words:"
[1] "studies"  "data"     "survival" "lung"     "prostate" "disease"  "breast"  
[8] "cancer"  
[1] "##### top negative words:"
[1] "variance"      "empirical"     "simple"        "desired"      
[5] "components"    "process"       "understanding" "predictor"    
[1] "##### top document titles:"
[1] "Breast cancer relative hazard estimates from case-control and cohort designs with missing data on mammographic density"
[2] "Smoothed rank regression with censored data"                                                                           
[3] "Population-calibrated gene characterization: estimating age at onset distributions associated with cancer genes"       
[4] "Analysing bivariate survival data with interval sampling and application to cancer epidemiology"                       
[5] "Does finasteride affect the severity of prostate cancer? {A} causal sensitivity analysis"                              
[6] "Combining information from two surveys to estimate county-level prevalence rates of cancer risk factors and screening" 
[7] "Inference of tamoxifen's effects on prevention of breast cancer from a randomized controlled trial"                    
[8] "Bayesian analysis of cancer rates from {SEER} program using parametric and semiparametric joinpoint regression models" 
[1] "########## topic 50 ##############"
[1] "##### top positive words:"
[1] "may"           "risk"          "incidence"     "cumulative"   
[5] "nonparametric" "failure"       "competing"     "risks"        
[1] "##### top negative words:"
[1] "cox"         "number"      "performance" "response"    "efficient"  
[6] "several"     "problem"     "probability"
[1] "##### top document titles:"
[1] "Nonparametric estimation from current status data with competing risks"                           
[2] "Nonparametric estimation with left-truncated semicompeting risks data"                            
[3] "The hazard potential: introduction and overview"                                                  
[4] "Regression analysis based on semicompeting risks data"                                            
[5] "Semiparametric marginal regression analysis for dependent competing risks under an assumed copula"
[6] "Current status data with competing risks: limiting distribution of the {MLE}"                     
[7] "Competing risks quantile regression"                                                              
[8] "Summarizing insurance scores using a {G}ini index"                                                
