[1] "####################################"
[1] "############# K = 6 #############"
[1] "####################################"
[1] "########## topic 1 ##############"
[1] "##### top positive words:"
[1] "series"     "estimation" "estimators" "estimator"  "asymptotic"
[6] "results"    "density"    "function"  
[1] "##### top document titles:"
[1] "On adaptive estimation of linear functionals"                                                                                            
[2] "Uniformly root-{$N$} consistent density estimators for weakly dependent invertible linear processes"                                     
[3] "Asymptotic normality of extreme value estimators on {$C[0,1]$}"                                                                          
[4] "Large sample theory of intrinsic and extrinsic sample means on manifolds. {I}"                                                           
[5] "A {CLT} for regularized sample covariance matrices"                                                                                      
[6] "A necessary and sufficient condition for asymptotic independence of discrete {F}ourier transforms under short- and long-range dependence"
[7] "A note on time-reversibility of multivariate linear processes"                                                                           
[8] "Consistent estimates of deformed isotropic {G}aussian random fields on the plane"                                                        
[1] "########## topic 2 ##############"
[1] "##### top positive words:"
[1] "null"       "confidence" "procedure"  "procedures" "statistics"
[6] "testing"    "tests"      "test"      
[1] "##### top document titles:"
[1] "Balanced control of generalized error rates"                                           
[2] "Stepup procedures controlling generalized {FWER} and generalized {FDR}"                
[3] "Generalizations of the familywise error rate"                                          
[4] "Generalizing {S}imes' test and {H}ochberg's stepup procedure"                          
[5] "Stepup procedures for control of generalizations of the familywise error rate"         
[6] "Testing for efficacy in primary and secondary endpoints by partitioning decision paths"
[7] "Adaptive linear step-up procedures that control the false discovery rate"              
[8] "Control of generalized error rates in multiple testing"                                
[1] "########## topic 3 ##############"
[1] "##### top positive words:"
[1] "models"     "proposed"   "data"       "regression" "estimator" 
[6] "likelihood" "estimators" "model"     
[1] "##### top document titles:"
[1] "Nonparametric regression using local kernel estimating equations for correlated failure time data"                  
[2] "Generalized method of moments estimation for linear regression with clustered failure time data"                    
[3] "Gamma frailty transformation models for multivariate survival times"                                                
[4] "Estimation of bivariate and marginal distributions with censored data"                                              
[5] "On least-squares regression with censored data"                                                                     
[6] "Prospective survival analysis with a general semiparametric shared frailty model: a pseudo full likelihood approach"
[7] "Semiparametric analysis of short-term and long-term hazard ratios with two-sample survival data"                    
[8] "Semiparametric maximum likelihood estimation in normal transformation models for bivariate survival data"           
[1] "########## topic 4 ##############"
[1] "##### top positive words:"
[1] "methods"   "studies"   "study"     "effect"    "analysis"  "treatment"
[7] "effects"   "data"     
[1] "##### top document titles:"
[1] "Identifying direct and indirect effects in a non-counterfactual framework"                                                                             
[2] "Semiparametric inference in observational duration-response studies, with duration possibly right-censored"                                            
[3] "Causal effects of treatments for informative missing data due to progression/death"                                                                    
[4] "Randomization-based inference within principal strata"                                                                                                 
[5] "Methodology for evaluating a partially controlled longitudinal treatment using principal stratification, with application to a needle exchange program"
[6] "Characterizing the progression of viral mituations over time"                                                                                          
[7] "Profiling placebo responders by self-consistent partitioning of functional data"                                                                       
[8] "War and wages: the strength of instrumental variables and their sensitivity to unobserved biases"                                                      
[1] "########## topic 5 ##############"
[1] "##### top positive words:"
[1] "data"       "model"      "methods"    "designs"    "can"       
[6] "method"     "regression" "selection" 
[1] "##### top document titles:"
[1] "Doubling and projection: a method of constructing two-level designs of resolution {IV}"                             
[2] "Efficient global approximation of generalized nonlinear {$\\ell_1$}-regularized solution paths and its applications"
[3] "Model selection and estimation in regression with grouped variables"                                                
[4] "Variable selection with the strong heredity constraint and its oracle property"                                     
[5] "A generalized {D}antzig selector with shrinkage tuning"                                                             
[6] "A general theory of minimum aberration and its applications"                                                        
[7] "The adaptive lasso and its oracle properties"                                                                       
[8] "Variable inclusion and shrinkage algorithms"                                                                        
[1] "########## topic 6 ##############"
[1] "##### top positive words:"
[1] "distributions" "distribution"  "prior"         "process"      
[5] "data"          "bayesian"      "models"        "model"        
[1] "##### top document titles:"
[1] "Continuous time modelling of dynamical spatial lattice data observed at sparsely distributed times"
[2] "Bayesian inversion of geoelectrical resistivity data"                                              
[3] "Model determination for categorical data with factor level merging"                                
[4] "Dynamic nonparametric {B}ayesian models for analysis of music"                                     
[5] "On generating {M}onte {C}arlo samples of continuous diffusion bridges"                             
[6] "Prediction of protein interdomain linker regions by a nonstationary hidden {M}arkov model"         
[7] "Bayesian inference for {M}arkov processes with diffusion and discrete components"                  
[8] "Hierarchical mixture modeling with normalized inverse-{G}aussian priors"                           
[1] "####################################"
[1] "############# K = 10 #############"
[1] "####################################"
[1] "########## topic 1 ##############"
[1] "##### top positive words:"
[1] "methods"    "study"      "covariates" "studies"    "data"      
[6] "effect"     "treatment"  "effects"   
[1] "##### top document titles:"
[1] "Building a stronger instrument in an observational study of perinatal care for premature infants"                                                      
[2] "Inference of tamoxifen's effects on prevention of breast cancer from a randomized controlled trial"                                                    
[3] "Proportional hazards models with continuous marks"                                                                                                     
[4] "Semiparametric inference in observational duration-response studies, with duration possibly right-censored"                                            
[5] "Methodology for evaluating a partially controlled longitudinal treatment using principal stratification, with application to a needle exchange program"
[6] "Randomization-based inference within principal strata"                                                                                                 
[7] "Sensitivity analyses comparing time-to-event outcomes existing only in a subset selected postrandomization"                                            
[8] "Randomization inference with imperfect compliance in the {ACE}-inhibitor after anthracycline randomized trial"                                         
[1] "########## topic 2 ##############"
[1] "##### top positive words:"
[1] "can"         "statistical" "analysis"    "approach"    "using"      
[6] "article"     "model"       "data"       
[1] "##### top document titles:"
[1] "The value of multiproxy reconstruction of past climate"                                                                          
[2] "A method for normalizing microarrays using genes that are not differentially expressed"                                          
[3] "A {B}ayesian model for cross-study differential gene expression"                                                                 
[4] "Bayesian random segmentation models to identify shared copy number aberrations for array {CGH} data"                             
[5] "From data to policy: scientific excellence is our future"                                                                        
[6] "A statistical framework for the analysis of {C}h{IP}-{S}eq data"                                                                 
[7] "An analysis of the {N}ew {Y}ork {C}ity {P}olice {D}epartment's ``stop-and-frisk'' policy in the context of claims of racial bias"
[8] "Statistics: the next generation"                                                                                                 
[1] "########## topic 3 ##############"
[1] "##### top positive words:"
[1] "size"           "sample"         "sampling"       "classification"
[5] "can"            "optimal"        "design"         "designs"       
[1] "##### top document titles:"
[1] "Quarter-fraction factorial designs constructed via quaternary codes"                           
[2] "A complementary design theory for doubling"                                                    
[3] "Multi-layer designs for computer experiments"                                                  
[4] "Blocked regular fractional factorial designs with minimum aberration"                          
[5] "Complete enumeration of two-level orthogonal arrays of strength {$d$} with {$d+2$} constraints"
[6] "Doubling and projection: a method of constructing two-level designs of resolution {IV}"        
[7] "Nested orthogonal array-based {L}atin hypercube designs"                                       
[8] "A general theory of minimum aberration and its applications"                                   
[1] "########## topic 4 ##############"
[1] "##### top positive words:"
[1] "regression" "estimation" "proposed"   "model"      "data"      
[6] "estimator"  "likelihood" "estimators"
[1] "##### top document titles:"
[1] "Partially linear hazard regression with varying coefficients for multivariate survival data"    
[2] "Adjusted jackknife for imputation under unequal probability sampling without replacement"       
[3] "Gamma frailty transformation models for multivariate survival times"                            
[4] "Generalized method of moments estimation for linear regression with clustered failure time data"
[5] "Additive partial linear models with measurement errors"                                         
[6] "Locally efficient semiparametric estimators for functional measurement error models"            
[7] "Inference for a class of transformed hazards models"                                            
[8] "A maximum pseudo-profile likelihood estimator for the {C}ox model under length-biased sampling" 
[1] "########## topic 5 ##############"
[1] "##### top positive words:"
[1] "components" "series"     "analysis"   "time"       "covariance"
[6] "matrix"     "functional" "data"      
[1] "##### top document titles:"
[1] "Estimation of functional derivatives"                            
[2] "Dynamical correlation for multivariate longitudinal data"        
[3] "Functional variance processes"                                   
[4] "Multivariate spectral analysis using {C}holesky decomposition"   
[5] "Functional singular component analysis"                          
[6] "Combining registration and fitting for functional models"        
[7] "A multi-dimensional scaling approach to shape analysis"          
[8] "Geometric representation of high dimension, low sample size data"
[1] "########## topic 6 ##############"
[1] "##### top positive words:"
[1] "rate"        "asymptotic"  "convergence" "results"     "estimators" 
[6] "estimator"   "density"     "function"   
[1] "##### top document titles:"
[1] "Optimal change-point estimation from indirect observations"       
[2] "Confidence bands in density estimation"                           
[3] "Sparse recovery in convex hulls via entropy penalization"         
[4] "Deconvolution with unknown error distribution"                    
[5] "Global uniform risk bounds for wavelet deconvolution estimators"  
[6] "Projection-based depth functions and associated medians"          
[7] "Edgeworth expansion for {$U$}-statistics under minimal conditions"
[8] "A note on nonparametric estimation of linear functionals"         
[1] "########## topic 7 ##############"
[1] "##### top positive words:"
[1] "null"       "procedures" "procedure"  "confidence" "statistics"
[6] "testing"    "tests"      "test"      
[1] "##### top document titles:"
[1] "A note on the adaptive control of false discovery rates"                      
[2] "On weighted {H}ochberg procedures"                                            
[3] "Simes' procedure is `valid on average'"                                       
[4] "Stepup procedures controlling generalized {FWER} and generalized {FDR}"       
[5] "Generalizations of the familywise error rate"                                 
[6] "Generalizing {S}imes' test and {H}ochberg's stepup procedure"                 
[7] "Stepup procedures for control of generalizations of the familywise error rate"
[8] "Adaptive linear step-up procedures that control the false discovery rate"     
[1] "########## topic 8 ##############"
[1] "##### top positive words:"
[1] "markov"    "model"     "posterior" "monte"     "carlo"     "prior"    
[7] "algorithm" "bayesian" 
[1] "##### top document titles:"
[1] "Particle {M}arkov chain {M}onte {C}arlo methods"                                     
[2] "Partially collapsed {G}ibbs samplers: theory and methods"                            
[3] "A {B}ayesian reassessment of nearest-neighbor classification"                        
[4] "Bayesian analysis for reversible {M}arkov chains"                                    
[5] "On the use of local optimizations within {M}etropolis-{H}astings updates"            
[6] "Probabilistic wind spread forecasting using ensembles and {B}ayesian model averaging"
[7] "Sequential {M}onte {C}arlo samplers"                                                 
[8] "Independent particle filters"                                                        
[1] "########## topic 9 ##############"
[1] "##### top positive words:"
[1] "procedure"  "methods"    "variable"   "linear"     "method"    
[6] "model"      "selection"  "regression"
[1] "##### top document titles:"
[1] "Sparse sufficient dimension reduction"                              
[2] "Forward regression for ultra-high dimensional variable screening"   
[3] "Model selection and estimation in regression with grouped variables"
[4] "Partial inverse regression"                                         
[5] "Variable inclusion and shrinkage algorithms"                        
[6] "Regularization and variable selection via the elastic net"          
[7] "Shrinkage estimation of the varying coefficient model"              
[8] "A generalized {D}antzig selector with shrinkage tuning"             
[1] "########## topic 10 ##############"
[1] "##### top positive words:"
[1] "data"          "random"        "distributions" "distribution" 
[5] "conditional"   "process"       "model"         "models"       
[1] "##### top document titles:"
[1] "On the approximation of the quadratic exponential distribution in a latent variable context"                                              
[2] "Efficient estimation of auto-regression parameters and innovation distributions for semiparametric integer-valued {${\\rm AR}(p)$} models"
[3] "Multivariate distributions with support above the diagonal"                                                                               
[4] "Generalized autoregressive moving average models"                                                                                         
[5] "Binary models for marginal independence"                                                                                                  
[6] "A family of symmetric distributions on the circle"                                                                                        
[7] "A note on time-reversibility of multivariate linear processes"                                                                            
[8] "On the identification of path analysis models with one hidden variable"                                                                   
[1] "####################################"
[1] "############# K = 15 #############"
[1] "####################################"
[1] "########## topic 1 ##############"
[1] "##### top positive words:"
[1] "criterion"   "minimum"     "class"       "orthogonal"  "experiments"
[6] "optimal"     "design"      "designs"    
[1] "##### top document titles:"
[1] "Doubling and projection: a method of constructing two-level designs of resolution {IV}"       
[2] "A complementary design theory for doubling"                                                   
[3] "Sliced space-filling designs"                                                                 
[4] "Some nonregular designs from the {N}ordstrom-{R}obinson code and their statistical properties"
[5] "Some results on {$2^{n-m}$} designs of resolution {IV} with (weak) minimum aberration"        
[6] "Minimum aberration construction results for nonregular two-level fractional factorial designs"
[7] "Optimal additions to and deletions from two-level orthogonal arrays"                          
[8] "Blocked regular fractional factorial designs with minimum aberration"                         
[1] "########## topic 2 ##############"
[1] "##### top positive words:"
[1] "many"        "problems"    "problem"     "can"         "methods"    
[6] "statistical" "analysis"    "data"       
[1] "##### top document titles:"
[1] "Erich {L}eo {L}ehmann---a glimpse into his life and work"                              
[2] "Scale adjustments for classifiers in high-dimensional, low sample size settings"       
[3] "Does the statistics profession have an identity crisis?"                               
[4] "From data to policy: scientific excellence is our future"                              
[5] "A method for normalizing microarrays using genes that are not differentially expressed"
[6] "Local smoothing image segmentation for spotted microarray images"                      
[7] "Statistics: harnessing the power of information"                                       
[8] "From the statistics of data to the statistics of knowledge: symbolic data analysis"    
[1] "########## topic 3 ##############"
[1] "##### top positive words:"
[1] "consistent" "mean"       "asymptotic" "sample"     "error"     
[6] "variance"   "estimator"  "estimators"
[1] "##### top document titles:"
[1] "Adjusted jackknife for imputation under unequal probability sampling without replacement" 
[2] "Projection-based depth functions and associated medians"                                  
[3] "A jackknife variance estimator for unistage stratified samples with unequal probabilities"
[4] "Influence function and maximum bias of projection depth based estimators"                 
[5] "Replication variance estimation for two-phase stratified sampling"                        
[6] "Multidimensional trimming based on projection depth"                                      
[7] "Cram\\'er-type large deviations for samples from a finite population"                     
[8] "Depth weighted scatter estimators"                                                        
[1] "########## topic 4 ##############"
[1] "##### top positive words:"
[1] "conditional"  "distribution" "maximum"      "parameter"    "parameters"  
[6] "models"       "model"        "likelihood"  
[1] "##### top document titles:"
[1] "Likelihood for statistically equivalent models"                                               
[2] "An asymptotic theory for model selection inference in general semiparametric problems"        
[3] "Efficient estimation of {B}anach parameters in semiparametric models"                         
[4] "A paradox concerning nuisance parameters and projected estimating functions"                  
[5] "A modified likelihood ratio statistic for some nonregular models"                             
[6] "Conditioning to reduce the sensitivity of general estimating functions to nuisance parameters"
[7] "Likelihood ratio statistics based on an integrated likelihood"                                
[8] "On {B}artlett correction of empirical likelihood in the presence of nuisance parameters"      
[1] "########## topic 5 ##############"
[1] "##### top positive words:"
[1] "matrices"      "data"          "distributions" "random"       
[5] "correlation"   "covariance"    "matrix"        "multivariate" 
[1] "##### top document titles:"
[1] "Trek separation for {G}aussian graphical models"                     
[2] "Matrix representations and independencies in directed acyclic graphs"
[3] "A multi-dimensional scaling approach to shape analysis"              
[4] "Measuring and testing dependence by correlation of distances"        
[5] "Invariant co-ordinate selection"                                     
[6] "Moments of minors of {W}ishart matrices"                             
[7] "On identification of multi-factor models with correlated residuals"  
[8] "Singular {W}ishart and multivariate beta distributions"              
[1] "########## topic 6 ##############"
[1] "##### top positive words:"
[1] "distribution" "asymptotic"   "bootstrap"    "confidence"   "processes"   
[6] "series"       "process"      "time"        
[1] "##### top document titles:"
[1] "Strong invariance principles for sequential {B}ahadur-{K}iefer and {V}ervaat error processes of long-range dependent sequences"
[2] "On the {B}ahadur representation of sample quantiles for dependent sequences"                                                   
[3] "Asymptotic spectral theory for nonlinear time series"                                                                          
[4] "Empirical-likelihood-based confidence interval for the mean with a heavy-tailed distribution"                                  
[5] "Asymptotic theory of least squares estimators for nearly unstable processes under strong dependence"                           
[6] "Autoregressive-aided periodogram bootstrap for time series"                                                                    
[7] "Realized {L}aplace transforms for pure-jump semimartingales"                                                                   
[8] "On maxima of periodograms of stationary processes"                                                                             
[1] "########## topic 7 ##############"
[1] "##### top positive words:"
[1] "process"  "article"  "modeling" "using"    "spatial"  "models"   "data"    
[8] "model"   
[1] "##### top document titles:"
[1] "Powering up with space-time wind forecasting"                                                                    
[2] "Infilling sparse records of spatial fields"                                                                      
[3] "Intervention and causality: forecasting traffic flows using a dynamic {B}ayesian network"                        
[4] "Probabilistic wind spread forecasting using ensembles and {B}ayesian model averaging"                            
[5] "A statistical approach to thermal management of data centers under steady state and system perturbations"        
[6] "Bayesian modeling of uncertainty in ensembles of climate models"                                                 
[7] "The value of multiproxy reconstruction of past climate"                                                          
[8] "Calibrated probabilistic forecasting at the stateline wind energy center: the regime-switching space-time method"
[1] "########## topic 8 ##############"
[1] "##### top positive words:"
[1] "linear"     "number"     "variables"  "prediction" "regression"
[6] "variable"   "model"      "selection" 
[1] "##### top document titles:"
[1] "Regularization and variable selection via the elastic net"                    
[2] "Variable inclusion and shrinkage algorithms"                                  
[3] "Global optimality of nonconvex penalized estimators"                          
[4] "Tuning parameter selectors for the smoothly clipped absolute deviation method"
[5] "A generalized {D}antzig selector with shrinkage tuning"                       
[6] "The group {L}asso for logistic regression"                                    
[7] "Shrinkage tuning parameter selection with a diverging number of parameters"   
[8] "The adaptive lasso and its oracle properties"                                 
[1] "########## topic 9 ##############"
[1] "##### top positive words:"
[1] "propose"    "procedure"  "estimation" "new"        "algorithm" 
[6] "proposed"   "methods"    "method"    
[1] "##### top document titles:"
[1] "Efficient global approximation of generalized nonlinear {$\\ell_1$}-regularized solution paths and its applications"
[2] "Kernel density estimation via diffusion"                                                                            
[3] "The dynamic `expectation-conditional maximization either' algorithm"                                                
[4] "Nonparametric estimation of cause-specific cross hazard ratio with bivariate competing risks data"                  
[5] "Efficient {R}obbins-{M}onro procedure for binary data"                                                              
[6] "On fast computation of the non-parametric maximum likelihood estimate of a mixing distribution"                     
[7] "A multiple-imputation {M}etropolis version of the {EM} algorithm"                                                   
[8] "A sequential smoothing algorithm with linear computational cost"                                                    
[1] "########## topic 10 ##############"
[1] "##### top positive words:"
[1] "missing"    "studies"    "proposed"   "survival"   "time"      
[6] "covariates" "model"      "data"      
[1] "##### top document titles:"
[1] "Joint modeling and estimation for recurrent event processes and failure time data"                      
[2] "Nonparametric association analysis of bivariate competing-risks data"                                   
[3] "Attributable fraction functions for censored event times"                                               
[4] "A semiparametric random effects model for multivariate competing risks data"                            
[5] "Cumulative incidence association models for bivariate competing risks data"                             
[6] "Semiparametric regression analysis of mean residual life with censored survival data"                   
[7] "Regression analysis of longitudinal data in the presence of informative observation and censoring times"
[8] "Models for recurring events with marginal proportional hazards"                                         
[1] "########## topic 11 ##############"
[1] "##### top positive words:"
[1] "models"    "markov"    "model"     "posterior" "monte"     "carlo"    
[7] "prior"     "bayesian" 
[1] "##### top document titles:"
[1] "Bayesian analysis for reversible {M}arkov chains"                                 
[2] "Kernel stick-breaking processes"                                                  
[3] "Bayesian nonparametric inference on stochastic ordering"                          
[4] "Hierarchical mixture modeling with normalized inverse-{G}aussian priors"          
[5] "Sequential {M}onte {C}arlo samplers"                                              
[6] "A method for combining inference across related nonparametric {B}ayesian models"  
[7] "Recursive computing and simulation-free inference for general factorizable models"
[8] "Hierarchical {D}irichlet processes"                                               
[1] "########## topic 12 ##############"
[1] "##### top positive words:"
[1] "power"      "procedure"  "hypothesis" "procedures" "null"      
[6] "testing"    "tests"      "test"      
[1] "##### top document titles:"
[1] "Shortcuts for locally consonant closed test procedures"                       
[2] "On weighted {H}ochberg procedures"                                            
[3] "Adaptive linear step-up procedures that control the false discovery rate"     
[4] "Stepup procedures controlling generalized {FWER} and generalized {FDR}"       
[5] "Generalizing {S}imes' test and {H}ochberg's stepup procedure"                 
[6] "Generalizations of the familywise error rate"                                 
[7] "Stepup procedures for control of generalizations of the familywise error rate"
[8] "Control of generalized error rates in multiple testing"                       
[1] "########## topic 13 ##############"
[1] "##### top positive words:"
[1] "study"     "studies"   "outcomes"  "causal"    "outcome"   "effect"   
[7] "treatment" "effects"  
[1] "##### top document titles:"
[1] "Profiling placebo responders by self-consistent partitioning of functional data"                                                                       
[2] "Methodology for evaluating a partially controlled longitudinal treatment using principal stratification, with application to a needle exchange program"
[3] "The prognostic analogue of the propensity score"                                                                                                       
[4] "Criteria for surrogate end points"                                                                                                                     
[5] "Evaluating kindergarten retention policy: a case study of causal inference for multilevel observational data"                                          
[6] "War and wages: the strength of instrumental variables and their sensitivity to unobserved biases"                                                      
[7] "Randomization inference with imperfect compliance in the {ACE}-inhibitor after anthracycline randomized trial"                                         
[8] "Building a stronger instrument in an observational study of perinatal care for premature infants"                                                      
[1] "########## topic 14 ##############"
[1] "##### top positive words:"
[1] "bounds"      "estimation"  "problem"     "results"     "convergence"
[6] "rate"        "function"    "density"    
[1] "##### top document titles:"
[1] "Global uniform risk bounds for wavelet deconvolution estimators"                  
[2] "Thresholding estimators for linear inverse problems and deconvolutions"           
[3] "General empirical {B}ayes wavelet methods and exactly adaptive minimax estimation"
[4] "Optimal change-point estimation from indirect observations"                       
[5] "Sparse recovery in convex hulls via entropy penalization"                         
[6] "On surrogate loss functions and {$f$}-divergences"                                
[7] "Fast learning rates for plug-in classifiers"                                      
[8] "Consistent estimates of deformed isotropic {G}aussian random fields on the plane" 
[1] "########## topic 15 ##############"
[1] "##### top positive words:"
[1] "components"    "model"         "function"      "functions"    
[5] "linear"        "nonparametric" "functional"    "regression"   
[1] "##### top document titles:"
[1] "Estimation of functional derivatives"                                    
[2] "Power transformation toward a linear regression quantile"                
[3] "Functional quasi-likelihood regression models with smooth random effects"
[4] "A simple smooth backfitting method for additive models"                  
[5] "Generalized varying coefficient models with unknown link function"       
[6] "Additive modelling of functional gradients"                              
[7] "Functional additive models"                                              
[8] "Functional quadratic regression"                                         
[1] "####################################"
[1] "############# K = 20 #############"
[1] "####################################"
[1] "########## topic 1 ##############"
[1] "##### top positive words:"
[1] "models"        "distribution"  "mixture"       "model"        
[5] "posterior"     "distributions" "prior"         "bayesian"     
[1] "##### top document titles:"
[1] "A constructive representation of univariate skewed distributions"       
[2] "Bayes factors based on test statistics"                                 
[3] "Inference for mixtures of finite {P}olya tree models"                   
[4] "Default priors for {B}ayesian and frequentist inference"                
[5] "On priors with a {K}ullback-{L}eibler property"                         
[6] "Hierarchical mixture modeling with normalized inverse-{G}aussian priors"
[7] "Shrinkage priors for {B}ayesian prediction"                             
[8] "Simultaneous prediction of independent {P}oisson observables"           
[1] "########## topic 2 ##############"
[1] "##### top positive words:"
[1] "minimum"    "interval"   "intervals"  "optimal"    "bootstrap" 
[6] "confidence" "design"     "designs"   
[1] "##### top document titles:"
[1] "Universal optimality for selected crossover designs"                                          
[2] "Some nonregular designs from the {N}ordstrom-{R}obinson code and their statistical properties"
[3] "Doubling and projection: a method of constructing two-level designs of resolution {IV}"       
[4] "Optimal additions to and deletions from two-level orthogonal arrays"                          
[5] "Some results on {$2^{n-m}$} designs of resolution {IV} with (weak) minimum aberration"        
[6] "Generalised minimum aberration construction results for symmetrical orthogonal arrays"        
[7] "Minimum aberration construction results for nonregular two-level fractional factorial designs"
[8] "A complementary design theory for doubling"                                                   
[1] "########## topic 3 ##############"
[1] "##### top positive words:"
[1] "studies"    "randomized" "outcomes"   "causal"     "outcome"   
[6] "effects"    "effect"     "treatment" 
[1] "##### top document titles:"
[1] "Evidence factors in observational studies"                                                                                 
[2] "Sensitivity analyses comparing time-to-event outcomes existing only in a subset selected postrandomization"                
[3] "Can nonrandomized experiments yield accurate answers? {A} randomized experiment comparing random and nonrandom assignments"
[4] "Evaluating kindergarten retention policy: a case study of causal inference for multilevel observational data"              
[5] "Differential effects and generic biases in observational studies"                                                          
[6] "War and wages: the strength of instrumental variables and their sensitivity to unobserved biases"                          
[7] "Criteria for surrogate end points"                                                                                         
[8] "Randomization inference with imperfect compliance in the {ACE}-inhibitor after anthracycline randomized trial"             
[1] "########## topic 4 ##############"
[1] "##### top positive words:"
[1] "gaussian"     "reduction"    "matrices"     "vector"       "multivariate"
[6] "dimension"    "covariance"   "matrix"      
[1] "##### top document titles:"
[1] "Multivariate analysis and {J}acobi ensembles: largest eigenvalue, {T}racy-{W}idom limits and rates of convergence"
[2] "Invariant co-ordinate selection"                                                                                  
[3] "A new approach to {C}holesky-based covariance regularization in high dimensions"                                  
[4] "Covariance decomposition in undirected {G}aussian graphical models"                                               
[5] "On identification of multi-factor models with correlated residuals"                                               
[6] "Estimation of means in graphical {G}aussian models with symmetries"                                               
[7] "Trek separation for {G}aussian graphical models"                                                                  
[8] "Moments of minors of {W}ishart matrices"                                                                          
[1] "########## topic 5 ##############"
[1] "##### top positive words:"
[1] "distributions" "consistency"   "estimators"    "results"      
[5] "sample"        "conditions"    "distribution"  "asymptotic"   
[1] "##### top document titles:"
[1] "Influence function and maximum bias of projection depth based estimators"   
[2] "Asymptotic data analysis on manifolds"                                      
[3] "Cram\\'er-type large deviations for samples from a finite population"       
[4] "Uniform asymptotics for robust location estimates when the scale is unknown"
[5] "Asymptotic normality of a nonparametric estimator of sample coverage"       
[6] "Multidimensional trimming based on projection depth"                        
[7] "Depth weighted scatter estimators"                                          
[8] "Projection-based depth functions and associated medians"                    
[1] "########## topic 6 ##############"
[1] "##### top positive words:"
[1] "event"    "cancer"   "failure"  "times"    "studies"  "survival" "time"    
[8] "data"    
[1] "##### top document titles:"
[1] "Mixture cure survival models with dependent censoring"                                              
[2] "Nonparametric estimation with left-truncated semicompeting risks data"                              
[3] "Analyzing length-biased data with semiparametric transformation and accelerated failure time models"
[4] "Nonparametric incidence estimation from prevalent cohort survival data"                             
[5] "A class of semiparametric mixture cure survival models with dependent censoring"                    
[6] "Semiparametric regression analysis of mean residual life with censored survival data"               
[7] "Nonparametric association analysis of bivariate competing-risks data"                               
[8] "Analysing bivariate survival data with interval sampling and application to cancer epidemiology"    
[1] "########## topic 7 ##############"
[1] "##### top positive words:"
[1] "covariates"    "response"      "nonparametric" "generalized"  
[5] "model"         "models"        "linear"        "regression"   
[1] "##### top document titles:"
[1] "Backfitting and smooth backfitting for additive quantile models"
[2] "Generalized varying coefficient models for longitudinal data"   
[3] "Covariate-adjusted generalized linear models"                   
[4] "Covariate-adjusted regression"                                  
[5] "A simple smooth backfitting method for additive models"         
[6] "Local additive estimation"                                      
[7] "Generalised structured models"                                  
[8] "Power transformation toward a linear regression quantile"       
[1] "########## topic 8 ##############"
[1] "##### top positive words:"
[1] "clusters"   "number"     "cluster"    "gene"       "group"     
[6] "clustering" "expression" "data"      
[1] "##### top document titles:"
[1] "Local smoothing image segmentation for spotted microarray images"                                   
[2] "Clustering objects on subsets of attributes"                                                        
[3] "Variable selection in regression mixture modeling for the discovery of gene regulatory networks"    
[4] "Bayesian random segmentation models to identify shared copy number aberrations for array {CGH} data"
[5] "Hidden {M}arkov models for microarray time course data in multiple biological conditions"           
[6] "Modeling three-dimensional chromosome structures using gene expression data"                        
[7] "Accounting for spatial dependence in the analysis of {SPECT} brain imaging data"                    
[8] "A method for normalizing microarrays using genes that are not differentially expressed"             
[1] "########## topic 9 ##############"
[1] "##### top positive words:"
[1] "marginal"     "distribution" "variables"    "random"       "conditional" 
[6] "data"         "model"        "models"      
[1] "##### top document titles:"
[1] "Pairwise dependence diagnostics for clustered failure-time data"                                                
[2] "Binary models for marginal independence"                                                                        
[3] "Transition models for multivariate longitudinal binary data"                                                    
[4] "Matching conditional and marginal shapes in binary random intercept models using a bridge distribution function"
[5] "Copula model generated by {D}abrowska's association measure"                                                    
[6] "Conditional and marginal association for binary random variables"                                               
[7] "Recapture models under equality constraints for the conditional capture probabilities"                          
[8] "On an internal method for deriving a summary measure"                                                           
[1] "########## topic 10 ##############"
[1] "##### top positive words:"
[1] "estimates" "system"    "health"    "article"   "using"     "models"   
[7] "data"      "model"    
[1] "##### top document titles:"
[1] "Bayesian modeling of uncertainty in ensembles of climate models"                                                 
[2] "Calibrated probabilistic forecasting at the stateline wind energy center: the regime-switching space-time method"
[3] "Bayesian spatial quantile regression"                                                                            
[4] "Intervention and causality: forecasting traffic flows using a dynamic {B}ayesian network"                        
[5] "A model of the joint distribution of purchase quantity and timing"                                               
[6] "Election forecasts using spatiotemporal models"                                                                  
[7] "The value of multiproxy reconstruction of past climate"                                                          
[8] "Powering up with space-time wind forecasting"                                                                    
[1] "########## topic 11 ##############"
[1] "##### top positive words:"
[1] "data"        "inference"   "many"        "problems"    "problem"    
[6] "can"         "statistical" "methods"    
[1] "##### top document titles:"
[1] "Statistics: harnessing the power of information"                                                  
[2] "On {S}tudent's 1908 article ``{T}he probable error of a mean''"                                   
[3] "Does the statistics profession have an identity crisis?"                                          
[4] "Bayesians, frequentists, and scientists"                                                          
[5] "From the statistics of data to the statistics of knowledge: symbolic data analysis"               
[6] "Erich {L}eo {L}ehmann---a glimpse into his life and work"                                         
[7] "From data to policy: scientific excellence is our future"                                         
[8] "Studies in the history of probability and statistics, {L}: {K}arl {P}earson and the rule of three"
[1] "########## topic 12 ##############"
[1] "##### top positive words:"
[1] "random"     "component"  "analysis"   "smoothing"  "functions" 
[6] "components" "data"       "functional"
[1] "##### top document titles:"
[1] "Functional convex averaging and synchronization for time-warped random curves"                                 
[2] "Additive modelling of functional gradients"                                                                    
[3] "Inferring stochastic dynamics from functional data"                                                            
[4] "Estimating derivatives for samples of sparsely observed functions, with application to online auction dynamics"
[5] "Spatially adaptive smoothing splines"                                                                          
[6] "Estimation of functional derivatives"                                                                          
[7] "Functional variance processes"                                                                                 
[8] "Combining registration and fitting for functional models"                                                      
[1] "########## topic 13 ##############"
[1] "##### top positive words:"
[1] "lasso"      "number"     "criterion"  "prediction" "least"     
[6] "variable"   "model"      "selection" 
[1] "##### top document titles:"
[1] "Regularization parameter selections via generalized information criterion"                
[2] "A unified approach to model selection and sparse recovery using regularized least squares"
[3] "Tuning parameter selectors for the smoothly clipped absolute deviation method"            
[4] "A generalized {D}antzig selector with shrinkage tuning"                                   
[5] "Regularization and variable selection via the elastic net"                                
[6] "Variable inclusion and shrinkage algorithms"                                              
[7] "On the non-negative garrote estimator"                                                    
[8] "The adaptive lasso and its oracle properties"                                             
[1] "########## topic 14 ##############"
[1] "##### top positive words:"
[1] "procedure"  "new"        "simulation" "propose"    "data"      
[6] "methods"    "proposed"   "method"    
[1] "##### top document titles:"
[1] "Testing independence for bivariate current status data"                                           
[2] "Mobius-like mappings and their use in kernel density estimation"                                  
[3] "Robust data-driven inference for density-weighted average derivatives"                            
[4] "A sequential smoothing algorithm with linear computational cost"                                  
[5] "Efficient {R}obbins-{M}onro procedure for binary data"                                            
[6] "Sliced regression for dimension reduction"                                                        
[7] "Empirical likelihood and quantile regression in longitudinal data analysis"                       
[8] "Nonparametric estimation of cause-specific cross hazard ratio with bivariate competing risks data"
[1] "########## topic 15 ##############"
[1] "##### top positive words:"
[1] "missing"    "bias"       "sample"     "estimator"  "variance"  
[6] "mean"       "error"      "estimators"
[1] "##### top document titles:"
[1] "Mean-squared error estimation in transformed {F}ay-{H}erriot models"                     
[2] "Artificially augmented samples, shrinkage, and mean squared error reduction"             
[3] "Adjusted jackknife for imputation under unequal probability sampling without replacement"
[4] "Replication variance estimation for two-phase stratified sampling"                       
[5] "Small area estimation when auxiliary information is measured with error"                 
[6] "Calibrated imputation in surveys under a quasi-model-assisted approach"                  
[7] "On the bias of the multiple-imputation variance estimator in survey sampling"            
[8] "Fractional hot deck imputation"                                                          
[1] "########## topic 16 ##############"
[1] "##### top positive words:"
[1] "using"      "chain"      "algorithms" "sampling"   "markov"    
[6] "monte"      "carlo"      "algorithm" 
[1] "##### top document titles:"
[1] "Multiprocess parallel antithetic coupling for backward and forward {M}arkov chain {M}onte {C}arlo"
[2] "Recursive computing and simulation-free inference for general factorizable models"                
[3] "Sequential {M}onte {C}arlo samplers"                                                              
[4] "On the use of local optimizations within {M}etropolis-{H}astings updates"                         
[5] "Particle {M}arkov chain {M}onte {C}arlo methods"                                                  
[6] "Ascent-based {M}onte {C}arlo expectation-maximization"                                            
[7] "A generalized {W}ang-{L}andau algorithm for {M}onte {C}arlo computation"                          
[8] "Independent particle filters"                                                                     
[1] "########## topic 17 ##############"
[1] "##### top positive words:"
[1] "problem"     "rates"       "estimation"  "estimator"   "convergence"
[6] "rate"        "function"    "density"    
[1] "##### top document titles:"
[1] "Adaptive variance function estimation in heteroscedastic nonparametric regression"         
[2] "Data-driven density estimation in the presence of additive noise with unknown distribution"
[3] "A note on nonparametric estimation of linear functionals"                                  
[4] "General empirical {B}ayes wavelet methods and exactly adaptive minimax estimation"         
[5] "Sparse recovery in convex hulls via entropy penalization"                                  
[6] "Empirical risk minimization in inverse problems"                                           
[7] "Optimal change-point estimation from indirect observations"                                
[8] "Fast learning rates for plug-in classifiers"                                               
[1] "########## topic 18 ##############"
[1] "##### top positive words:"
[1] "power"      "procedures" "hypothesis" "statistic"  "null"      
[6] "testing"    "tests"      "test"      
[1] "##### top document titles:"
[1] "Shortcuts for locally consonant closed test procedures"                                 
[2] "Generalizations of the familywise error rate"                                           
[3] "Control of generalized error rates in multiple testing"                                 
[4] "{$\\alpha$}-investing: a procedure for sequential control of expected false discoveries"
[5] "A note on adaptive {B}onferroni and {H}olm procedures under dependence"                 
[6] "Generalizing {S}imes' test and {H}ochberg's stepup procedure"                           
[7] "Stepup procedures controlling generalized {FWER} and generalized {FDR}"                 
[8] "Stepup procedures for control of generalizations of the familywise error rate"          
[1] "########## topic 19 ##############"
[1] "##### top positive words:"
[1] "estimating" "estimators" "model"      "parameter"  "maximum"   
[6] "parameters" "estimator"  "likelihood"
[1] "##### top document titles:"
[1] "Point estimation with exponentially tilted empirical likelihood"                                          
[2] "Locally efficient semiparametric estimators for generalized skew-elliptical distributions"                
[3] "Constrained local likelihood estimators for semiparametric skew-normal distributions"                     
[4] "Efficiency of projected score methods in rectangular array asymptotics"                                   
[5] "Statistical inference for infinite-dimensional parameters via asymptotically pivotal estimating functions"
[6] "Efficient estimation of {B}anach parameters in semiparametric models"                                     
[7] "Likelihood ratio statistics based on an integrated likelihood"                                            
[8] "On {B}artlett correction of empirical likelihood in the presence of nuisance parameters"                  
[1] "########## topic 20 ##############"
[1] "##### top positive words:"
[1] "spectral"   "stationary" "stochastic" "spatial"    "processes" 
[6] "series"     "process"    "time"      
[1] "##### top document titles:"
[1] "Testing whether jumps have finite or infinite activity"                                      
[2] "Bayesian inference for non-{G}aussian {O}rnstein-{U}hlenbeck stochastic volatility processes"
[3] "Testing for jumps in a discretely observed process"                                          
[4] "Locally adaptive estimation of evolutionary wavelet spectra"                                 
[5] "Estimating the degree of activity of jumps in high frequency data"                           
[6] "A note on non-negative continuous time processes"                                            
[7] "Localized realized volatility modeling"                                                      
[8] "Realized {L}aplace transforms for pure-jump semimartingales"                                 
[1] "####################################"
[1] "############# K = 30 #############"
[1] "####################################"
[1] "########## topic 1 ##############"
[1] "##### top positive words:"
[1] "many"        "data"        "can"         "inference"   "problem"    
[6] "problems"    "methods"     "statistical"
[1] "##### top document titles:"
[1] "Using the periodogram to estimate period in nonparametric regression"                                               
[2] "Invariant {$P$}-values for model checking"                                                                          
[3] "Asymptotics and the theory of inference"                                                                            
[4] "Studies in the history of probability and statistics. {XLVIII}. {T}he {B}ayesian contributions of {E}rnest {L}hoste"
[5] "Adversarial risk analysis"                                                                                          
[6] "On {S}tudent's 1908 article ``{T}he probable error of a mean''"                                                     
[7] "Bayesians, frequentists, and scientists"                                                                            
[8] "From the statistics of data to the statistics of knowledge: symbolic data analysis"                                 
[1] "########## topic 2 ##############"
[1] "##### top positive words:"
[1] "volatility"     "index"          "processes"      "stationary"    
[5] "autoregressive" "spectral"       "series"         "time"          
[1] "##### top document titles:"
[1] "Multiple local {W}hittle estimation in stationary systems"                                                                                           
[2] "Least absolute deviation estimation for fractionally integrated autoregressive moving average time series models with conditional heteroscedasticity"
[3] "Testing whether jumps have finite or infinite activity"                                                                                              
[4] "Multi-scale jump and volatility analysis for high-frequency financial data"                                                                          
[5] "Estimating the degree of activity of jumps in high frequency data"                                                                                   
[6] "Semiparametric efficient estimation for incomplete longitudinal binary data, with application to smoking trends"                                     
[7] "Option pricing with model-guided nonparametric methods"                                                                                              
[8] "Localized realized volatility modeling"                                                                                                              
[1] "########## topic 3 ##############"
[1] "##### top positive words:"
[1] "predictor"    "response"     "predictors"   "linear"       "dimension"   
[6] "least"        "coefficients" "regression"  
[1] "##### top document titles:"
[1] "Inference on the primary parameter of interest with the aid of dimension reduction estimation"
[2] "Dimension reduction for non-elliptically distributed predictors: second-order methods"        
[3] "Sufficient dimension reduction in regressions across heterogeneous subpopulations"            
[4] "Sparse sufficient dimension reduction"                                                        
[5] "Principal {H}essian directions for regression with measurement error"                         
[6] "Estimating central subspaces via inverse third moments"                                       
[7] "Contour projected dimension reduction"                                                        
[8] "Partial inverse regression"                                                                   
[1] "########## topic 4 ##############"
[1] "##### top positive words:"
[1] "theory"      "establish"   "general"     "paper"       "consistency"
[6] "results"     "conditions"  "asymptotic" 
[1] "##### top document titles:"
[1] "A {CLT} for regularized sample covariance matrices"                                                                            
[2] "Testing for change points in time series models and limiting theorems for {NED} sequences"                                     
[3] "Pseudo-maximum likelihood estimation of {${\\rm ARCH}(\\infty)$} models"                                                       
[4] "Strong invariance principles for sequential {B}ahadur-{K}iefer and {V}ervaat error processes of long-range dependent sequences"
[5] "New approaches to {B}ayesian consistency"                                                                                      
[6] "Conditional least squares estimation in nonstationary nonlinear stochastic regression models"                                  
[7] "Asymptotic normality of a nonparametric estimator of sample coverage"                                                          
[8] "Edgeworth expansion for {$U$}-statistics under minimal conditions"                                                             
[1] "########## topic 5 ##############"
[1] "##### top positive words:"
[1] "randomized" "trial"      "studies"    "outcomes"   "causal"    
[6] "effects"    "effect"     "treatment" 
[1] "##### top document titles:"
[1] "Semiparametric inference in observational duration-response studies, with duration possibly right-censored"                                            
[2] "Differential effects and generic biases in observational studies"                                                                                      
[3] "Statistical modeling of causal effects in continuous time"                                                                                             
[4] "Profiling placebo responders by self-consistent partitioning of functional data"                                                                       
[5] "Methodology for evaluating a partially controlled longitudinal treatment using principal stratification, with application to a needle exchange program"
[6] "Randomization-based inference within principal strata"                                                                                                 
[7] "Sensitivity analyses comparing time-to-event outcomes existing only in a subset selected postrandomization"                                            
[8] "Randomization inference with imperfect compliance in the {ACE}-inhibitor after anthracycline randomized trial"                                         
[1] "########## topic 6 ##############"
[1] "##### top positive words:"
[1] "cancer"   "event"    "studies"  "failure"  "times"    "survival" "time"    
[8] "data"    
[1] "##### top document titles:"
[1] "Analysing bivariate survival data with interval sampling and application to cancer epidemiology"                       
[2] "Cumulative incidence association models for bivariate competing risks data"                                            
[3] "Mixture cure survival models with dependent censoring"                                                                 
[4] "Breast cancer relative hazard estimates from case-control and cohort designs with missing data on mammographic density"
[5] "Testing quasi-independence of failure and truncation times via conditional {K}endall's tau"                            
[6] "Analysis of failure time data under competing censoring mechanisms"                                                    
[7] "Semiparametric regression analysis of mean residual life with censored survival data"                                  
[8] "Nonparametric association analysis of bivariate competing-risks data"                                                  
[1] "########## topic 7 ##############"
[1] "##### top positive words:"
[1] "robust"         "efficiency"     "asymptotically" "asymptotic"    
[5] "consistent"     "variance"       "estimator"      "estimators"    
[1] "##### top document titles:"
[1] "Locally efficient estimation with bivariate right-censored data"                          
[2] "Locally efficient semiparametric estimators for generalized skew-elliptical distributions"
[3] "Projection estimators for generalized linear models"                                      
[4] "Projection-based depth functions and associated medians"                                  
[5] "Multidimensional trimming based on projection depth"                                      
[6] "Depth weighted scatter estimators"                                                        
[7] "Influence function and maximum bias of projection depth based estimators"                 
[8] "On the {S}tahel-{D}onoho estimator and depth-weighted means of multivariate data"         
[1] "########## topic 8 ##############"
[1] "##### top positive words:"
[1] "hypotheses" "control"    "rate"       "testing"    "false"     
[6] "multiple"   "procedure"  "procedures"
[1] "##### top document titles:"
[1] "False discovery rate for scanning statistics"                                 
[2] "An adaptive step-down procedure with proven {FDR} control under independence" 
[3] "Generalizing {S}imes' test and {H}ochberg's stepup procedure"                 
[4] "Balanced control of generalized error rates"                                  
[5] "Control of generalized error rates in multiple testing"                       
[6] "Stepup procedures controlling generalized {FWER} and generalized {FDR}"       
[7] "Generalizations of the familywise error rate"                                 
[8] "Stepup procedures for control of generalizations of the familywise error rate"
[1] "########## topic 9 ##############"
[1] "##### top positive words:"
[1] "observed"   "gaussian"   "discrete"   "stochastic" "processes" 
[6] "point"      "random"     "process"   
[1] "##### top document titles:"
[1] "Nonparametric estimation of surface integrals"                                                     
[2] "Rotation space random fields with an application to f{MRI} data"                                   
[3] "Optimal strategies for a class of sequential control problems with precedence relations"           
[4] "Continuous time modelling of dynamical spatial lattice data observed at sparsely distributed times"
[5] "Stable marked point processes"                                                                     
[6] "Estimating deformations of isotropic {G}aussian random fields on the plane"                        
[7] "Estimation of fractal dimension for a class of non-{G}aussian stationary processes and fields"     
[8] "Consistent estimates of deformed isotropic {G}aussian random fields on the plane"                  
[1] "########## topic 10 ##############"
[1] "##### top positive words:"
[1] "use"       "forecasts" "system"    "estimates" "health"    "using"    
[7] "data"      "model"    
[1] "##### top document titles:"
[1] "Powering up with space-time wind forecasting"                                                                                    
[2] "Relating ambient particulate matter concentration levels to mortality using an exposure simulator"                               
[3] "An analysis of the {N}ew {Y}ork {C}ity {P}olice {D}epartment's ``stop-and-frisk'' policy in the context of claims of racial bias"
[4] "How many people do you know in prison?: using overdispersion in count data to estimate social structure in networks"             
[5] "Election forecasts using spatiotemporal models"                                                                                  
[6] "Eye-movement analysis of search effectiveness"                                                                                   
[7] "Spatio-temporal analysis of total nitrate concentrations using dynamic statistical models"                                       
[8] "Calibrated probabilistic forecasting at the stateline wind energy center: the regime-switching space-time method"                
[1] "########## topic 11 ##############"
[1] "##### top positive words:"
[1] "analysis"       "genetic"        "features"       "genes"         
[5] "gene"           "expression"     "classification" "data"          
[1] "##### top document titles:"
[1] "Scale adjustments for classifiers in high-dimensional, low sample size settings"                                                 
[2] "A {B}ayesian hierarchical model for analysis of single-nucleotide polymorphisms diversity in multilocus, multipopulation samples"
[3] "Evolutionary similarity among genes"                                                                                             
[4] "Bayesian classification of tumours by using gene expression data"                                                                
[5] "Correlograms for non-stationary autoregressions"                                                                                 
[6] "Locally-efficient robust estimation of haplotype-disease association in family-based studies"                                    
[7] "Local smoothing image segmentation for spotted microarray images"                                                                
[8] "A method for normalizing microarrays using genes that are not differentially expressed"                                          
[1] "########## topic 12 ##############"
[1] "##### top positive words:"
[1] "graphical"    "multivariate" "structure"    "correlated"   "matrices"    
[6] "correlation"  "covariance"   "matrix"      
[1] "##### top document titles:"
[1] "A scatter matrix estimate based on the zonotope"                                
[2] "Joint response graphs and separation induced by triangular systems"             
[3] "Characterizing {M}arkov equivalence classes for {AMP} chain graph models"       
[4] "Trek separation for {G}aussian graphical models"                                
[5] "Covariance decomposition in undirected {G}aussian graphical models"             
[6] "A new approach to {C}holesky-based covariance regularization in high dimensions"
[7] "Moments of minors of {W}ishart matrices"                                        
[8] "On identification of multi-factor models with correlated residuals"             
[1] "########## topic 13 ##############"
[1] "##### top positive words:"
[1] "approach"      "estimation"    "nonparametric" "equations"    
[5] "mean"          "estimating"    "functions"     "function"     
[1] "##### top document titles:"
[1] "A {B}ayesian approach to non-parametric monotone function estimation"                         
[2] "Nonparametric estimation of convex models via mixtures"                                       
[3] "Making and evaluating point forecasts"                                                        
[4] "Conditioning to reduce the sensitivity of general estimating functions to nuisance parameters"
[5] "Statistical inference based on non-smooth estimating functions"                               
[6] "Model-independent estimates of dark matter distributions"                                     
[7] "On surrogate loss functions and {$f$}-divergences"                                            
[8] "Assessing robustness of generalised estimating equations and quadratic inference functions"   
[1] "########## topic 14 ##############"
[1] "##### top positive words:"
[1] "power"      "null"       "hypothesis" "testing"    "statistic" 
[6] "statistics" "tests"      "test"      
[1] "##### top document titles:"
[1] "Goodness-of-fit tests via phi-divergences"                                                            
[2] "Supremum weighted log-rank test and sample size for comparing two-stage adaptive treatment strategies"
[3] "B\\\"urmann expansion and test for additivity"                                                        
[4] "Rank-based extensions of the {B}rock, {D}echert, and {S}cheinkman test"                               
[5] "Asymptotic local efficiency of {C}ram\\'er-von {M}ises tests for multivariate independence"           
[6] "A note on lack-of-fit tests for linear models without replication"                                    
[7] "Sobolev tests of goodness of fit of distributions on compact {R}iemannian manifolds"                  
[8] "Goodness-of-fit tests based on maximum correlations and their orthogonal decompositions"              
[1] "########## topic 15 ##############"
[1] "##### top positive words:"
[1] "methods"    "chain"      "algorithms" "markov"     "monte"     
[6] "carlo"      "sampling"   "algorithm" 
[1] "##### top document titles:"
[1] "Riemann manifold {L}angevin and {H}amiltonian {M}onte {C}arlo methods"                            
[2] "A generalized {W}ang-{L}andau algorithm for {M}onte {C}arlo computation"                          
[3] "Ascent-based {M}onte {C}arlo expectation-maximization"                                            
[4] "Sequential {M}onte {C}arlo samplers"                                                              
[5] "Monte {C}arlo estimation for nonlinear non-{G}aussian state space models"                         
[6] "Multiprocess parallel antithetic coupling for backward and forward {M}arkov chain {M}onte {C}arlo"
[7] "Particle {M}arkov chain {M}onte {C}arlo methods"                                                  
[8] "Independent particle filters"                                                                     
[1] "########## topic 16 ##############"
[1] "##### top positive words:"
[1] "response"   "model"      "can"        "covariate"  "variables" 
[6] "missing"    "data"       "covariates"
[1] "##### top document titles:"
[1] "The prognostic analogue of the propensity score"                                                                  
[2] "An ``unfolding'' latent variable model for {L}ikert attitude data: drawing inferences adjusted for response style"
[3] "The analysis of randomized response sum score variables"                                                          
[4] "Calibrated imputation in surveys under a quasi-model-assisted approach"                                           
[5] "Combining data from two independent surveys: a model-assisted approach"                                           
[6] "Correcting for survey nonresponse using variable response propensity"                                             
[7] "Using calibration weighting to adjust for nonresponse under a plausible model"                                    
[8] "Using calibration weighting to adjust for nonignorable unit nonresponse"                                          
[1] "########## topic 17 ##############"
[1] "##### top positive words:"
[1] "estimation" "simulation" "procedure"  "methods"    "propose"   
[6] "data"       "proposed"   "method"    
[1] "##### top document titles:"
[1] "Generalized empirical likelihood methods for analyzing longitudinal data"                         
[2] "Probability-based {L}atin hypercube designs for slid-rectangular regions"                         
[3] "Tree-structured wavelet estimation in a mixed effects model for spectra of replicated time series"
[4] "A sequential smoothing algorithm with linear computational cost"                                  
[5] "Mobius-like mappings and their use in kernel density estimation"                                  
[6] "Efficient {R}obbins-{M}onro procedure for binary data"                                            
[7] "Empirical likelihood and quantile regression in longitudinal data analysis"                       
[8] "Testing independence for bivariate current status data"                                           
[1] "########## topic 18 ##############"
[1] "##### top positive words:"
[1] "shape"      "clustering" "principal"  "component"  "analysis"  
[6] "components" "data"       "functional"
[1] "##### top document titles:"
[1] "Directions and projective shapes"                                    
[2] "Clustering for sparsely sampled functional data"                     
[3] "Combining registration and fitting for functional models"            
[4] "Object oriented data analysis: sets of trees"                        
[5] "Mixed-model functional {ANOVA} for studying human tactile perception"
[6] "On multilinear principal component analysis of order-two tensors"    
[7] "Principal components analysis in the space of phylogenetic trees"    
[8] "Analysis of principal nested spheres"                                
[1] "########## topic 19 ##############"
[1] "##### top positive words:"
[1] "normal"        "marginal"      "family"        "given"        
[5] "density"       "conditional"   "distributions" "distribution" 
[1] "##### top document titles:"
[1] "Modelling directional dispersion through hyperspherical log-splines"                                              
[2] "A general condition for avoiding effect reversal after marginalization"                                           
[3] "A family of distributions on the circle with links to, and applications arising from, {M}\\\"obius transformation"
[4] "Asymptotic data analysis on manifolds"                                                                            
[5] "Distributions generated by perturbation of symmetry with emphasis on a multivariate skew {$t$}-distribution"      
[6] "A family of symmetric distributions on the circle"                                                                
[7] "Multivariate distributions with support above the diagonal"                                                       
[8] "Sinh-arcsinh distributions"                                                                                       
[1] "########## topic 20 ##############"
[1] "##### top positive words:"
[1] "class"       "effects"     "parametric"  "generalized" "parameters" 
[6] "linear"      "models"      "model"      
[1] "##### top document titles:"
[1] "A proportional likelihood ratio model"                                                       
[2] "Semiparametric inference in generalized mixed effects models"                                
[3] "A negative binomial model for time series of counts"                                         
[4] "A hybrid estimator in nonlinear and generalised linear mixed effects models"                 
[5] "Estimated estimating equations: semiparametric inference for clustered and longitudinal data"
[6] "Nested generalized linear mixed models: an orthodox best linear unbiased predictor approach" 
[7] "Conditional and marginal association for binary random variables"                            
[8] "Generalised structured models"                                                               
[1] "########## topic 21 ##############"
[1] "##### top positive words:"
[1] "samples" "can"     "finite"  "small"   "size"    "large"   "number" 
[8] "sample" 
[1] "##### top document titles:"
[1] "Large-scale correlation screening"                                                                   
[2] "Heteroscedastic one-way {ANOVA} and lack-of-fit tests"                                               
[3] "Asymptotic behaviour of the posterior distribution in overfitted mixture models"                     
[4] "Modeling the variability of rankings"                                                                
[5] "Testing for complete independence in high dimensions"                                                
[6] "Cram\\'er-type large deviations for samples from a finite population"                                
[7] "Finite sample approximation results for principal component analysis: a matrix perturbation approach"
[8] "Positive association among three binary variables and cross-product ratios"                          
[1] "########## topic 22 ##############"
[1] "##### top positive words:"
[1] "estimation" "nuisance"   "empirical"  "ratio"      "maximum"   
[6] "parameters" "parameter"  "likelihood"
[1] "##### top document titles:"
[1] "Modified profile likelihoods in models with stratum nuisance parameters"                           
[2] "A note on profile likelihood for exponential tilt mixture models"                                  
[3] "Marginal likelihood, conditional likelihood and empirical likelihood: connections and applications"
[4] "A note on the prospective analysis of outcome-dependent samples"                                   
[5] "Efficient estimation of {B}anach parameters in semiparametric models"                              
[6] "Integrated likelihood functions for non-{B}ayesian inference"                                      
[7] "Likelihood ratio statistics based on an integrated likelihood"                                     
[8] "On {B}artlett correction of empirical likelihood in the presence of nuisance parameters"           
[1] "########## topic 23 ##############"
[1] "##### top positive words:"
[1] "dependence" "online"     "measures"   "approach"   "modeling"  
[6] "article"    "spatial"    "data"      
[1] "##### top document titles:"
[1] "Hierarchical clustering with prototypes via minimax linkage"                            
[2] "Likelihood-based inference for max-stable processes"                                    
[3] "Spatiotemporal models for region of interest analyses of functional neuroimaging data"  
[4] "Testing the covariance structure of multivariate random fields"                         
[5] "Diagnostics for dependence within time series extremes"                                 
[6] "Bayesian influence analysis: a geometric approach"                                      
[7] "Bivariate binomial spatial modeling of {\\it {L}oa loa} prevalence in tropical {A}frica"
[8] "Perturbation and scaled {C}ook's distance"                                              
[1] "########## topic 24 ##############"
[1] "##### top positive words:"
[1] "noise"       "minimax"     "bounds"      "risk"        "adaptive"   
[6] "rates"       "convergence" "rate"       
[1] "##### top document titles:"
[1] "Nonlinear estimation for linear inverse problems with error in the operator"
[2] "Optimal adaptive estimation of a quadratic functional"                      
[3] "Optimal change-point estimation from indirect observations"                 
[4] "Periodic boxcar deconvolution and {D}iophantine approximation"              
[5] "Fast learning rates for plug-in classifiers"                                
[6] "Global uniform risk bounds for wavelet deconvolution estimators"            
[7] "Empirical risk minimization in inverse problems"                            
[8] "Thresholding estimators for linear inverse problems and deconvolutions"     
[1] "########## topic 25 ##############"
[1] "##### top positive words:"
[1] "model"         "distributions" "priors"        "bayes"        
[5] "mixture"       "posterior"     "prior"         "bayesian"     
[1] "##### top document titles:"
[1] "Nonsubjective priors via predictive relative entropy regret"                           
[2] "Extending conventional priors for testing general hypotheses in linear models"         
[3] "Hierarchical mixture modeling with normalized inverse-{G}aussian priors"               
[4] "Posterior propriety and admissibility of hyperpriors in normal hierarchical models"    
[5] "Objective priors for the bivariate normal model"                                       
[6] "Generalization of {J}effreys divergence-based priors for {B}ayesian hypothesis testing"
[7] "Simultaneous prediction of independent {P}oisson observables"                          
[8] "Shrinkage priors for {B}ayesian prediction"                                            
[1] "########## topic 26 ##############"
[1] "##### top positive words:"
[1] "empirical"      "regions"        "approximations" "interval"      
[5] "intervals"      "approximation"  "bootstrap"      "confidence"    
[1] "##### top document titles:"
[1] "Minimum area confidence set optimality for confidence bands in simple linear regression"  
[2] "Expected lengths of confidence intervals based on empirical discrepancy statistics"       
[3] "Calibrated interpolated confidence intervals for population quantiles"                    
[4] "Iterated smoothed bootstrap confidence intervals for population quantiles"                
[5] "Saddlepoint approximations for the {B}ingham and {F}isher-{B}ingham normalising constants"
[6] "Empirical {B}ayes confidence intervals shrinking both means and variances"                
[7] "Double block bootstrap confidence intervals for dependent data"                           
[8] "Simes' procedure is `valid on average'"                                                   
[1] "########## topic 27 ##############"
[1] "##### top positive words:"
[1] "measurement" "quantile"    "prediction"  "kernel"      "errors"     
[6] "smoothing"   "local"       "error"      
[1] "##### top document titles:"
[1] "From finite sample to asymptotics: a geometric bridge for selection criteria in spline regression"
[2] "Small area estimation when auxiliary information is measured with error"                          
[3] "A simple smooth backfitting method for additive models"                                           
[4] "Bandwidth selection in local polynomial regression using eigenvalues"                             
[5] "A note on kernel polygons"                                                                        
[6] "Density estimation in the presence of heteroscedastic measurement error"                          
[7] "Backfitting and smooth backfitting for additive quantile models"                                  
[8] "Smooth location-dependent bandwidth selection for local polynomial regression"                    
[1] "########## topic 28 ##############"
[1] "##### top positive words:"
[1] "variables" "penalty"   "penalized" "lasso"     "criterion" "model"    
[7] "variable"  "selection"
[1] "##### top document titles:"
[1] "Tuning parameter selectors for the smoothly clipped absolute deviation method"
[2] "On the non-negative garrote estimator"                                        
[3] "Regularization and variable selection via the elastic net"                    
[4] "Regularization parameter selections via generalized information criterion"    
[5] "A generalized {D}antzig selector with shrinkage tuning"                       
[6] "A group bridge approach for variable selection"                               
[7] "Adaptive regularization using the entire solution surface"                    
[8] "The adaptive lasso and its oracle properties"                                 
[1] "########## topic 29 ##############"
[1] "##### top positive words:"
[1] "factors"      "construction" "minimum"      "orthogonal"   "statist"     
[6] "design"       "experiments"  "designs"     
[1] "##### top document titles:"
[1] "Geometric isomorphism and minimum aberration for factorial designs with quantitative factors" 
[2] "Doubling and projection: a method of constructing two-level designs of resolution {IV}"       
[3] "Blocked regular fractional factorial designs with minimum aberration"                         
[4] "Sliced space-filling designs"                                                                 
[5] "Orthogonal arrays robust to nonnegligible two-factor interactions"                            
[6] "Some nonregular designs from the {N}ordstrom-{R}obinson code and their statistical properties"
[7] "A complementary design theory for doubling"                                                   
[8] "Generalised minimum aberration construction results for symmetrical orthogonal arrays"        
[1] "########## topic 30 ##############"
[1] "##### top positive words:"
[1] "less"        "sequential"  "rules"       "equal"       "designs"    
[6] "probability" "design"      "optimal"    
[1] "##### top document titles:"
[1] "Optimal designs for rational function regression"                                                
[2] "Implementing optimal allocation in sequential binary response experiments"                       
[3] "Optimal adaptive randomized designs for clinical trials"                                         
[4] "Optimal and efficient crossover designs for comparing test treatments with a control treatment"  
[5] "Universal optimality of {P}atterson's crossover designs"                                         
[6] "Optimal crossover designs for two treatments in the presence of mixed and self-carryover effects"
[7] "Optimality of the {CUSUM} procedure in continuous time"                                          
[8] "Universal optimality for selected crossover designs"                                             
